(03:10:15.6199)[Debug] Application[1]: Configured file logging for 'Debug' and higher to /home/alienatedmammal/serverfiles/oxide/logs/compiler_2023-09-09.log
(03:10:15.6560)[Info] Application[1]: Watching parent process ([51192] RustDedicated) for shutdown
(03:10:15.6597)[Debug] Application[1]: Hooked into standard input/output for interprocess communication
(03:10:15.6597)[Info] Application[1]: Compiler startup complete
(03:10:17.8187)[Debug] CSharpLanguage[1]: C# for .NETCoreApp,Version=v7.0 Initialized!
(03:10:17.8187)[Debug] Application[4]: Starting compile job 0
(03:10:17.8187)[Info] CSharpLanguage[4]: ====== Compilation Job 0 ======
(03:10:17.8357)[Debug] CSharpLanguage[4]: Encoding: utf-8, Target: Preview, Output: DynamicallyLinkedLibrary, Optimize: True
== Source Files (44) ==
[529] /home/alienatedmammal/serverfiles/oxide/plugins/AdminAntiHackFix.cs, [18950] /home/alienatedmammal/serverfiles/oxide/plugins/AdminHammer.cs, [4663] /home/alienatedmammal/serverfiles/oxide/plugins/AdminNoLoot.cs, [204603] /home/alienatedmammal/serverfiles/oxide/plugins/AdminRadar.cs, [65409] /home/alienatedmammal/serverfiles/oxide/plugins/AutomatedEvents.cs, [26793] /home/alienatedmammal/serverfiles/oxide/plugins/BGrade.cs, [1928] /home/alienatedmammal/serverfiles/oxide/plugins/BanDeleteBy.cs, [40440] /home/alienatedmammal/serverfiles/oxide/plugins/BetterChat.cs, [4599] /home/alienatedmammal/serverfiles/oxide/plugins/BetterChatFlood.cs, [3068] /home/alienatedmammal/serverfiles/oxide/plugins/BetterSay.cs, [21296] /home/alienatedmammal/serverfiles/oxide/plugins/BlueprintManager.cs, [1989] /home/alienatedmammal/serverfiles/oxide/plugins/BodiesToBags.cs, [40680] /home/alienatedmammal/serverfiles/oxide/plugins/BuildingSkins.cs, [725] /home/alienatedmammal/serverfiles/oxide/plugins/BypassQueue.cs, [57063] /home/alienatedmammal/serverfiles/oxide/plugins/ColouredChat.cs, [128825] /home/alienatedmammal/serverfiles/oxide/plugins/CopyPaste.cs, [2133] /home/alienatedmammal/serverfiles/oxide/plugins/CustomIcon.cs, [23327] /home/alienatedmammal/serverfiles/oxide/plugins/DiscordReport.cs, [14405] /home/alienatedmammal/serverfiles/oxide/plugins/DiscordStatus.cs, [2644] /home/alienatedmammal/serverfiles/oxide/plugins/FireworkGun.cs, [15463] /home/alienatedmammal/serverfiles/oxide/plugins/Freeze.cs, [53120] /home/alienatedmammal/serverfiles/oxide/plugins/ImageLibrary.cs, [6223] /home/alienatedmammal/serverfiles/oxide/plugins/InfiniteAmmo.cs, [19145] /home/alienatedmammal/serverfiles/oxide/plugins/InventoryViewer.cs, [146730] /home/alienatedmammal/serverfiles/oxide/plugins/Kits.cs, [9810] /home/alienatedmammal/serverfiles/oxide/plugins/LoadingMessages.cs, [7786] /home/alienatedmammal/serverfiles/oxide/plugins/MagicImagesPanel.cs, [14678] /home/alienatedmammal/serverfiles/oxide/plugins/MagicMessagePanel.cs, [45930] /home/alienatedmammal/serverfiles/oxide/plugins/MagicPanel.cs, [466] /home/alienatedmammal/serverfiles/oxide/plugins/NoGiveNotices.cs, [175960] /home/alienatedmammal/serverfiles/oxide/plugins/Payback.cs, [75326] /home/alienatedmammal/serverfiles/oxide/plugins/PermissionsManager.cs, [191574] /home/alienatedmammal/serverfiles/oxide/plugins/PlayerAdministration.cs, [257292] /home/alienatedmammal/serverfiles/oxide/plugins/Rustcord.cs, [42965] /home/alienatedmammal/serverfiles/oxide/plugins/ServerInfo.cs, [798] /home/alienatedmammal/serverfiles/oxide/plugins/ServerPop.cs, [44134] /home/alienatedmammal/serverfiles/oxide/plugins/Skins.cs, [11302] /home/alienatedmammal/serverfiles/oxide/plugins/SkipNightVote.cs, [26380] /home/alienatedmammal/serverfiles/oxide/plugins/SmartChatBot.cs, [11301] /home/alienatedmammal/serverfiles/oxide/plugins/TimeOfDay.cs, [7878] /home/alienatedmammal/serverfiles/oxide/plugins/TimedExecute.cs, [17059] /home/alienatedmammal/serverfiles/oxide/plugins/UFilter.cs, [32029] /home/alienatedmammal/serverfiles/oxide/plugins/Vanish.cs, [13955] /home/alienatedmammal/serverfiles/oxide/plugins/Welcomer.cs
== Reference Files (56) ==
[1306624] Assembly-CSharp-firstpass.dll, [4621312] Assembly-CSharp.dll, [20992] Facepunch.Console.dll, [42496] Facepunch.Network.dll, [16384] Facepunch.Sqlite.dll, [556032] Facepunch.Steamworks.Posix.dll, [55296] Facepunch.System.dll, [67072] Facepunch.Unity.dll, [111616] Facepunch.UnityEngine.dll, [443392] MySql.Data.dll, [101376] Oxide.CSharp.dll, [188928] Oxide.Core.dll, [381440] Oxide.Ext.Discord.dll, [20480] Oxide.MySql.dll, [1419264] Oxide.References.dll, [93696] Oxide.Rust.dll, [20992] Oxide.SQLite.dll, [10240] Oxide.Unity.dll, [50176] Rust.Clans.Local.dll, [9216] Rust.Clans.dll, [1040896] Rust.Data.dll, [16896] Rust.FileSystem.dll, [70144] Rust.Global.dll, [4096] Rust.Localization.dll, [15872] Rust.Platform.Common.dll, [22016] Rust.Platform.Steam.dll, [5632] Rust.Platform.dll, [438272] Rust.Workshop.dll, [10240] Rust.World.dll, [1046016] System.Core.dll, [286720] System.Data.SQLite.dll, [2081280] System.Data.dll, [481280] System.Drawing.dll, [3138048] System.Xml.dll, [2715136] System.dll, [44032] UnityEngine.AIModule.dll, [20992] UnityEngine.AssetBundleModule.dll, [1004544] UnityEngine.CoreModule.dll, [13824] UnityEngine.GridModule.dll, [12288] UnityEngine.ImageConversionModule.dll, [87040] UnityEngine.PhysicsModule.dll, [19456] UnityEngine.SharedInternalsModule.dll, [80384] UnityEngine.TerrainModule.dll, [9728] UnityEngine.TerrainPhysicsModule.dll, [27648] UnityEngine.TextRenderingModule.dll, [223232] UnityEngine.UI.dll, [724480] UnityEngine.UIElementsModule.dll, [22528] UnityEngine.UIModule.dll, [11264] UnityEngine.UnityWebRequestAudioModule.dll, [43008] UnityEngine.UnityWebRequestModule.dll, [10752] UnityEngine.UnityWebRequestTextureModule.dll, [19968] UnityEngine.UnityWebRequestWWWModule.dll, [12288] UnityEngine.VehiclesModule.dll, [84992] UnityEngine.dll, [4072448] mscorlib.dll, [84992] netstandard.dll

(03:10:17.8357)[Debug] CSharpLanguage[4]: Adding project reference: Assembly-CSharp-firstpass.dll
(03:10:17.8425)[Debug] CSharpLanguage[4]: Adding project reference: Assembly-CSharp.dll
(03:10:17.8454)[Debug] CSharpLanguage[4]: Adding project reference: Facepunch.Console.dll
(03:10:17.8454)[Debug] CSharpLanguage[4]: Adding project reference: Facepunch.Network.dll
(03:10:17.8454)[Debug] CSharpLanguage[4]: Adding project reference: Facepunch.Sqlite.dll
(03:10:17.8454)[Debug] CSharpLanguage[4]: Adding project reference: Facepunch.Steamworks.Posix.dll
(03:10:17.8454)[Debug] CSharpLanguage[4]: Adding project reference: Facepunch.System.dll
(03:10:17.8454)[Debug] CSharpLanguage[4]: Adding project reference: Facepunch.Unity.dll
(03:10:17.8454)[Debug] CSharpLanguage[4]: Adding project reference: Facepunch.UnityEngine.dll
(03:10:17.8454)[Debug] CSharpLanguage[4]: Adding project reference: MySql.Data.dll
(03:10:17.8454)[Debug] CSharpLanguage[4]: Adding project reference: Oxide.CSharp.dll
(03:10:17.8454)[Debug] CSharpLanguage[4]: Adding project reference: Oxide.Core.dll
(03:10:17.8467)[Debug] CSharpLanguage[4]: Adding project reference: Oxide.Ext.Discord.dll
(03:10:17.8467)[Debug] CSharpLanguage[4]: Adding project reference: Oxide.MySql.dll
(03:10:17.8467)[Debug] CSharpLanguage[4]: Adding project reference: Oxide.References.dll
(03:10:17.8467)[Debug] CSharpLanguage[4]: Adding project reference: Oxide.Rust.dll
(03:10:17.8467)[Debug] CSharpLanguage[4]: Adding project reference: Oxide.SQLite.dll
(03:10:17.8467)[Debug] CSharpLanguage[4]: Adding project reference: Oxide.Unity.dll
(03:10:17.8467)[Debug] CSharpLanguage[4]: Adding project reference: Rust.Clans.Local.dll
(03:10:17.8467)[Debug] CSharpLanguage[4]: Adding project reference: Rust.Clans.dll
(03:10:17.8467)[Debug] CSharpLanguage[4]: Adding project reference: Rust.Data.dll
(03:10:17.8467)[Debug] CSharpLanguage[4]: Adding project reference: Rust.FileSystem.dll
(03:10:17.8467)[Debug] CSharpLanguage[4]: Adding project reference: Rust.Global.dll
(03:10:17.8467)[Debug] CSharpLanguage[4]: Adding project reference: Rust.Localization.dll
(03:10:17.8467)[Debug] CSharpLanguage[4]: Adding project reference: Rust.Platform.Common.dll
(03:10:17.8467)[Debug] CSharpLanguage[4]: Adding project reference: Rust.Platform.Steam.dll
(03:10:17.8467)[Debug] CSharpLanguage[4]: Adding project reference: Rust.Platform.dll
(03:10:17.8467)[Debug] CSharpLanguage[4]: Adding project reference: Rust.Workshop.dll
(03:10:17.8467)[Debug] CSharpLanguage[4]: Adding project reference: Rust.World.dll
(03:10:17.8467)[Debug] CSharpLanguage[4]: Adding project reference: System.Core.dll
(03:10:17.8467)[Debug] CSharpLanguage[4]: Adding project reference: System.Data.SQLite.dll
(03:10:17.8467)[Debug] CSharpLanguage[4]: Adding project reference: System.Data.dll
(03:10:17.8517)[Debug] CSharpLanguage[4]: Adding project reference: System.Drawing.dll
(03:10:17.8517)[Debug] CSharpLanguage[4]: Adding project reference: System.Xml.dll
(03:10:17.8517)[Debug] CSharpLanguage[4]: Adding project reference: System.dll
(03:10:17.8559)[Debug] CSharpLanguage[4]: Adding project reference: UnityEngine.AIModule.dll
(03:10:17.8559)[Debug] CSharpLanguage[4]: Adding project reference: UnityEngine.AssetBundleModule.dll
(03:10:17.8559)[Debug] CSharpLanguage[4]: Adding project reference: UnityEngine.CoreModule.dll
(03:10:17.8559)[Debug] CSharpLanguage[4]: Adding project reference: UnityEngine.GridModule.dll
(03:10:17.8559)[Debug] CSharpLanguage[4]: Adding project reference: UnityEngine.ImageConversionModule.dll
(03:10:17.8559)[Debug] CSharpLanguage[4]: Adding project reference: UnityEngine.PhysicsModule.dll
(03:10:17.8559)[Debug] CSharpLanguage[4]: Adding project reference: UnityEngine.SharedInternalsModule.dll
(03:10:17.8559)[Debug] CSharpLanguage[4]: Adding project reference: UnityEngine.TerrainModule.dll
(03:10:17.8559)[Debug] CSharpLanguage[4]: Adding project reference: UnityEngine.TerrainPhysicsModule.dll
(03:10:17.8559)[Debug] CSharpLanguage[4]: Adding project reference: UnityEngine.TextRenderingModule.dll
(03:10:17.8559)[Debug] CSharpLanguage[4]: Adding project reference: UnityEngine.UI.dll
(03:10:17.8559)[Debug] CSharpLanguage[4]: Adding project reference: UnityEngine.UIElementsModule.dll
(03:10:17.8559)[Debug] CSharpLanguage[4]: Adding project reference: UnityEngine.UIModule.dll
(03:10:17.8559)[Debug] CSharpLanguage[4]: Adding project reference: UnityEngine.UnityWebRequestAudioModule.dll
(03:10:17.8559)[Debug] CSharpLanguage[4]: Adding project reference: UnityEngine.UnityWebRequestModule.dll
(03:10:17.8559)[Debug] CSharpLanguage[4]: Adding project reference: UnityEngine.UnityWebRequestTextureModule.dll
(03:10:17.8559)[Debug] CSharpLanguage[4]: Adding project reference: UnityEngine.UnityWebRequestWWWModule.dll
(03:10:17.8559)[Debug] CSharpLanguage[4]: Adding project reference: UnityEngine.VehiclesModule.dll
(03:10:17.8559)[Debug] CSharpLanguage[4]: Adding project reference: UnityEngine.dll
(03:10:17.8559)[Debug] CSharpLanguage[4]: Adding project reference: mscorlib.dll
(03:10:17.8608)[Debug] CSharpLanguage[4]: Adding project reference: netstandard.dll
(03:10:17.8651)[Debug] CSharpLanguage[4]: Parsing source files using C# Preview with encoding utf-8
(03:10:17.9695)[Debug] CSharpLanguage[4]: Added C# file AdminAntiHackFix.cs to the project
(03:10:18.0339)[Debug] CSharpLanguage[4]: Added C# file AdminHammer.cs to the project
(03:10:18.0430)[Debug] CSharpLanguage[4]: Added C# file AdminNoLoot.cs to the project
(03:10:18.1475)[Debug] CSharpLanguage[4]: Added C# file AdminRadar.cs to the project
(03:10:18.1610)[Debug] CSharpLanguage[4]: Added C# file AutomatedEvents.cs to the project
(03:10:18.1661)[Debug] CSharpLanguage[4]: Added C# file BGrade.cs to the project
(03:10:18.1668)[Debug] CSharpLanguage[4]: Added C# file BanDeleteBy.cs to the project
(03:10:18.1822)[Debug] CSharpLanguage[4]: Added C# file BetterChat.cs to the project
(03:10:18.1832)[Debug] CSharpLanguage[4]: Added C# file BetterChatFlood.cs to the project
(03:10:18.1832)[Debug] CSharpLanguage[4]: Added C# file BetterSay.cs to the project
(03:10:18.1877)[Debug] CSharpLanguage[4]: Added C# file BlueprintManager.cs to the project
(03:10:18.1877)[Debug] CSharpLanguage[4]: Added C# file BodiesToBags.cs to the project
(03:10:18.2001)[Debug] CSharpLanguage[4]: Added C# file BuildingSkins.cs to the project
(03:10:18.2001)[Debug] CSharpLanguage[4]: Added C# file BypassQueue.cs to the project
(03:10:18.2103)[Debug] CSharpLanguage[4]: Added C# file ColouredChat.cs to the project
(03:10:18.2323)[Debug] CSharpLanguage[4]: Added C# file CopyPaste.cs to the project
(03:10:18.2323)[Debug] CSharpLanguage[4]: Added C# file CustomIcon.cs to the project
(03:10:18.2367)[Debug] CSharpLanguage[4]: Added C# file DiscordReport.cs to the project
(03:10:18.2403)[Debug] CSharpLanguage[4]: Added C# file DiscordStatus.cs to the project
(03:10:18.2403)[Debug] CSharpLanguage[4]: Added C# file FireworkGun.cs to the project
(03:10:18.2445)[Debug] CSharpLanguage[4]: Added C# file Freeze.cs to the project
(03:10:18.2662)[Debug] CSharpLanguage[4]: Added C# file ImageLibrary.cs to the project
(03:10:18.2676)[Debug] CSharpLanguage[4]: Added C# file InfiniteAmmo.cs to the project
(03:10:18.2716)[Debug] CSharpLanguage[4]: Added C# file InventoryViewer.cs to the project
(03:10:18.3023)[Debug] CSharpLanguage[4]: Added C# file Kits.cs to the project
(03:10:18.3041)[Debug] CSharpLanguage[4]: Added C# file LoadingMessages.cs to the project
(03:10:18.3041)[Debug] CSharpLanguage[4]: Added C# file MagicImagesPanel.cs to the project
(03:10:18.3081)[Debug] CSharpLanguage[4]: Added C# file MagicMessagePanel.cs to the project
(03:10:18.3178)[Debug] CSharpLanguage[4]: Added C# file MagicPanel.cs to the project
(03:10:18.3178)[Debug] CSharpLanguage[4]: Added C# file NoGiveNotices.cs to the project
(03:10:18.3525)[Debug] CSharpLanguage[4]: Added C# file Payback.cs to the project
(03:10:18.3714)[Debug] CSharpLanguage[4]: Added C# file PermissionsManager.cs to the project
(03:10:18.4494)[Debug] CSharpLanguage[4]: Added C# file PlayerAdministration.cs to the project
(03:10:18.4889)[Debug] CSharpLanguage[4]: Added C# file Rustcord.cs to the project
(03:10:18.4957)[Debug] CSharpLanguage[4]: Added C# file ServerInfo.cs to the project
(03:10:18.4957)[Debug] CSharpLanguage[4]: Added C# file ServerPop.cs to the project
(03:10:18.5035)[Debug] CSharpLanguage[4]: Added C# file Skins.cs to the project
(03:10:18.5035)[Debug] CSharpLanguage[4]: Added C# file SkipNightVote.cs to the project
(03:10:18.5112)[Debug] CSharpLanguage[4]: Added C# file SmartChatBot.cs to the project
(03:10:18.5112)[Debug] CSharpLanguage[4]: Added C# file TimeOfDay.cs to the project
(03:10:18.5161)[Debug] CSharpLanguage[4]: Added C# file TimedExecute.cs to the project
(03:10:18.5194)[Debug] CSharpLanguage[4]: Added C# file UFilter.cs to the project
(03:10:18.5250)[Debug] CSharpLanguage[4]: Added C# file Vanish.cs to the project
(03:10:18.5277)[Debug] CSharpLanguage[4]: Added C# file Welcomer.cs to the project
(03:10:18.8072)[Debug] OxideResolver[4]: Found from libraries directory: [Size: 84992] netstandard.dll
(03:10:18.8072)[Debug] OxideResolver[4]: Found from libraries directory: [Size: 84992] UnityEngine.dll
(03:10:18.8072)[Debug] OxideResolver[4]: Found from libraries directory: [Size: 19968] UnityEngine.UnityWebRequestWWWModule.dll
(03:10:18.8108)[Debug] OxideResolver[4]: Found from libraries directory: [Size: 11264] UnityEngine.UnityWebRequestAudioModule.dll
(03:10:18.8108)[Debug] OxideResolver[4]: Found from libraries directory: [Size: 724480] UnityEngine.UIElementsModule.dll
(03:10:18.8108)[Debug] OxideResolver[4]: Found from libraries directory: [Size: 223232] UnityEngine.UI.dll
(03:10:18.8108)[Debug] OxideResolver[4]: Found from libraries directory: [Size: 2715136] System.dll
(03:10:18.8108)[Debug] OxideResolver[4]: Found from libraries directory: [Size: 3138048] System.Xml.dll
(03:10:18.8108)[Debug] OxideResolver[4]: Found from libraries directory: [Size: 2081280] System.Data.dll
(03:10:18.8157)[Debug] OxideResolver[4]: Found from libraries directory: [Size: 286720] System.Data.SQLite.dll
(03:10:18.8157)[Debug] OxideResolver[4]: Found from libraries directory: [Size: 1046016] System.Core.dll
(03:10:18.8157)[Debug] OxideResolver[4]: Found from libraries directory: [Size: 10240] Rust.World.dll
(03:10:18.8157)[Debug] OxideResolver[4]: Found from libraries directory: [Size: 438272] Rust.Workshop.dll
(03:10:18.8157)[Debug] OxideResolver[4]: Found from libraries directory: [Size: 70144] Rust.Global.dll
(03:10:18.8157)[Debug] OxideResolver[4]: Found from libraries directory: [Size: 1040896] Rust.Data.dll
(03:10:18.8157)[Debug] OxideResolver[4]: Found from libraries directory: [Size: 9216] Rust.Clans.dll
(03:10:18.8157)[Debug] OxideResolver[4]: Found from libraries directory: [Size: 50176] Rust.Clans.Local.dll
(03:10:18.8157)[Debug] OxideResolver[4]: Found from libraries directory: [Size: 1419264] Oxide.References.dll
(03:10:18.8189)[Debug] OxideResolver[4]: Found from libraries directory: [Size: 443392] MySql.Data.dll
(03:10:18.8189)[Debug] OxideResolver[4]: Found from libraries directory: [Size: 111616] Facepunch.UnityEngine.dll
(03:10:18.8189)[Debug] OxideResolver[4]: Found from libraries directory: [Size: 67072] Facepunch.Unity.dll
(03:10:18.8189)[Debug] OxideResolver[4]: Found from libraries directory: [Size: 42496] Facepunch.Network.dll
(03:10:18.8189)[Debug] OxideResolver[4]: Found from libraries directory: [Size: 20992] Facepunch.Console.dll
(03:10:18.8189)[Debug] OxideResolver[4]: Found from libraries directory: [Size: 4621312] Assembly-CSharp.dll
(03:10:18.8189)[Debug] OxideResolver[4]: Found from libraries directory: [Size: 1306624] Assembly-CSharp-firstpass.dll
(03:10:19.0783)[Info] CSharpLanguage[4]: Adding compiler generated classes: System.Diagnostics.CodeAnalysis.AllowNullAttribute.g.cs, System.Diagnostics.CodeAnalysis.DisallowNullAttribute.g.cs, System.Diagnostics.CodeAnalysis.DoesNotReturnAttribute.g.cs, System.Diagnostics.CodeAnalysis.DoesNotReturnIfAttribute.g.cs, System.Diagnostics.CodeAnalysis.MaybeNullAttribute.g.cs, System.Diagnostics.CodeAnalysis.MaybeNullWhenAttribute.g.cs, System.Diagnostics.CodeAnalysis.MemberNotNullAttribute.g.cs, System.Diagnostics.CodeAnalysis.MemberNotNullWhenAttribute.g.cs, System.Diagnostics.CodeAnalysis.NotNullAttribute.g.cs, System.Diagnostics.CodeAnalysis.NotNullIfNotNullAttribute.g.cs, System.Diagnostics.CodeAnalysis.NotNullWhenAttribute.g.cs, System.Diagnostics.CodeAnalysis.SetsRequiredMembersAttribute.g.cs, System.Diagnostics.CodeAnalysis.StringSyntaxAttribute.g.cs, System.Diagnostics.CodeAnalysis.UnscopedRefAttribute.g.cs, System.Index.g.cs, System.Range.g.cs, System.Runtime.CompilerServices.CallerArgumentExpressionAttribute.g.cs, System.Runtime.CompilerServices.CompilerFeatureRequiredAttribute.g.cs, System.Runtime.CompilerServices.InterpolatedStringHandlerArgumentAttribute.g.cs, System.Runtime.CompilerServices.InterpolatedStringHandlerAttribute.g.cs, System.Runtime.CompilerServices.IsExternalInit.g.cs, System.Runtime.CompilerServices.ModuleInitializerAttribute.g.cs, System.Runtime.CompilerServices.RequiredMemberAttribute.g.cs, System.Runtime.CompilerServices.SkipLocalsInitAttribute.g.cs, System.Runtime.Versioning.RequiresPreviewFeaturesAttribute.g.cs
(03:10:22.7417)[Info] CSharpLanguage[4]: ==== Compilation Finished 0 | Success ====
(03:12:29.7205)[Info] Application[2]: Termination request has been received from compiler stream
