2023-12-05 03:01:30.838 -06:00 [INF] Starting compiler v1.0.22.0. . .
2023-12-05 03:01:30.859 -06:00 [INF] Minimal logging level is set to Debug
2023-12-05 03:01:30.867 -06:00 [INF] Watching parent process ([3158] RustDedicated) for shutdown
2023-12-05 03:01:30.868 -06:00 [DBG] Started message server. . .
2023-12-05 03:01:30.868 -06:00 [INF] Message server has started
2023-12-05 03:01:32.869 -06:00 [INF] Sent ready message to parent process
2023-12-05 03:01:32.871 -06:00 [DBG] Compiler has started successfully and is awaiting jobs. . .
2023-12-05 03:01:33.068 -06:00 [DBG] Received compile job 0 | Plugins: 47, References: 57
2023-12-05 03:01:33.880 -06:00 [INF] Starting compilation of job 0 | Total Plugins: 47
2023-12-05 03:01:33.881 -06:00 [DBG] Settings[Encoding: utf-8, CSVersion: Preview, Target: DynamicallyLinkedLibrary, Platform: AnyCpu, StdLib: False, Debug: False]
2023-12-05 03:01:33.925 -06:00 [DBG] Added 57 project references
2023-12-05 03:01:34.201 -06:00 [DBG] Plugin PlayerAdministration.cs is using unicode escape sequence
2023-12-05 03:01:34.290 -06:00 [DBG] Added 47 plugins to the project
2023-12-05 03:01:36.730 -06:00 [INF] Successfully compiled 47/47 plugins for job 0 in 2850ms
2023-12-05 03:01:36.730 -06:00 [DBG] Pushing job 0 back to parent
2023-12-05 03:01:36.746 -06:00 [INF] Termination request has been received from compiler stream
2023-12-05 03:01:37.729 -06:00 [INF] Termination request has been received from SIGTERM
2023-12-05 07:59:32.541 -06:00 [INF] Starting compiler v1.0.22.0. . .
2023-12-05 07:59:32.563 -06:00 [INF] Minimal logging level is set to Debug
2023-12-05 07:59:32.573 -06:00 [INF] Watching parent process ([3158] RustDedicated) for shutdown
2023-12-05 07:59:32.573 -06:00 [DBG] Started message server. . .
2023-12-05 07:59:32.574 -06:00 [INF] Message server has started
2023-12-05 07:59:34.573 -06:00 [INF] Sent ready message to parent process
2023-12-05 07:59:34.573 -06:00 [DBG] Compiler has started successfully and is awaiting jobs. . .
2023-12-05 07:59:34.694 -06:00 [DBG] Received compile job 1 | Plugins: 46, References: 57
2023-12-05 07:59:35.573 -06:00 [INF] Starting compilation of job 1 | Total Plugins: 46
2023-12-05 07:59:35.573 -06:00 [DBG] Settings[Encoding: utf-8, CSVersion: Preview, Target: DynamicallyLinkedLibrary, Platform: AnyCpu, StdLib: False, Debug: False]
2023-12-05 07:59:35.599 -06:00 [DBG] Added 57 project references
2023-12-05 07:59:35.857 -06:00 [DBG] Plugin PlayerAdministration.cs is using unicode escape sequence
2023-12-05 07:59:35.958 -06:00 [DBG] Added 46 plugins to the project
2023-12-05 07:59:38.246 -06:00 [INF] Successfully compiled 46/46 plugins for job 1 in 2673ms
2023-12-05 07:59:38.246 -06:00 [DBG] Pushing job 1 back to parent
2023-12-05 07:59:38.249 -06:00 [INF] Termination request has been received from compiler stream
2023-12-05 07:59:39.245 -06:00 [INF] Termination request has been received from SIGTERM
2023-12-05 08:01:12.560 -06:00 [INF] Starting compiler v1.0.22.0. . .
2023-12-05 08:01:12.582 -06:00 [INF] Minimal logging level is set to Debug
2023-12-05 08:01:12.592 -06:00 [INF] Watching parent process ([3158] RustDedicated) for shutdown
2023-12-05 08:01:12.593 -06:00 [DBG] Started message server. . .
2023-12-05 08:01:12.593 -06:00 [INF] Message server has started
2023-12-05 08:01:14.592 -06:00 [INF] Sent ready message to parent process
2023-12-05 08:01:14.593 -06:00 [DBG] Compiler has started successfully and is awaiting jobs. . .
2023-12-05 08:01:14.707 -06:00 [DBG] Received compile job 2 | Plugins: 1, References: 55
2023-12-05 08:01:15.594 -06:00 [INF] Starting compilation of job 2 | Total Plugins: 1
2023-12-05 08:01:15.594 -06:00 [DBG] Settings[Encoding: utf-8, CSVersion: Preview, Target: DynamicallyLinkedLibrary, Platform: AnyCpu, StdLib: False, Debug: False]
2023-12-05 08:01:15.617 -06:00 [DBG] Added 55 project references
2023-12-05 08:01:15.694 -06:00 [DBG] Added 1 plugins to the project
2023-12-05 08:01:16.735 -06:00 [INF] Successfully compiled 1/1 plugins for job 2 in 1141ms
2023-12-05 08:01:16.735 -06:00 [DBG] Pushing job 2 back to parent
2023-12-05 08:01:16.737 -06:00 [INF] Termination request has been received from compiler stream
2023-12-05 08:01:17.736 -06:00 [INF] Termination request has been received from SIGTERM
2023-12-05 08:04:01.702 -06:00 [INF] Starting compiler v1.0.22.0. . .
2023-12-05 08:04:01.723 -06:00 [INF] Minimal logging level is set to Debug
2023-12-05 08:04:01.732 -06:00 [INF] Watching parent process ([18533] RustDedicated) for shutdown
2023-12-05 08:04:01.732 -06:00 [DBG] Started message server. . .
2023-12-05 08:04:01.733 -06:00 [INF] Message server has started
2023-12-05 08:04:03.732 -06:00 [INF] Sent ready message to parent process
2023-12-05 08:04:03.733 -06:00 [DBG] Compiler has started successfully and is awaiting jobs. . .
2023-12-05 08:04:03.911 -06:00 [DBG] Received compile job 0 | Plugins: 47, References: 57
2023-12-05 08:04:04.735 -06:00 [INF] Starting compilation of job 0 | Total Plugins: 47
2023-12-05 08:04:04.735 -06:00 [DBG] Settings[Encoding: utf-8, CSVersion: Preview, Target: DynamicallyLinkedLibrary, Platform: AnyCpu, StdLib: False, Debug: False]
2023-12-05 08:04:04.760 -06:00 [DBG] Added 57 project references
2023-12-05 08:04:05.003 -06:00 [DBG] Plugin PlayerAdministration.cs is using unicode escape sequence
2023-12-05 08:04:05.112 -06:00 [DBG] Added 47 plugins to the project
2023-12-05 08:04:07.645 -06:00 [INF] Successfully compiled 47/47 plugins for job 0 in 2910ms
2023-12-05 08:04:07.645 -06:00 [DBG] Pushing job 0 back to parent
2023-12-05 08:04:07.655 -06:00 [INF] Termination request has been received from compiler stream
2023-12-05 08:04:08.644 -06:00 [INF] Termination request has been received from SIGTERM
2023-12-05 08:13:38.971 -06:00 [INF] Starting compiler v1.0.22.0. . .
2023-12-05 08:13:38.995 -06:00 [INF] Minimal logging level is set to Debug
2023-12-05 08:13:39.004 -06:00 [INF] Watching parent process ([18533] RustDedicated) for shutdown
2023-12-05 08:13:39.005 -06:00 [DBG] Started message server. . .
2023-12-05 08:13:39.006 -06:00 [INF] Message server has started
2023-12-05 08:13:41.004 -06:00 [INF] Sent ready message to parent process
2023-12-05 08:13:41.004 -06:00 [DBG] Compiler has started successfully and is awaiting jobs. . .
2023-12-05 08:13:41.250 -06:00 [DBG] Received compile job 1 | Plugins: 1, References: 55
2023-12-05 08:13:42.005 -06:00 [INF] Starting compilation of job 1 | Total Plugins: 1
2023-12-05 08:13:42.005 -06:00 [DBG] Settings[Encoding: utf-8, CSVersion: Preview, Target: DynamicallyLinkedLibrary, Platform: AnyCpu, StdLib: False, Debug: False]
2023-12-05 08:13:42.028 -06:00 [DBG] Added 55 project references
2023-12-05 08:13:42.099 -06:00 [DBG] Added 1 plugins to the project
2023-12-05 08:13:43.126 -06:00 [INF] Successfully compiled 1/1 plugins for job 1 in 1120ms
2023-12-05 08:13:43.126 -06:00 [DBG] Pushing job 1 back to parent
2023-12-05 08:13:43.127 -06:00 [INF] Termination request has been received from compiler stream
2023-12-05 08:13:44.125 -06:00 [INF] Termination request has been received from SIGTERM
2023-12-05 08:30:51.272 -06:00 [INF] Starting compiler v1.0.22.0. . .
2023-12-05 08:30:51.294 -06:00 [INF] Minimal logging level is set to Debug
2023-12-05 08:30:51.302 -06:00 [INF] Watching parent process ([25238] RustDedicated) for shutdown
2023-12-05 08:30:51.302 -06:00 [DBG] Started message server. . .
2023-12-05 08:30:51.303 -06:00 [INF] Message server has started
2023-12-05 08:30:53.304 -06:00 [INF] Sent ready message to parent process
2023-12-05 08:30:53.305 -06:00 [DBG] Compiler has started successfully and is awaiting jobs. . .
2023-12-05 08:30:53.484 -06:00 [DBG] Received compile job 0 | Plugins: 47, References: 57
2023-12-05 08:30:54.305 -06:00 [INF] Starting compilation of job 0 | Total Plugins: 47
2023-12-05 08:30:54.306 -06:00 [DBG] Settings[Encoding: utf-8, CSVersion: Preview, Target: DynamicallyLinkedLibrary, Platform: AnyCpu, StdLib: False, Debug: False]
2023-12-05 08:30:54.327 -06:00 [DBG] Added 57 project references
2023-12-05 08:30:54.573 -06:00 [DBG] Plugin PlayerAdministration.cs is using unicode escape sequence
2023-12-05 08:30:54.653 -06:00 [DBG] Added 47 plugins to the project
2023-12-05 08:30:57.276 -06:00 [INF] Successfully compiled 47/47 plugins for job 0 in 2970ms
2023-12-05 08:30:57.276 -06:00 [DBG] Pushing job 0 back to parent
2023-12-05 08:30:57.286 -06:00 [INF] Termination request has been received from compiler stream
2023-12-05 08:30:58.277 -06:00 [INF] Termination request has been received from SIGTERM
2023-12-05 08:46:32.799 -06:00 [INF] Starting compiler v1.0.22.0. . .
2023-12-05 08:46:32.823 -06:00 [INF] Minimal logging level is set to Debug
2023-12-05 08:46:32.833 -06:00 [INF] Watching parent process ([25238] RustDedicated) for shutdown
2023-12-05 08:46:32.834 -06:00 [DBG] Started message server. . .
2023-12-05 08:46:32.834 -06:00 [INF] Message server has started
2023-12-05 08:46:34.836 -06:00 [INF] Sent ready message to parent process
2023-12-05 08:46:34.837 -06:00 [DBG] Compiler has started successfully and is awaiting jobs. . .
2023-12-05 08:46:34.943 -06:00 [DBG] Received compile job 1 | Plugins: 46, References: 57
2023-12-05 08:46:35.838 -06:00 [INF] Starting compilation of job 1 | Total Plugins: 46
2023-12-05 08:46:35.839 -06:00 [DBG] Settings[Encoding: utf-8, CSVersion: Preview, Target: DynamicallyLinkedLibrary, Platform: AnyCpu, StdLib: False, Debug: False]
2023-12-05 08:46:35.865 -06:00 [DBG] Added 57 project references
2023-12-05 08:46:36.123 -06:00 [DBG] Plugin PlayerAdministration.cs is using unicode escape sequence
2023-12-05 08:46:36.242 -06:00 [DBG] Added 46 plugins to the project
2023-12-05 08:46:38.875 -06:00 [INF] Successfully compiled 46/46 plugins for job 1 in 3037ms
2023-12-05 08:46:38.875 -06:00 [DBG] Pushing job 1 back to parent
2023-12-05 08:46:38.879 -06:00 [INF] Termination request has been received from compiler stream
2023-12-05 08:46:39.878 -06:00 [INF] Termination request has been received from SIGTERM
2023-12-05 11:11:51.249 -06:00 [INF] Starting compiler v1.0.22.0. . .
2023-12-05 11:11:51.272 -06:00 [INF] Minimal logging level is set to Debug
2023-12-05 11:11:51.282 -06:00 [INF] Watching parent process ([25238] RustDedicated) for shutdown
2023-12-05 11:11:51.282 -06:00 [DBG] Started message server. . .
2023-12-05 11:11:51.283 -06:00 [INF] Message server has started
2023-12-05 11:11:53.284 -06:00 [INF] Sent ready message to parent process
2023-12-05 11:11:53.285 -06:00 [DBG] Compiler has started successfully and is awaiting jobs. . .
2023-12-05 11:11:53.417 -06:00 [DBG] Received compile job 2 | Plugins: 46, References: 57
2023-12-05 11:11:54.286 -06:00 [INF] Starting compilation of job 2 | Total Plugins: 46
2023-12-05 11:11:54.286 -06:00 [DBG] Settings[Encoding: utf-8, CSVersion: Preview, Target: DynamicallyLinkedLibrary, Platform: AnyCpu, StdLib: False, Debug: False]
2023-12-05 11:11:54.310 -06:00 [DBG] Added 57 project references
2023-12-05 11:11:54.590 -06:00 [DBG] Plugin PlayerAdministration.cs is using unicode escape sequence
2023-12-05 11:11:54.680 -06:00 [DBG] Added 46 plugins to the project
2023-12-05 11:11:57.329 -06:00 [INF] Successfully compiled 46/46 plugins for job 2 in 3043ms
2023-12-05 11:11:57.329 -06:00 [DBG] Pushing job 2 back to parent
2023-12-05 11:11:57.333 -06:00 [INF] Termination request has been received from compiler stream
2023-12-05 11:11:58.328 -06:00 [INF] Termination request has been received from SIGTERM
2023-12-05 11:23:13.947 -06:00 [INF] Starting compiler v1.0.22.0. . .
2023-12-05 11:23:13.968 -06:00 [INF] Minimal logging level is set to Debug
2023-12-05 11:23:13.977 -06:00 [INF] Watching parent process ([3148] RustDedicated) for shutdown
2023-12-05 11:23:13.977 -06:00 [DBG] Started message server. . .
2023-12-05 11:23:13.978 -06:00 [INF] Message server has started
2023-12-05 11:23:15.978 -06:00 [INF] Sent ready message to parent process
2023-12-05 11:23:15.980 -06:00 [DBG] Compiler has started successfully and is awaiting jobs. . .
2023-12-05 11:23:16.185 -06:00 [DBG] Received compile job 0 | Plugins: 47, References: 57
2023-12-05 11:23:16.988 -06:00 [INF] Starting compilation of job 0 | Total Plugins: 47
2023-12-05 11:23:16.989 -06:00 [DBG] Settings[Encoding: utf-8, CSVersion: Preview, Target: DynamicallyLinkedLibrary, Platform: AnyCpu, StdLib: False, Debug: False]
2023-12-05 11:23:17.038 -06:00 [DBG] Added 57 project references
2023-12-05 11:23:17.299 -06:00 [DBG] Plugin PlayerAdministration.cs is using unicode escape sequence
2023-12-05 11:23:17.418 -06:00 [DBG] Added 47 plugins to the project
2023-12-05 11:23:19.756 -06:00 [INF] Successfully compiled 47/47 plugins for job 0 in 2768ms
2023-12-05 11:23:19.757 -06:00 [DBG] Pushing job 0 back to parent
2023-12-05 11:23:19.773 -06:00 [INF] Termination request has been received from compiler stream
2023-12-05 11:23:20.758 -06:00 [INF] Termination request has been received from SIGTERM
