2023-11-16 03:10:17.312 -06:00 [INF] Starting compiler v1.0.22.0. . .
2023-11-16 03:10:17.335 -06:00 [INF] Minimal logging level is set to Debug
2023-11-16 03:10:17.343 -06:00 [INF] Watching parent process ([102190] RustDedicated) for shutdown
2023-11-16 03:10:17.343 -06:00 [DBG] Started message server. . .
2023-11-16 03:10:17.344 -06:00 [INF] Message server has started
2023-11-16 03:10:19.343 -06:00 [INF] Sent ready message to parent process
2023-11-16 03:10:19.344 -06:00 [DBG] Compiler has started successfully and is awaiting jobs. . .
2023-11-16 03:10:19.526 -06:00 [DBG] Received compile job 0 | Plugins: 45, References: 57
2023-11-16 03:10:20.347 -06:00 [INF] Starting compilation of job 0 | Total Plugins: 45
2023-11-16 03:10:20.347 -06:00 [DBG] Settings[Encoding: utf-8, CSVersion: Preview, Target: DynamicallyLinkedLibrary, Platform: AnyCpu, StdLib: False, Debug: False]
2023-11-16 03:10:20.377 -06:00 [DBG] Added 57 project references
2023-11-16 03:10:20.601 -06:00 [DBG] Plugin PlayerAdministration.cs is using unicode escape sequence
2023-11-16 03:10:20.707 -06:00 [DBG] Added 45 plugins to the project
2023-11-16 03:10:22.882 -06:00 [INF] Successfully compiled 45/45 plugins for job 0 in 2536ms
2023-11-16 03:10:22.883 -06:00 [DBG] Pushing job 0 back to parent
2023-11-16 03:10:22.892 -06:00 [INF] Termination request has been received from compiler stream
2023-11-16 03:10:23.885 -06:00 [INF] Termination request has been received from SIGTERM
2023-11-16 09:56:28.679 -06:00 [INF] Starting compiler v1.0.22.0. . .
2023-11-16 09:56:28.700 -06:00 [INF] Minimal logging level is set to Debug
2023-11-16 09:56:28.708 -06:00 [INF] Watching parent process ([3177] RustDedicated) for shutdown
2023-11-16 09:56:28.708 -06:00 [DBG] Started message server. . .
2023-11-16 09:56:28.709 -06:00 [INF] Message server has started
2023-11-16 09:56:30.707 -06:00 [INF] Sent ready message to parent process
2023-11-16 09:56:30.709 -06:00 [DBG] Compiler has started successfully and is awaiting jobs. . .
2023-11-16 09:56:30.877 -06:00 [DBG] Received compile job 0 | Plugins: 45, References: 57
2023-11-16 09:56:31.712 -06:00 [INF] Starting compilation of job 0 | Total Plugins: 45
2023-11-16 09:56:31.712 -06:00 [DBG] Settings[Encoding: utf-8, CSVersion: Preview, Target: DynamicallyLinkedLibrary, Platform: AnyCpu, StdLib: False, Debug: False]
2023-11-16 09:56:31.762 -06:00 [DBG] Added 57 project references
2023-11-16 09:56:31.981 -06:00 [DBG] Plugin PlayerAdministration.cs is using unicode escape sequence
2023-11-16 09:56:32.095 -06:00 [DBG] Added 45 plugins to the project
2023-11-16 09:56:34.298 -06:00 [INF] Successfully compiled 45/45 plugins for job 0 in 2586ms
2023-11-16 09:56:34.298 -06:00 [DBG] Pushing job 0 back to parent
2023-11-16 09:56:34.314 -06:00 [INF] Termination request has been received from compiler stream
2023-11-16 09:56:35.301 -06:00 [INF] Termination request has been received from SIGTERM
2023-11-16 13:59:44.423 -06:00 [INF] Starting compiler v1.0.22.0. . .
2023-11-16 13:59:44.444 -06:00 [INF] Minimal logging level is set to Debug
2023-11-16 13:59:44.452 -06:00 [INF] Watching parent process ([3176] RustDedicated) for shutdown
2023-11-16 13:59:44.453 -06:00 [DBG] Started message server. . .
2023-11-16 13:59:44.453 -06:00 [INF] Message server has started
2023-11-16 13:59:46.455 -06:00 [INF] Sent ready message to parent process
2023-11-16 13:59:46.457 -06:00 [DBG] Compiler has started successfully and is awaiting jobs. . .
2023-11-16 13:59:46.656 -06:00 [DBG] Received compile job 0 | Plugins: 45, References: 57
2023-11-16 13:59:47.462 -06:00 [INF] Starting compilation of job 0 | Total Plugins: 45
2023-11-16 13:59:47.462 -06:00 [DBG] Settings[Encoding: utf-8, CSVersion: Preview, Target: DynamicallyLinkedLibrary, Platform: AnyCpu, StdLib: False, Debug: False]
2023-11-16 13:59:47.504 -06:00 [DBG] Added 57 project references
2023-11-16 13:59:47.714 -06:00 [DBG] Plugin PlayerAdministration.cs is using unicode escape sequence
2023-11-16 13:59:47.820 -06:00 [DBG] Added 45 plugins to the project
2023-11-16 13:59:49.887 -06:00 [INF] Successfully compiled 45/45 plugins for job 0 in 2426ms
2023-11-16 13:59:49.888 -06:00 [DBG] Pushing job 0 back to parent
2023-11-16 13:59:49.898 -06:00 [INF] Termination request has been received from compiler stream
2023-11-16 13:59:50.892 -06:00 [INF] Termination request has been received from SIGTERM
