2023-11-06 03:10:17.292 -06:00 [INF] Starting compiler v1.0.22.0. . .
2023-11-06 03:10:17.313 -06:00 [INF] Minimal logging level is set to Debug
2023-11-06 03:10:17.321 -06:00 [INF] Watching parent process ([14520] RustDedicated) for shutdown
2023-11-06 03:10:17.322 -06:00 [DBG] Started message server. . .
2023-11-06 03:10:17.322 -06:00 [INF] Message server has started
2023-11-06 03:10:19.325 -06:00 [INF] Sent ready message to parent process
2023-11-06 03:10:19.325 -06:00 [DBG] Compiler has started successfully and is awaiting jobs. . .
2023-11-06 03:10:19.492 -06:00 [DBG] Received compile job 0 | Plugins: 44, References: 57
2023-11-06 03:10:20.329 -06:00 [INF] Starting compilation of job 0 | Total Plugins: 44
2023-11-06 03:10:20.329 -06:00 [DBG] Settings[Encoding: utf-8, CSVersion: Preview, Target: DynamicallyLinkedLibrary, Platform: AnyCpu, StdLib: False, Debug: False]
2023-11-06 03:10:20.351 -06:00 [DBG] Added 57 project references
2023-11-06 03:10:20.566 -06:00 [DBG] Plugin PlayerAdministration.cs is using unicode escape sequence
2023-11-06 03:10:20.665 -06:00 [DBG] Added 44 plugins to the project
2023-11-06 03:10:22.914 -06:00 [INF] Successfully compiled 44/44 plugins for job 0 in 2586ms
2023-11-06 03:10:22.915 -06:00 [DBG] Pushing job 0 back to parent
2023-11-06 03:10:22.924 -06:00 [INF] Termination request has been received from compiler stream
2023-11-06 03:10:23.917 -06:00 [INF] Termination request has been received from SIGTERM
2023-11-06 12:41:13.813 -06:00 [INF] Starting compiler v1.0.22.0. . .
2023-11-06 12:41:13.835 -06:00 [INF] Minimal logging level is set to Debug
2023-11-06 12:41:13.844 -06:00 [INF] Watching parent process ([14520] RustDedicated) for shutdown
2023-11-06 12:41:13.845 -06:00 [DBG] Started message server. . .
2023-11-06 12:41:13.845 -06:00 [INF] Message server has started
2023-11-06 12:41:15.846 -06:00 [INF] Sent ready message to parent process
2023-11-06 12:41:15.846 -06:00 [DBG] Compiler has started successfully and is awaiting jobs. . .
2023-11-06 12:41:15.964 -06:00 [DBG] Received compile job 1 | Plugins: 1, References: 54
2023-11-06 12:41:16.845 -06:00 [INF] Starting compilation of job 1 | Total Plugins: 1
2023-11-06 12:41:16.845 -06:00 [DBG] Settings[Encoding: utf-8, CSVersion: Preview, Target: DynamicallyLinkedLibrary, Platform: AnyCpu, StdLib: False, Debug: False]
2023-11-06 12:41:16.868 -06:00 [DBG] Added 54 project references
2023-11-06 12:41:16.926 -06:00 [DBG] Added 1 plugins to the project
2023-11-06 12:41:17.615 -06:00 [INF] Successfully compiled 1/1 plugins for job 1 in 769ms
2023-11-06 12:41:17.615 -06:00 [DBG] Pushing job 1 back to parent
2023-11-06 12:41:17.617 -06:00 [INF] Termination request has been received from compiler stream
2023-11-06 12:41:18.618 -06:00 [INF] Termination request has been received from SIGTERM
