2023-11-09 03:10:17.619 -06:00 [INF] Starting compiler v1.0.22.0. . .
2023-11-09 03:10:17.642 -06:00 [INF] Minimal logging level is set to Debug
2023-11-09 03:10:17.651 -06:00 [INF] Watching parent process ([9499] RustDedicated) for shutdown
2023-11-09 03:10:17.651 -06:00 [DBG] Started message server. . .
2023-11-09 03:10:17.652 -06:00 [INF] Message server has started
2023-11-09 03:10:19.651 -06:00 [INF] Sent ready message to parent process
2023-11-09 03:10:19.651 -06:00 [DBG] Compiler has started successfully and is awaiting jobs. . .
2023-11-09 03:10:19.823 -06:00 [DBG] Received compile job 0 | Plugins: 44, References: 57
2023-11-09 03:10:20.652 -06:00 [INF] Starting compilation of job 0 | Total Plugins: 44
2023-11-09 03:10:20.652 -06:00 [DBG] Settings[Encoding: utf-8, CSVersion: Preview, Target: DynamicallyLinkedLibrary, Platform: AnyCpu, StdLib: False, Debug: False]
2023-11-09 03:10:20.676 -06:00 [DBG] Added 57 project references
2023-11-09 03:10:20.889 -06:00 [DBG] Plugin PlayerAdministration.cs is using unicode escape sequence
2023-11-09 03:10:20.997 -06:00 [DBG] Added 44 plugins to the project
2023-11-09 03:10:23.103 -06:00 [INF] Successfully compiled 44/44 plugins for job 0 in 2451ms
2023-11-09 03:10:23.103 -06:00 [DBG] Pushing job 0 back to parent
2023-11-09 03:10:23.113 -06:00 [INF] Termination request has been received from compiler stream
2023-11-09 03:10:24.102 -06:00 [INF] Termination request has been received from SIGTERM
2023-11-09 10:07:04.371 -06:00 [INF] Starting compiler v1.0.22.0. . .
2023-11-09 10:07:04.399 -06:00 [INF] Minimal logging level is set to Debug
2023-11-09 10:07:04.418 -06:00 [INF] Watching parent process ([9499] RustDedicated) for shutdown
2023-11-09 10:07:04.418 -06:00 [DBG] Started message server. . .
2023-11-09 10:07:04.419 -06:00 [INF] Message server has started
2023-11-09 10:07:06.421 -06:00 [INF] Sent ready message to parent process
2023-11-09 10:07:06.421 -06:00 [DBG] Compiler has started successfully and is awaiting jobs. . .
2023-11-09 10:07:06.753 -06:00 [DBG] Received compile job 1 | Plugins: 1, References: 56
2023-11-09 10:07:07.437 -06:00 [INF] Starting compilation of job 1 | Total Plugins: 1
2023-11-09 10:07:07.440 -06:00 [DBG] Settings[Encoding: utf-8, CSVersion: Preview, Target: DynamicallyLinkedLibrary, Platform: AnyCpu, StdLib: False, Debug: False]
2023-11-09 10:07:07.474 -06:00 [DBG] Added 56 project references
2023-11-09 10:07:07.562 -06:00 [DBG] Added 1 plugins to the project
2023-11-09 10:07:08.274 -06:00 [INF] Successfully compiled 1/1 plugins for job 1 in 837ms
2023-11-09 10:07:08.274 -06:00 [DBG] Pushing job 1 back to parent
2023-11-09 10:07:08.277 -06:00 [INF] Termination request has been received from compiler stream
2023-11-09 10:07:09.276 -06:00 [INF] Termination request has been received from SIGTERM
2023-11-09 10:10:59.133 -06:00 [INF] Starting compiler v1.0.22.0. . .
2023-11-09 10:10:59.156 -06:00 [INF] Minimal logging level is set to Debug
2023-11-09 10:10:59.165 -06:00 [INF] Watching parent process ([9499] RustDedicated) for shutdown
2023-11-09 10:10:59.166 -06:00 [DBG] Started message server. . .
2023-11-09 10:10:59.166 -06:00 [INF] Message server has started
2023-11-09 10:11:01.167 -06:00 [INF] Sent ready message to parent process
2023-11-09 10:11:01.167 -06:00 [DBG] Compiler has started successfully and is awaiting jobs. . .
2023-11-09 10:11:01.279 -06:00 [DBG] Received compile job 2 | Plugins: 43, References: 55
2023-11-09 10:11:02.170 -06:00 [INF] Starting compilation of job 2 | Total Plugins: 43
2023-11-09 10:11:02.170 -06:00 [DBG] Settings[Encoding: utf-8, CSVersion: Preview, Target: DynamicallyLinkedLibrary, Platform: AnyCpu, StdLib: False, Debug: False]
2023-11-09 10:11:02.196 -06:00 [DBG] Added 55 project references
2023-11-09 10:11:02.425 -06:00 [DBG] Plugin PlayerAdministration.cs is using unicode escape sequence
2023-11-09 10:11:02.522 -06:00 [DBG] Added 43 plugins to the project
2023-11-09 10:11:04.871 -06:00 [INF] Successfully compiled 43/43 plugins for job 2 in 2701ms
2023-11-09 10:11:04.871 -06:00 [DBG] Pushing job 2 back to parent
2023-11-09 10:11:04.878 -06:00 [INF] Termination request has been received from compiler stream
2023-11-09 10:11:05.871 -06:00 [INF] Termination request has been received from SIGTERM
2023-11-09 12:29:22.129 -06:00 [INF] Starting compiler v1.0.22.0. . .
2023-11-09 12:29:22.151 -06:00 [INF] Minimal logging level is set to Debug
2023-11-09 12:29:22.161 -06:00 [INF] Watching parent process ([9499] RustDedicated) for shutdown
2023-11-09 12:29:22.161 -06:00 [DBG] Started message server. . .
2023-11-09 12:29:22.162 -06:00 [INF] Message server has started
2023-11-09 12:29:24.162 -06:00 [INF] Sent ready message to parent process
2023-11-09 12:29:24.163 -06:00 [DBG] Compiler has started successfully and is awaiting jobs. . .
2023-11-09 12:29:24.268 -06:00 [DBG] Received compile job 3 | Plugins: 1, References: 54
2023-11-09 12:29:25.164 -06:00 [INF] Starting compilation of job 3 | Total Plugins: 1
2023-11-09 12:29:25.164 -06:00 [DBG] Settings[Encoding: utf-8, CSVersion: Preview, Target: DynamicallyLinkedLibrary, Platform: AnyCpu, StdLib: False, Debug: False]
2023-11-09 12:29:25.186 -06:00 [DBG] Added 54 project references
2023-11-09 12:29:25.238 -06:00 [DBG] Added 1 plugins to the project
2023-11-09 12:29:25.816 -06:00 [INF] Successfully compiled 1/1 plugins for job 3 in 652ms
2023-11-09 12:29:25.816 -06:00 [DBG] Pushing job 3 back to parent
2023-11-09 12:29:25.817 -06:00 [INF] Termination request has been received from compiler stream
2023-11-09 12:29:26.816 -06:00 [INF] Termination request has been received from SIGTERM
2023-11-09 12:52:28.993 -06:00 [INF] Starting compiler v1.0.22.0. . .
2023-11-09 12:52:29.015 -06:00 [INF] Minimal logging level is set to Debug
2023-11-09 12:52:29.024 -06:00 [INF] Watching parent process ([9499] RustDedicated) for shutdown
2023-11-09 12:52:29.025 -06:00 [DBG] Started message server. . .
2023-11-09 12:52:29.025 -06:00 [INF] Message server has started
2023-11-09 12:52:31.028 -06:00 [INF] Sent ready message to parent process
2023-11-09 12:52:31.028 -06:00 [DBG] Compiler has started successfully and is awaiting jobs. . .
2023-11-09 12:52:31.303 -06:00 [DBG] Received compile job 4 | Plugins: 1, References: 54
2023-11-09 12:52:32.029 -06:00 [INF] Starting compilation of job 4 | Total Plugins: 1
2023-11-09 12:52:32.029 -06:00 [DBG] Settings[Encoding: utf-8, CSVersion: Preview, Target: DynamicallyLinkedLibrary, Platform: AnyCpu, StdLib: False, Debug: False]
2023-11-09 12:52:32.051 -06:00 [DBG] Added 54 project references
2023-11-09 12:52:32.122 -06:00 [DBG] Added 1 plugins to the project
2023-11-09 12:52:32.947 -06:00 [INF] Successfully compiled 1/1 plugins for job 4 in 918ms
2023-11-09 12:52:32.948 -06:00 [DBG] Pushing job 4 back to parent
2023-11-09 12:52:32.949 -06:00 [INF] Termination request has been received from compiler stream
2023-11-09 12:52:33.947 -06:00 [INF] Termination request has been received from SIGTERM
2023-11-09 18:47:42.291 -06:00 [INF] Starting compiler v1.0.22.0. . .
2023-11-09 18:47:42.314 -06:00 [INF] Minimal logging level is set to Debug
2023-11-09 18:47:42.325 -06:00 [INF] Watching parent process ([9499] RustDedicated) for shutdown
2023-11-09 18:47:42.326 -06:00 [DBG] Started message server. . .
2023-11-09 18:47:42.326 -06:00 [INF] Message server has started
2023-11-09 18:47:44.327 -06:00 [INF] Sent ready message to parent process
2023-11-09 18:47:44.333 -06:00 [DBG] Compiler has started successfully and is awaiting jobs. . .
2023-11-09 18:47:44.638 -06:00 [DBG] Received compile job 5 | Plugins: 1, References: 54
2023-11-09 18:47:45.338 -06:00 [INF] Starting compilation of job 5 | Total Plugins: 1
2023-11-09 18:47:45.338 -06:00 [DBG] Settings[Encoding: utf-8, CSVersion: Preview, Target: DynamicallyLinkedLibrary, Platform: AnyCpu, StdLib: False, Debug: False]
2023-11-09 18:47:45.361 -06:00 [DBG] Added 54 project references
2023-11-09 18:47:45.412 -06:00 [DBG] Added 1 plugins to the project
2023-11-09 18:47:46.001 -06:00 [INF] Successfully compiled 1/1 plugins for job 5 in 663ms
2023-11-09 18:47:46.001 -06:00 [DBG] Pushing job 5 back to parent
2023-11-09 18:47:46.003 -06:00 [INF] Termination request has been received from compiler stream
2023-11-09 18:47:47.005 -06:00 [INF] Termination request has been received from SIGTERM
