2023-11-08 03:10:17.463 -06:00 [INF] Starting compiler v1.0.22.0. . .
2023-11-08 03:10:17.486 -06:00 [INF] Minimal logging level is set to Debug
2023-11-08 03:10:17.494 -06:00 [INF] Watching parent process ([42314] RustDedicated) for shutdown
2023-11-08 03:10:17.495 -06:00 [DBG] Started message server. . .
2023-11-08 03:10:17.496 -06:00 [INF] Message server has started
2023-11-08 03:10:19.495 -06:00 [INF] Sent ready message to parent process
2023-11-08 03:10:19.497 -06:00 [DBG] Compiler has started successfully and is awaiting jobs. . .
2023-11-08 03:10:19.667 -06:00 [DBG] Received compile job 0 | Plugins: 44, References: 57
2023-11-08 03:10:20.503 -06:00 [INF] Starting compilation of job 0 | Total Plugins: 44
2023-11-08 03:10:20.503 -06:00 [DBG] Settings[Encoding: utf-8, CSVersion: Preview, Target: DynamicallyLinkedLibrary, Platform: AnyCpu, StdLib: False, Debug: False]
2023-11-08 03:10:20.553 -06:00 [DBG] Added 57 project references
2023-11-08 03:10:20.761 -06:00 [DBG] Plugin PlayerAdministration.cs is using unicode escape sequence
2023-11-08 03:10:20.869 -06:00 [DBG] Added 44 plugins to the project
2023-11-08 03:10:22.954 -06:00 [INF] Successfully compiled 44/44 plugins for job 0 in 2451ms
2023-11-08 03:10:22.954 -06:00 [DBG] Pushing job 0 back to parent
2023-11-08 03:10:22.970 -06:00 [INF] Termination request has been received from compiler stream
2023-11-08 03:10:23.953 -06:00 [INF] Termination request has been received from SIGTERM
2023-11-08 21:47:08.865 -06:00 [INF] Starting compiler v1.0.22.0. . .
2023-11-08 21:47:08.886 -06:00 [INF] Minimal logging level is set to Debug
2023-11-08 21:47:08.894 -06:00 [INF] Watching parent process ([2587] RustDedicated) for shutdown
2023-11-08 21:47:08.895 -06:00 [DBG] Started message server. . .
2023-11-08 21:47:08.895 -06:00 [INF] Message server has started
2023-11-08 21:47:10.896 -06:00 [INF] Sent ready message to parent process
2023-11-08 21:47:10.897 -06:00 [DBG] Compiler has started successfully and is awaiting jobs. . .
2023-11-08 21:47:11.072 -06:00 [DBG] Received compile job 0 | Plugins: 44, References: 57
2023-11-08 21:47:11.902 -06:00 [INF] Starting compilation of job 0 | Total Plugins: 44
2023-11-08 21:47:11.903 -06:00 [DBG] Settings[Encoding: utf-8, CSVersion: Preview, Target: DynamicallyLinkedLibrary, Platform: AnyCpu, StdLib: False, Debug: False]
2023-11-08 21:47:11.927 -06:00 [DBG] Added 57 project references
2023-11-08 21:47:12.135 -06:00 [DBG] Plugin PlayerAdministration.cs is using unicode escape sequence
2023-11-08 21:47:12.242 -06:00 [DBG] Added 44 plugins to the project
2023-11-08 21:47:14.381 -06:00 [INF] Successfully compiled 44/44 plugins for job 0 in 2478ms
2023-11-08 21:47:14.381 -06:00 [DBG] Pushing job 0 back to parent
2023-11-08 21:47:14.393 -06:00 [INF] Termination request has been received from compiler stream
2023-11-08 21:47:15.380 -06:00 [INF] Termination request has been received from SIGTERM
