2023-11-30 03:10:57.350 -06:00 [INF] Starting compiler v1.0.22.0. . .
2023-11-30 03:10:57.370 -06:00 [INF] Minimal logging level is set to Debug
2023-11-30 03:10:57.379 -06:00 [INF] Watching parent process ([3197] RustDedicated) for shutdown
2023-11-30 03:10:57.379 -06:00 [DBG] Started message server. . .
2023-11-30 03:10:57.379 -06:00 [INF] Message server has started
2023-11-30 03:10:59.383 -06:00 [INF] Sent ready message to parent process
2023-11-30 03:10:59.385 -06:00 [DBG] Compiler has started successfully and is awaiting jobs. . .
2023-11-30 03:10:59.559 -06:00 [DBG] Received compile job 0 | Plugins: 47, References: 57
2023-11-30 03:11:00.394 -06:00 [INF] Starting compilation of job 0 | Total Plugins: 47
2023-11-30 03:11:00.394 -06:00 [DBG] Settings[Encoding: utf-8, CSVersion: Preview, Target: DynamicallyLinkedLibrary, Platform: AnyCpu, StdLib: False, Debug: False]
2023-11-30 03:11:00.436 -06:00 [DBG] Added 57 project references
2023-11-30 03:11:00.670 -06:00 [DBG] Plugin PlayerAdministration.cs is using unicode escape sequence
2023-11-30 03:11:00.781 -06:00 [DBG] Added 47 plugins to the project
2023-11-30 03:11:03.176 -06:00 [INF] Successfully compiled 47/47 plugins for job 0 in 2782ms
2023-11-30 03:11:03.176 -06:00 [DBG] Pushing job 0 back to parent
2023-11-30 03:11:03.186 -06:00 [INF] Termination request has been received from compiler stream
2023-11-30 03:11:04.177 -06:00 [INF] Termination request has been received from SIGTERM
2023-11-30 14:01:56.085 -06:00 [INF] Starting compiler v1.0.22.0. . .
2023-11-30 14:01:56.106 -06:00 [INF] Minimal logging level is set to Debug
2023-11-30 14:01:56.114 -06:00 [INF] Watching parent process ([3198] RustDedicated) for shutdown
2023-11-30 14:01:56.115 -06:00 [DBG] Started message server. . .
2023-11-30 14:01:56.115 -06:00 [INF] Message server has started
2023-11-30 14:01:58.524 -06:00 [INF] Sent ready message to parent process
2023-11-30 14:01:58.525 -06:00 [DBG] Compiler has started successfully and is awaiting jobs. . .
2023-11-30 14:01:58.735 -06:00 [DBG] Received compile job 0 | Plugins: 47, References: 57
2023-11-30 14:01:59.530 -06:00 [INF] Starting compilation of job 0 | Total Plugins: 47
2023-11-30 14:01:59.531 -06:00 [DBG] Settings[Encoding: utf-8, CSVersion: Preview, Target: DynamicallyLinkedLibrary, Platform: AnyCpu, StdLib: False, Debug: False]
2023-11-30 14:01:59.555 -06:00 [DBG] Added 57 project references
2023-11-30 14:01:59.791 -06:00 [DBG] Plugin PlayerAdministration.cs is using unicode escape sequence
2023-11-30 14:01:59.901 -06:00 [DBG] Added 47 plugins to the project
2023-11-30 14:02:02.121 -06:00 [INF] Successfully compiled 47/47 plugins for job 0 in 2590ms
2023-11-30 14:02:02.121 -06:00 [DBG] Pushing job 0 back to parent
2023-11-30 14:02:02.137 -06:00 [INF] Termination request has been received from compiler stream
2023-11-30 14:02:03.121 -06:00 [INF] Termination request has been received from SIGTERM
2023-11-30 14:04:02.668 -06:00 [INF] Starting compiler v1.0.22.0. . .
2023-11-30 14:04:02.690 -06:00 [INF] Minimal logging level is set to Debug
2023-11-30 14:04:02.749 -06:00 [INF] Watching parent process ([5646] RustDedicated) for shutdown
2023-11-30 14:04:02.749 -06:00 [DBG] Started message server. . .
2023-11-30 14:04:02.754 -06:00 [INF] Message server has started
2023-11-30 14:04:03.914 -06:00 [INF] Termination request has been received from SIGINT (Ctrl + C)
2023-11-30 14:04:51.161 -06:00 [INF] Starting compiler v1.0.22.0. . .
2023-11-30 14:04:51.183 -06:00 [INF] Minimal logging level is set to Debug
2023-11-30 14:04:51.198 -06:00 [INF] Watching parent process ([7334] RustDedicated) for shutdown
2023-11-30 14:04:51.199 -06:00 [DBG] Started message server. . .
2023-11-30 14:04:51.200 -06:00 [INF] Message server has started
2023-11-30 14:04:53.199 -06:00 [INF] Sent ready message to parent process
2023-11-30 14:04:53.206 -06:00 [DBG] Compiler has started successfully and is awaiting jobs. . .
2023-11-30 14:04:53.375 -06:00 [DBG] Received compile job 0 | Plugins: 47, References: 57
2023-11-30 14:04:54.209 -06:00 [INF] Starting compilation of job 0 | Total Plugins: 47
2023-11-30 14:04:54.210 -06:00 [DBG] Settings[Encoding: utf-8, CSVersion: Preview, Target: DynamicallyLinkedLibrary, Platform: AnyCpu, StdLib: False, Debug: False]
2023-11-30 14:04:54.232 -06:00 [DBG] Added 57 project references
2023-11-30 14:04:54.494 -06:00 [DBG] Plugin PlayerAdministration.cs is using unicode escape sequence
2023-11-30 14:04:54.577 -06:00 [DBG] Added 47 plugins to the project
2023-11-30 14:04:57.549 -06:00 [INF] Successfully compiled 47/47 plugins for job 0 in 3339ms
2023-11-30 14:04:57.549 -06:00 [DBG] Pushing job 0 back to parent
2023-11-30 14:04:57.558 -06:00 [INF] Termination request has been received from compiler stream
2023-11-30 14:04:58.549 -06:00 [INF] Termination request has been received from SIGTERM
2023-11-30 14:07:15.724 -06:00 [INF] Starting compiler v1.0.22.0. . .
2023-11-30 14:07:15.747 -06:00 [INF] Minimal logging level is set to Debug
2023-11-30 14:07:15.756 -06:00 [INF] Watching parent process ([9579] RustDedicated) for shutdown
2023-11-30 14:07:15.757 -06:00 [DBG] Started message server. . .
2023-11-30 14:07:15.758 -06:00 [INF] Message server has started
2023-11-30 14:07:17.760 -06:00 [INF] Sent ready message to parent process
2023-11-30 14:07:17.767 -06:00 [DBG] Compiler has started successfully and is awaiting jobs. . .
2023-11-30 14:07:17.952 -06:00 [DBG] Received compile job 0 | Plugins: 47, References: 57
2023-11-30 14:07:18.771 -06:00 [INF] Starting compilation of job 0 | Total Plugins: 47
2023-11-30 14:07:18.771 -06:00 [DBG] Settings[Encoding: utf-8, CSVersion: Preview, Target: DynamicallyLinkedLibrary, Platform: AnyCpu, StdLib: False, Debug: False]
2023-11-30 14:07:18.793 -06:00 [DBG] Added 57 project references
2023-11-30 14:07:19.055 -06:00 [DBG] Plugin PlayerAdministration.cs is using unicode escape sequence
2023-11-30 14:07:19.145 -06:00 [DBG] Added 47 plugins to the project
2023-11-30 14:07:22.067 -06:00 [INF] Successfully compiled 47/47 plugins for job 0 in 3295ms
2023-11-30 14:07:22.068 -06:00 [DBG] Pushing job 0 back to parent
2023-11-30 14:07:22.076 -06:00 [INF] Termination request has been received from compiler stream
2023-11-30 14:07:23.068 -06:00 [INF] Termination request has been received from SIGTERM
2023-11-30 14:28:25.652 -06:00 [INF] Starting compiler v1.0.22.0. . .
2023-11-30 14:28:25.675 -06:00 [INF] Minimal logging level is set to Debug
2023-11-30 14:28:25.687 -06:00 [INF] Watching parent process ([15737] RustDedicated) for shutdown
2023-11-30 14:28:25.687 -06:00 [DBG] Started message server. . .
2023-11-30 14:28:25.688 -06:00 [INF] Message server has started
2023-11-30 14:28:27.688 -06:00 [INF] Sent ready message to parent process
2023-11-30 14:28:27.688 -06:00 [DBG] Compiler has started successfully and is awaiting jobs. . .
2023-11-30 14:28:27.871 -06:00 [DBG] Received compile job 0 | Plugins: 47, References: 57
2023-11-30 14:28:28.691 -06:00 [INF] Starting compilation of job 0 | Total Plugins: 47
2023-11-30 14:28:28.691 -06:00 [DBG] Settings[Encoding: utf-8, CSVersion: Preview, Target: DynamicallyLinkedLibrary, Platform: AnyCpu, StdLib: False, Debug: False]
2023-11-30 14:28:28.719 -06:00 [DBG] Added 57 project references
2023-11-30 14:28:28.989 -06:00 [DBG] Plugin PlayerAdministration.cs is using unicode escape sequence
2023-11-30 14:28:29.120 -06:00 [DBG] Added 47 plugins to the project
2023-11-30 14:28:32.076 -06:00 [INF] Successfully compiled 47/47 plugins for job 0 in 3385ms
2023-11-30 14:28:32.076 -06:00 [DBG] Pushing job 0 back to parent
2023-11-30 14:28:32.091 -06:00 [INF] Termination request has been received from compiler stream
2023-11-30 14:28:33.077 -06:00 [INF] Termination request has been received from SIGTERM
2023-11-30 18:34:41.986 -06:00 [INF] Starting compiler v1.0.22.0. . .
2023-11-30 18:34:42.021 -06:00 [INF] Minimal logging level is set to Debug
2023-11-30 18:34:42.034 -06:00 [INF] Watching parent process ([3198] RustDedicated) for shutdown
2023-11-30 18:34:42.034 -06:00 [DBG] Started message server. . .
2023-11-30 18:34:42.035 -06:00 [INF] Message server has started
2023-11-30 18:34:44.037 -06:00 [INF] Sent ready message to parent process
2023-11-30 18:34:44.038 -06:00 [DBG] Compiler has started successfully and is awaiting jobs. . .
2023-11-30 18:34:44.167 -06:00 [DBG] Received compile job 1 | Plugins: 1, References: 54
2023-11-30 18:34:45.054 -06:00 [INF] Starting compilation of job 1 | Total Plugins: 1
2023-11-30 18:34:45.057 -06:00 [DBG] Settings[Encoding: utf-8, CSVersion: Preview, Target: DynamicallyLinkedLibrary, Platform: AnyCpu, StdLib: False, Debug: False]
2023-11-30 18:34:45.087 -06:00 [DBG] Added 54 project references
2023-11-30 18:34:45.225 -06:00 [DBG] Added 1 plugins to the project
2023-11-30 18:34:46.201 -06:00 [INF] Successfully compiled 1/1 plugins for job 1 in 1147ms
2023-11-30 18:34:46.201 -06:00 [DBG] Pushing job 1 back to parent
2023-11-30 18:34:46.202 -06:00 [INF] Termination request has been received from compiler stream
2023-11-30 18:34:47.201 -06:00 [INF] Termination request has been received from SIGTERM
2023-11-30 18:34:55.826 -06:00 [INF] Starting compiler v1.0.22.0. . .
2023-11-30 18:34:55.848 -06:00 [INF] Minimal logging level is set to Debug
2023-11-30 18:34:55.857 -06:00 [INF] Watching parent process ([3198] RustDedicated) for shutdown
2023-11-30 18:34:55.858 -06:00 [DBG] Started message server. . .
2023-11-30 18:34:55.858 -06:00 [INF] Message server has started
2023-11-30 18:34:57.860 -06:00 [INF] Sent ready message to parent process
2023-11-30 18:34:57.861 -06:00 [DBG] Compiler has started successfully and is awaiting jobs. . .
2023-11-30 18:34:57.971 -06:00 [DBG] Received compile job 2 | Plugins: 1, References: 56
2023-11-30 18:34:58.862 -06:00 [INF] Starting compilation of job 2 | Total Plugins: 1
2023-11-30 18:34:58.862 -06:00 [DBG] Settings[Encoding: utf-8, CSVersion: Preview, Target: DynamicallyLinkedLibrary, Platform: AnyCpu, StdLib: False, Debug: False]
2023-11-30 18:34:58.886 -06:00 [DBG] Added 56 project references
2023-11-30 18:34:58.945 -06:00 [DBG] Added 1 plugins to the project
2023-11-30 18:34:59.603 -06:00 [INF] Successfully compiled 1/1 plugins for job 2 in 741ms
2023-11-30 18:34:59.603 -06:00 [DBG] Pushing job 2 back to parent
2023-11-30 18:34:59.604 -06:00 [INF] Termination request has been received from compiler stream
2023-11-30 18:35:00.606 -06:00 [INF] Termination request has been received from SIGTERM
2023-11-30 18:46:42.015 -06:00 [INF] Starting compiler v1.0.22.0. . .
2023-11-30 18:46:42.037 -06:00 [INF] Minimal logging level is set to Debug
2023-11-30 18:46:42.046 -06:00 [INF] Watching parent process ([3198] RustDedicated) for shutdown
2023-11-30 18:46:42.047 -06:00 [DBG] Started message server. . .
2023-11-30 18:46:42.047 -06:00 [INF] Message server has started
2023-11-30 18:46:44.047 -06:00 [INF] Sent ready message to parent process
2023-11-30 18:46:44.048 -06:00 [DBG] Compiler has started successfully and is awaiting jobs. . .
2023-11-30 18:46:44.156 -06:00 [DBG] Received compile job 3 | Plugins: 45, References: 55
2023-11-30 18:46:45.051 -06:00 [INF] Starting compilation of job 3 | Total Plugins: 45
2023-11-30 18:46:45.051 -06:00 [DBG] Settings[Encoding: utf-8, CSVersion: Preview, Target: DynamicallyLinkedLibrary, Platform: AnyCpu, StdLib: False, Debug: False]
2023-11-30 18:46:45.077 -06:00 [DBG] Added 55 project references
2023-11-30 18:46:45.313 -06:00 [DBG] Plugin PlayerAdministration.cs is using unicode escape sequence
2023-11-30 18:46:45.413 -06:00 [DBG] Added 45 plugins to the project
2023-11-30 18:46:48.192 -06:00 [INF] Successfully compiled 45/45 plugins for job 3 in 3141ms
2023-11-30 18:46:48.192 -06:00 [DBG] Pushing job 3 back to parent
2023-11-30 18:46:48.195 -06:00 [INF] Termination request has been received from compiler stream
2023-11-30 18:46:49.195 -06:00 [INF] Termination request has been received from SIGTERM
2023-11-30 18:53:56.190 -06:00 [INF] Starting compiler v1.0.22.0. . .
2023-11-30 18:53:56.213 -06:00 [INF] Minimal logging level is set to Debug
2023-11-30 18:53:56.223 -06:00 [INF] Watching parent process ([3198] RustDedicated) for shutdown
2023-11-30 18:53:56.224 -06:00 [DBG] Started message server. . .
2023-11-30 18:53:56.225 -06:00 [INF] Message server has started
2023-11-30 18:53:58.223 -06:00 [INF] Sent ready message to parent process
2023-11-30 18:53:58.229 -06:00 [DBG] Compiler has started successfully and is awaiting jobs. . .
2023-11-30 18:53:58.448 -06:00 [DBG] Received compile job 4 | Plugins: 44, References: 55
2023-11-30 18:53:59.231 -06:00 [INF] Starting compilation of job 4 | Total Plugins: 44
2023-11-30 18:53:59.231 -06:00 [DBG] Settings[Encoding: utf-8, CSVersion: Preview, Target: DynamicallyLinkedLibrary, Platform: AnyCpu, StdLib: False, Debug: False]
2023-11-30 18:53:59.260 -06:00 [DBG] Added 55 project references
2023-11-30 18:53:59.501 -06:00 [DBG] Plugin PlayerAdministration.cs is using unicode escape sequence
2023-11-30 18:53:59.596 -06:00 [DBG] Added 44 plugins to the project
2023-11-30 18:54:02.392 -06:00 [INF] Successfully compiled 44/44 plugins for job 4 in 3161ms
2023-11-30 18:54:02.393 -06:00 [DBG] Pushing job 4 back to parent
2023-11-30 18:54:02.397 -06:00 [INF] Termination request has been received from compiler stream
2023-11-30 18:54:03.392 -06:00 [INF] Termination request has been received from SIGTERM
2023-11-30 18:56:13.438 -06:00 [INF] Starting compiler v1.0.22.0. . .
2023-11-30 18:56:13.461 -06:00 [INF] Minimal logging level is set to Debug
2023-11-30 18:56:13.470 -06:00 [INF] Watching parent process ([3198] RustDedicated) for shutdown
2023-11-30 18:56:13.471 -06:00 [DBG] Started message server. . .
2023-11-30 18:56:13.472 -06:00 [INF] Message server has started
2023-11-30 18:56:15.471 -06:00 [INF] Sent ready message to parent process
2023-11-30 18:56:15.472 -06:00 [DBG] Compiler has started successfully and is awaiting jobs. . .
2023-11-30 18:56:15.581 -06:00 [DBG] Received compile job 5 | Plugins: 44, References: 55
2023-11-30 18:56:16.475 -06:00 [INF] Starting compilation of job 5 | Total Plugins: 44
2023-11-30 18:56:16.475 -06:00 [DBG] Settings[Encoding: utf-8, CSVersion: Preview, Target: DynamicallyLinkedLibrary, Platform: AnyCpu, StdLib: False, Debug: False]
2023-11-30 18:56:16.502 -06:00 [DBG] Added 55 project references
2023-11-30 18:56:16.750 -06:00 [DBG] Plugin PlayerAdministration.cs is using unicode escape sequence
2023-11-30 18:56:16.850 -06:00 [DBG] Added 44 plugins to the project
2023-11-30 18:56:19.546 -06:00 [INF] Successfully compiled 44/44 plugins for job 5 in 3070ms
2023-11-30 18:56:19.546 -06:00 [DBG] Pushing job 5 back to parent
2023-11-30 18:56:19.551 -06:00 [INF] Termination request has been received from compiler stream
2023-11-30 18:56:20.549 -06:00 [INF] Termination request has been received from SIGTERM
2023-11-30 18:57:58.568 -06:00 [INF] Starting compiler v1.0.22.0. . .
2023-11-30 18:57:58.591 -06:00 [INF] Minimal logging level is set to Debug
2023-11-30 18:57:58.600 -06:00 [INF] Watching parent process ([3198] RustDedicated) for shutdown
2023-11-30 18:57:58.601 -06:00 [DBG] Started message server. . .
2023-11-30 18:57:58.601 -06:00 [INF] Message server has started
2023-11-30 18:58:00.600 -06:00 [INF] Sent ready message to parent process
2023-11-30 18:58:00.601 -06:00 [DBG] Compiler has started successfully and is awaiting jobs. . .
2023-11-30 18:58:00.713 -06:00 [DBG] Received compile job 6 | Plugins: 44, References: 55
2023-11-30 18:58:01.602 -06:00 [INF] Starting compilation of job 6 | Total Plugins: 44
2023-11-30 18:58:01.602 -06:00 [DBG] Settings[Encoding: utf-8, CSVersion: Preview, Target: DynamicallyLinkedLibrary, Platform: AnyCpu, StdLib: False, Debug: False]
2023-11-30 18:58:01.628 -06:00 [DBG] Added 55 project references
2023-11-30 18:58:01.869 -06:00 [DBG] Plugin PlayerAdministration.cs is using unicode escape sequence
2023-11-30 18:58:01.967 -06:00 [DBG] Added 44 plugins to the project
2023-11-30 18:58:04.563 -06:00 [INF] Successfully compiled 44/44 plugins for job 6 in 2961ms
2023-11-30 18:58:04.563 -06:00 [DBG] Pushing job 6 back to parent
2023-11-30 18:58:04.568 -06:00 [INF] Termination request has been received from compiler stream
2023-11-30 18:58:05.564 -06:00 [INF] Termination request has been received from SIGTERM
2023-11-30 19:04:33.756 -06:00 [INF] Starting compiler v1.0.22.0. . .
2023-11-30 19:04:33.777 -06:00 [INF] Minimal logging level is set to Debug
2023-11-30 19:04:33.786 -06:00 [INF] Watching parent process ([3198] RustDedicated) for shutdown
2023-11-30 19:04:33.787 -06:00 [DBG] Started message server. . .
2023-11-30 19:04:33.787 -06:00 [INF] Message server has started
2023-11-30 19:04:35.787 -06:00 [INF] Sent ready message to parent process
2023-11-30 19:04:35.795 -06:00 [DBG] Compiler has started successfully and is awaiting jobs. . .
2023-11-30 19:04:36.072 -06:00 [DBG] Received compile job 7 | Plugins: 44, References: 55
2023-11-30 19:04:36.795 -06:00 [INF] Starting compilation of job 7 | Total Plugins: 44
2023-11-30 19:04:36.795 -06:00 [DBG] Settings[Encoding: utf-8, CSVersion: Preview, Target: DynamicallyLinkedLibrary, Platform: AnyCpu, StdLib: False, Debug: False]
2023-11-30 19:04:36.822 -06:00 [DBG] Added 55 project references
2023-11-30 19:04:37.064 -06:00 [DBG] Plugin PlayerAdministration.cs is using unicode escape sequence
2023-11-30 19:04:37.165 -06:00 [DBG] Added 44 plugins to the project
2023-11-30 19:04:39.731 -06:00 [INF] Successfully compiled 44/44 plugins for job 7 in 2936ms
2023-11-30 19:04:39.732 -06:00 [DBG] Pushing job 7 back to parent
2023-11-30 19:04:40.234 -06:00 [INF] Termination request has been received from compiler stream
2023-11-30 19:04:40.732 -06:00 [INF] Termination request has been received from SIGTERM
2023-11-30 19:07:16.648 -06:00 [INF] Starting compiler v1.0.22.0. . .
2023-11-30 19:07:16.670 -06:00 [INF] Minimal logging level is set to Debug
2023-11-30 19:07:16.681 -06:00 [INF] Watching parent process ([3198] RustDedicated) for shutdown
2023-11-30 19:07:16.682 -06:00 [DBG] Started message server. . .
2023-11-30 19:07:16.682 -06:00 [INF] Message server has started
2023-11-30 19:07:18.684 -06:00 [INF] Sent ready message to parent process
2023-11-30 19:07:18.685 -06:00 [DBG] Compiler has started successfully and is awaiting jobs. . .
2023-11-30 19:07:18.807 -06:00 [DBG] Received compile job 8 | Plugins: 44, References: 55
2023-11-30 19:07:19.685 -06:00 [INF] Starting compilation of job 8 | Total Plugins: 44
2023-11-30 19:07:19.685 -06:00 [DBG] Settings[Encoding: utf-8, CSVersion: Preview, Target: DynamicallyLinkedLibrary, Platform: AnyCpu, StdLib: False, Debug: False]
2023-11-30 19:07:19.709 -06:00 [DBG] Added 55 project references
2023-11-30 19:07:19.969 -06:00 [DBG] Plugin PlayerAdministration.cs is using unicode escape sequence
2023-11-30 19:07:20.073 -06:00 [DBG] Added 44 plugins to the project
2023-11-30 19:07:22.575 -06:00 [INF] Successfully compiled 44/44 plugins for job 8 in 2890ms
2023-11-30 19:07:22.575 -06:00 [DBG] Pushing job 8 back to parent
2023-11-30 19:07:22.578 -06:00 [INF] Termination request has been received from compiler stream
2023-11-30 19:07:23.578 -06:00 [INF] Termination request has been received from SIGTERM
2023-11-30 19:18:49.821 -06:00 [INF] Starting compiler v1.0.22.0. . .
2023-11-30 19:18:49.842 -06:00 [INF] Minimal logging level is set to Debug
2023-11-30 19:18:49.853 -06:00 [INF] Watching parent process ([15737] RustDedicated) for shutdown
2023-11-30 19:18:49.854 -06:00 [DBG] Started message server. . .
2023-11-30 19:18:49.854 -06:00 [INF] Message server has started
2023-11-30 19:18:49.972 -06:00 [INF] Starting compiler v1.0.22.0. . .
2023-11-30 19:18:49.994 -06:00 [INF] Minimal logging level is set to Debug
2023-11-30 19:18:50.004 -06:00 [INF] Watching parent process ([3198] RustDedicated) for shutdown
2023-11-30 19:18:50.004 -06:00 [DBG] Started message server. . .
2023-11-30 19:18:50.004 -06:00 [INF] Message server has started
2023-11-30 19:18:51.856 -06:00 [INF] Sent ready message to parent process
2023-11-30 19:18:51.857 -06:00 [DBG] Compiler has started successfully and is awaiting jobs. . .
2023-11-30 19:18:52.002 -06:00 [INF] Sent ready message to parent process
2023-11-30 19:18:52.009 -06:00 [DBG] Compiler has started successfully and is awaiting jobs. . .
2023-11-30 19:18:52.083 -06:00 [DBG] Received compile job 1 | Plugins: 1, References: 56
2023-11-30 19:18:52.211 -06:00 [DBG] Received compile job 9 | Plugins: 1, References: 56
2023-11-30 19:18:52.859 -06:00 [INF] Starting compilation of job 1 | Total Plugins: 1
2023-11-30 19:18:52.859 -06:00 [DBG] Settings[Encoding: utf-8, CSVersion: Preview, Target: DynamicallyLinkedLibrary, Platform: AnyCpu, StdLib: False, Debug: False]
2023-11-30 19:18:52.883 -06:00 [DBG] Added 56 project references
2023-11-30 19:18:52.959 -06:00 [DBG] Added 1 plugins to the project
2023-11-30 19:18:53.014 -06:00 [INF] Starting compilation of job 9 | Total Plugins: 1
2023-11-30 19:18:53.014 -06:00 [DBG] Settings[Encoding: utf-8, CSVersion: Preview, Target: DynamicallyLinkedLibrary, Platform: AnyCpu, StdLib: False, Debug: False]
2023-11-30 19:18:53.040 -06:00 [DBG] Added 56 project references
2023-11-30 19:18:53.115 -06:00 [DBG] Added 1 plugins to the project
2023-11-30 19:18:53.694 -06:00 [INF] Successfully compiled 1/1 plugins for job 1 in 834ms
2023-11-30 19:18:53.694 -06:00 [DBG] Pushing job 1 back to parent
2023-11-30 19:18:53.714 -06:00 [INF] Termination request has been received from compiler stream
2023-11-30 19:18:53.838 -06:00 [INF] Successfully compiled 1/1 plugins for job 9 in 824ms
2023-11-30 19:18:53.839 -06:00 [DBG] Pushing job 9 back to parent
2023-11-30 19:18:53.852 -06:00 [INF] Termination request has been received from compiler stream
2023-11-30 19:18:54.694 -06:00 [INF] Termination request has been received from SIGTERM
2023-11-30 19:18:54.842 -06:00 [INF] Termination request has been received from SIGTERM
2023-11-30 19:20:33.925 -06:00 [INF] Starting compiler v1.0.22.0. . .
2023-11-30 19:20:33.947 -06:00 [INF] Minimal logging level is set to Debug
2023-11-30 19:20:33.960 -06:00 [INF] Watching parent process ([3198] RustDedicated) for shutdown
2023-11-30 19:20:33.960 -06:00 [DBG] Started message server. . .
2023-11-30 19:20:33.961 -06:00 [INF] Message server has started
2023-11-30 19:20:35.959 -06:00 [INF] Sent ready message to parent process
2023-11-30 19:20:35.960 -06:00 [DBG] Compiler has started successfully and is awaiting jobs. . .
2023-11-30 19:20:36.067 -06:00 [DBG] Received compile job 10 | Plugins: 44, References: 55
2023-11-30 19:20:36.964 -06:00 [INF] Starting compilation of job 10 | Total Plugins: 44
2023-11-30 19:20:36.964 -06:00 [DBG] Settings[Encoding: utf-8, CSVersion: Preview, Target: DynamicallyLinkedLibrary, Platform: AnyCpu, StdLib: False, Debug: False]
2023-11-30 19:20:36.987 -06:00 [DBG] Added 55 project references
2023-11-30 19:20:37.229 -06:00 [DBG] Plugin PlayerAdministration.cs is using unicode escape sequence
2023-11-30 19:20:37.308 -06:00 [DBG] Added 44 plugins to the project
2023-11-30 19:20:40.060 -06:00 [INF] Successfully compiled 44/44 plugins for job 10 in 3095ms
2023-11-30 19:20:40.060 -06:00 [DBG] Pushing job 10 back to parent
2023-11-30 19:20:40.063 -06:00 [INF] Termination request has been received from compiler stream
2023-11-30 19:20:41.062 -06:00 [INF] Termination request has been received from SIGTERM
2023-11-30 19:24:12.476 -06:00 [INF] Starting compiler v1.0.22.0. . .
2023-11-30 19:24:12.497 -06:00 [INF] Minimal logging level is set to Debug
2023-11-30 19:24:12.507 -06:00 [INF] Watching parent process ([3198] RustDedicated) for shutdown
2023-11-30 19:24:12.508 -06:00 [DBG] Started message server. . .
2023-11-30 19:24:12.508 -06:00 [INF] Message server has started
2023-11-30 19:24:14.507 -06:00 [INF] Sent ready message to parent process
2023-11-30 19:24:14.515 -06:00 [DBG] Compiler has started successfully and is awaiting jobs. . .
2023-11-30 19:24:14.614 -06:00 [DBG] Received compile job 11 | Plugins: 44, References: 55
2023-11-30 19:24:15.519 -06:00 [INF] Starting compilation of job 11 | Total Plugins: 44
2023-11-30 19:24:15.519 -06:00 [DBG] Settings[Encoding: utf-8, CSVersion: Preview, Target: DynamicallyLinkedLibrary, Platform: AnyCpu, StdLib: False, Debug: False]
2023-11-30 19:24:15.543 -06:00 [DBG] Added 55 project references
2023-11-30 19:24:15.792 -06:00 [DBG] Plugin PlayerAdministration.cs is using unicode escape sequence
2023-11-30 19:24:15.873 -06:00 [DBG] Added 44 plugins to the project
2023-11-30 19:24:18.463 -06:00 [INF] Successfully compiled 44/44 plugins for job 11 in 2943ms
2023-11-30 19:24:18.463 -06:00 [DBG] Pushing job 11 back to parent
2023-11-30 19:24:18.466 -06:00 [INF] Termination request has been received from compiler stream
2023-11-30 19:24:19.464 -06:00 [INF] Termination request has been received from SIGTERM
2023-11-30 19:32:59.994 -06:00 [INF] Starting compiler v1.0.22.0. . .
2023-11-30 19:33:00.016 -06:00 [INF] Minimal logging level is set to Debug
2023-11-30 19:33:00.032 -06:00 [INF] Watching parent process ([3198] RustDedicated) for shutdown
2023-11-30 19:33:00.033 -06:00 [DBG] Started message server. . .
2023-11-30 19:33:00.033 -06:00 [INF] Message server has started
2023-11-30 19:33:02.031 -06:00 [INF] Sent ready message to parent process
2023-11-30 19:33:02.032 -06:00 [DBG] Compiler has started successfully and is awaiting jobs. . .
2023-11-30 19:33:02.141 -06:00 [DBG] Received compile job 12 | Plugins: 44, References: 55
2023-11-30 19:33:03.034 -06:00 [INF] Starting compilation of job 12 | Total Plugins: 44
2023-11-30 19:33:03.034 -06:00 [DBG] Settings[Encoding: utf-8, CSVersion: Preview, Target: DynamicallyLinkedLibrary, Platform: AnyCpu, StdLib: False, Debug: False]
2023-11-30 19:33:03.057 -06:00 [DBG] Added 55 project references
2023-11-30 19:33:03.304 -06:00 [DBG] Plugin PlayerAdministration.cs is using unicode escape sequence
2023-11-30 19:33:03.385 -06:00 [DBG] Added 44 plugins to the project
2023-11-30 19:33:06.190 -06:00 [INF] Successfully compiled 44/44 plugins for job 12 in 3155ms
2023-11-30 19:33:06.190 -06:00 [DBG] Pushing job 12 back to parent
2023-11-30 19:33:06.194 -06:00 [INF] Termination request has been received from compiler stream
2023-11-30 19:33:07.189 -06:00 [INF] Termination request has been received from SIGTERM
2023-11-30 19:59:05.841 -06:00 [INF] Starting compiler v1.0.22.0. . .
2023-11-30 19:59:05.871 -06:00 [INF] Minimal logging level is set to Debug
2023-11-30 19:59:05.881 -06:00 [INF] Watching parent process ([3198] RustDedicated) for shutdown
2023-11-30 19:59:05.881 -06:00 [DBG] Started message server. . .
2023-11-30 19:59:05.882 -06:00 [INF] Message server has started
2023-11-30 19:59:07.885 -06:00 [INF] Sent ready message to parent process
2023-11-30 19:59:07.885 -06:00 [DBG] Compiler has started successfully and is awaiting jobs. . .
2023-11-30 19:59:08.000 -06:00 [DBG] Received compile job 13 | Plugins: 1, References: 54
2023-11-30 19:59:08.903 -06:00 [INF] Starting compilation of job 13 | Total Plugins: 1
2023-11-30 19:59:08.904 -06:00 [DBG] Settings[Encoding: utf-8, CSVersion: Preview, Target: DynamicallyLinkedLibrary, Platform: AnyCpu, StdLib: False, Debug: False]
2023-11-30 19:59:08.932 -06:00 [DBG] Added 54 project references
2023-11-30 19:59:09.036 -06:00 [DBG] Added 1 plugins to the project
2023-11-30 19:59:09.877 -06:00 [INF] Successfully compiled 1/1 plugins for job 13 in 973ms
2023-11-30 19:59:09.877 -06:00 [DBG] Pushing job 13 back to parent
2023-11-30 19:59:09.917 -06:00 [INF] Termination request has been received from compiler stream
2023-11-30 19:59:10.881 -06:00 [INF] Termination request has been received from SIGTERM
2023-11-30 20:05:34.092 -06:00 [INF] Starting compiler v1.0.22.0. . .
2023-11-30 20:05:34.134 -06:00 [INF] Minimal logging level is set to Debug
2023-11-30 20:05:34.147 -06:00 [INF] Watching parent process ([3198] RustDedicated) for shutdown
2023-11-30 20:05:34.148 -06:00 [DBG] Started message server. . .
2023-11-30 20:05:34.153 -06:00 [INF] Message server has started
2023-11-30 20:05:36.152 -06:00 [INF] Sent ready message to parent process
2023-11-30 20:05:36.153 -06:00 [DBG] Compiler has started successfully and is awaiting jobs. . .
2023-11-30 20:05:36.358 -06:00 [DBG] Received compile job 14 | Plugins: 44, References: 55
2023-11-30 20:05:37.163 -06:00 [INF] Starting compilation of job 14 | Total Plugins: 44
2023-11-30 20:05:37.167 -06:00 [DBG] Settings[Encoding: utf-8, CSVersion: Preview, Target: DynamicallyLinkedLibrary, Platform: AnyCpu, StdLib: False, Debug: False]
2023-11-30 20:05:37.215 -06:00 [DBG] Added 55 project references
2023-11-30 20:05:37.552 -06:00 [DBG] Plugin PlayerAdministration.cs is using unicode escape sequence
2023-11-30 20:05:37.635 -06:00 [DBG] Added 44 plugins to the project
2023-11-30 20:05:43.147 -06:00 [INF] Successfully compiled 44/44 plugins for job 14 in 5977ms
2023-11-30 20:05:43.157 -06:00 [DBG] Pushing job 14 back to parent
2023-11-30 20:05:43.233 -06:00 [INF] Termination request has been received from compiler stream
2023-11-30 20:05:44.255 -06:00 [INF] Termination request has been received from SIGTERM
2023-11-30 20:20:46.618 -06:00 [INF] Starting compiler v1.0.22.0. . .
2023-11-30 20:20:46.653 -06:00 [INF] Minimal logging level is set to Debug
2023-11-30 20:20:46.666 -06:00 [INF] Watching parent process ([3198] RustDedicated) for shutdown
2023-11-30 20:20:46.667 -06:00 [DBG] Started message server. . .
2023-11-30 20:20:46.667 -06:00 [INF] Message server has started
2023-11-30 20:20:48.669 -06:00 [INF] Sent ready message to parent process
2023-11-30 20:20:48.670 -06:00 [DBG] Compiler has started successfully and is awaiting jobs. . .
2023-11-30 20:20:48.785 -06:00 [DBG] Received compile job 15 | Plugins: 1, References: 54
2023-11-30 20:20:49.690 -06:00 [INF] Starting compilation of job 15 | Total Plugins: 1
2023-11-30 20:20:49.695 -06:00 [DBG] Settings[Encoding: utf-8, CSVersion: Preview, Target: DynamicallyLinkedLibrary, Platform: AnyCpu, StdLib: False, Debug: False]
2023-11-30 20:20:49.732 -06:00 [DBG] Added 54 project references
2023-11-30 20:20:49.945 -06:00 [DBG] Added 1 plugins to the project
2023-11-30 20:25:52.136 -06:00 [INF] Termination request has been received from compiler stream
2023-11-30 20:25:56.314 -06:00 [ERR] Error while compiling job 15 - The operation was canceled.
System.OperationCanceledException: The operation was canceled.
   at System.Threading.CancellationToken.ThrowOperationCanceledException()
   at Microsoft.Cci.MetadataWriter.SerializeMethodBodies(BlobBuilder ilBuilder, PdbWriter nativePdbWriterOpt, Blob& mvidStringFixup)
   at Microsoft.Cci.MetadataWriter.BuildMetadataAndIL(PdbWriter nativePdbWriterOpt, BlobBuilder ilBuilder, BlobBuilder mappedFieldDataBuilder, BlobBuilder managedResourceDataBuilder, Blob& mvidFixup, Blob& mvidStringFixup)
   at Microsoft.Cci.PeWriter.WritePeToStream(EmitContext context, CommonMessageProvider messageProvider, Func`1 getPeStream, Func`1 getPortablePdbStreamOpt, PdbWriter nativePdbWriterOpt, String pdbPathOpt, Boolean metadataOnly, Boolean isDeterministic, Boolean emitTestCoverageData, Nullable`1 privateKeyOpt, CancellationToken cancellationToken)
   at Microsoft.CodeAnalysis.Compilation.SerializePeToStream(CommonPEModuleBuilder moduleBeingBuilt, DiagnosticBag metadataDiagnostics, CommonMessageProvider messageProvider, Func`1 getPeStream, Func`1 getMetadataPeStreamOpt, Func`1 getPortablePdbStreamOpt, PdbWriter nativePdbWriterOpt, String pdbPathOpt, RebuildData rebuildData, Boolean metadataOnly, Boolean includePrivateMembers, Boolean isDeterministic, Boolean emitTestCoverageData, Nullable`1 privateKeyOpt, CancellationToken cancellationToken)
   at Microsoft.CodeAnalysis.Compilation.SerializeToPeStream(CommonPEModuleBuilder moduleBeingBuilt, EmitStreamProvider peStreamProvider, EmitStreamProvider metadataPEStreamProvider, EmitStreamProvider pdbStreamProvider, RebuildData rebuildData, Func`2 testSymWriterFactory, DiagnosticBag diagnostics, EmitOptions emitOptions, Nullable`1 privateKeyOpt, CancellationToken cancellationToken)
   at Microsoft.CodeAnalysis.Compilation.Emit(Stream peStream, Stream metadataPEStream, Stream pdbStream, Stream xmlDocumentationStream, Stream win32Resources, IEnumerable`1 manifestResources, EmitOptions options, IMethodSymbol debugEntryPoint, Stream sourceLinkStream, IEnumerable`1 embeddedTexts, RebuildData rebuildData, CompilationTestData testData, CancellationToken cancellationToken)
   at Microsoft.CodeAnalysis.Compilation.Emit(Stream peStream, Stream pdbStream, Stream xmlDocumentationStream, Stream win32Resources, IEnumerable`1 manifestResources, EmitOptions options, IMethodSymbol debugEntryPoint, Stream sourceLinkStream, IEnumerable`1 embeddedTexts, Stream metadataPEStream, RebuildData rebuildData, CancellationToken cancellationToken)
   at Oxide.CompilerServices.CSharp.CSharpLanguage.CompileProject(CSharpCompilation compilation, CompilerMessage message, CompilationResult compResult)
   at Oxide.CompilerServices.CSharp.CSharpLanguage.SafeCompile(CompilerData data, CompilerMessage message)
   at Oxide.CompilerServices.CSharp.CSharpLanguage.Compile(Int32 id, CompilerData data)
2023-11-30 20:25:56.768 -06:00 [INF] Termination request has been received from SIGTERM
2023-11-30 20:32:56.321 -06:00 [INF] Starting compiler v1.0.22.0. . .
2023-11-30 20:32:56.358 -06:00 [INF] Minimal logging level is set to Debug
2023-11-30 20:32:56.370 -06:00 [INF] Watching parent process ([3198] RustDedicated) for shutdown
2023-11-30 20:32:56.371 -06:00 [DBG] Started message server. . .
2023-11-30 20:32:56.372 -06:00 [INF] Message server has started
2023-11-30 20:32:58.374 -06:00 [INF] Sent ready message to parent process
2023-11-30 20:32:58.375 -06:00 [DBG] Compiler has started successfully and is awaiting jobs. . .
2023-11-30 20:32:58.493 -06:00 [DBG] Received compile job 16 | Plugins: 1, References: 54
2023-11-30 20:32:59.457 -06:00 [INF] Starting compilation of job 16 | Total Plugins: 1
2023-11-30 20:32:59.474 -06:00 [DBG] Settings[Encoding: utf-8, CSVersion: Preview, Target: DynamicallyLinkedLibrary, Platform: AnyCpu, StdLib: False, Debug: False]
2023-11-30 20:32:59.522 -06:00 [DBG] Added 54 project references
2023-11-30 20:32:59.943 -06:00 [DBG] Added 1 plugins to the project
2023-11-30 20:33:03.602 -06:00 [INF] Successfully compiled 1/1 plugins for job 16 in 4138ms
2023-11-30 20:33:03.610 -06:00 [DBG] Pushing job 16 back to parent
2023-11-30 20:38:03.784 -06:00 [INF] Termination request has been received from compiler stream
2023-11-30 20:38:04.704 -06:00 [INF] Termination request has been received from SIGTERM
2023-11-30 22:07:37.274 -06:00 [INF] Starting compiler v1.0.22.0. . .
2023-11-30 22:07:37.303 -06:00 [INF] Minimal logging level is set to Debug
2023-11-30 22:07:37.316 -06:00 [INF] Watching parent process ([3097] RustDedicated) for shutdown
2023-11-30 22:07:37.316 -06:00 [DBG] Started message server. . .
2023-11-30 22:07:37.317 -06:00 [INF] Message server has started
2023-11-30 22:07:39.318 -06:00 [INF] Sent ready message to parent process
2023-11-30 22:07:39.320 -06:00 [DBG] Compiler has started successfully and is awaiting jobs. . .
2023-11-30 22:07:39.495 -06:00 [DBG] Received compile job 0 | Plugins: 47, References: 57
2023-11-30 22:07:40.326 -06:00 [INF] Starting compilation of job 0 | Total Plugins: 47
2023-11-30 22:07:40.326 -06:00 [DBG] Settings[Encoding: utf-8, CSVersion: Preview, Target: DynamicallyLinkedLibrary, Platform: AnyCpu, StdLib: False, Debug: False]
2023-11-30 22:07:40.371 -06:00 [DBG] Added 57 project references
2023-11-30 22:07:40.636 -06:00 [DBG] Plugin PlayerAdministration.cs is using unicode escape sequence
2023-11-30 22:07:40.721 -06:00 [DBG] Added 47 plugins to the project
2023-11-30 22:07:43.032 -06:00 [INF] Successfully compiled 47/47 plugins for job 0 in 2706ms
2023-11-30 22:07:43.032 -06:00 [DBG] Pushing job 0 back to parent
2023-11-30 22:07:43.048 -06:00 [INF] Termination request has been received from compiler stream
2023-11-30 22:07:44.036 -06:00 [INF] Termination request has been received from SIGTERM
2023-11-30 22:16:53.422 -06:00 [INF] Starting compiler v1.0.22.0. . .
2023-11-30 22:16:53.444 -06:00 [INF] Minimal logging level is set to Debug
2023-11-30 22:16:53.453 -06:00 [INF] Watching parent process ([3097] RustDedicated) for shutdown
2023-11-30 22:16:53.454 -06:00 [DBG] Started message server. . .
2023-11-30 22:16:53.455 -06:00 [INF] Message server has started
2023-11-30 22:16:55.455 -06:00 [INF] Sent ready message to parent process
2023-11-30 22:16:55.456 -06:00 [DBG] Compiler has started successfully and is awaiting jobs. . .
2023-11-30 22:16:55.684 -06:00 [DBG] Received compile job 1 | Plugins: 1, References: 54
2023-11-30 22:16:56.460 -06:00 [INF] Starting compilation of job 1 | Total Plugins: 1
2023-11-30 22:16:56.460 -06:00 [DBG] Settings[Encoding: utf-8, CSVersion: Preview, Target: DynamicallyLinkedLibrary, Platform: AnyCpu, StdLib: False, Debug: False]
2023-11-30 22:16:56.485 -06:00 [DBG] Added 54 project references
2023-11-30 22:16:56.543 -06:00 [DBG] Added 1 plugins to the project
2023-11-30 22:16:57.113 -06:00 [INF] Successfully compiled 1/1 plugins for job 1 in 653ms
2023-11-30 22:16:57.113 -06:00 [DBG] Pushing job 1 back to parent
2023-11-30 22:16:57.114 -06:00 [INF] Termination request has been received from compiler stream
2023-11-30 22:16:58.114 -06:00 [INF] Termination request has been received from SIGTERM
