2023-11-25 03:10:55.873 -06:00 [INF] Starting compiler v1.0.22.0. . .
2023-11-25 03:10:55.895 -06:00 [INF] Minimal logging level is set to Debug
2023-11-25 03:10:55.904 -06:00 [INF] Watching parent process ([3181] RustDedicated) for shutdown
2023-11-25 03:10:55.904 -06:00 [DBG] Started message server. . .
2023-11-25 03:10:55.905 -06:00 [INF] Message server has started
2023-11-25 03:10:57.906 -06:00 [INF] Sent ready message to parent process
2023-11-25 03:10:57.907 -06:00 [DBG] Compiler has started successfully and is awaiting jobs. . .
2023-11-25 03:10:58.089 -06:00 [DBG] Received compile job 0 | Plugins: 45, References: 57
2023-11-25 03:10:58.442 -06:00 [INF] Starting compilation of job 0 | Total Plugins: 45
2023-11-25 03:10:58.443 -06:00 [DBG] Settings[Encoding: utf-8, CSVersion: Preview, Target: DynamicallyLinkedLibrary, Platform: AnyCpu, StdLib: False, Debug: False]
2023-11-25 03:10:58.490 -06:00 [DBG] Added 57 project references
2023-11-25 03:10:58.711 -06:00 [DBG] Plugin PlayerAdministration.cs is using unicode escape sequence
2023-11-25 03:10:58.824 -06:00 [DBG] Added 45 plugins to the project
2023-11-25 03:11:00.813 -06:00 [INF] Successfully compiled 45/45 plugins for job 0 in 2371ms
2023-11-25 03:11:00.813 -06:00 [DBG] Pushing job 0 back to parent
2023-11-25 03:11:00.827 -06:00 [INF] Termination request has been received from compiler stream
2023-11-25 03:11:01.813 -06:00 [INF] Termination request has been received from SIGTERM
2023-11-25 09:53:41.863 -06:00 [INF] Starting compiler v1.0.22.0. . .
2023-11-25 09:53:41.886 -06:00 [INF] Minimal logging level is set to Debug
2023-11-25 09:53:41.896 -06:00 [INF] Watching parent process ([3181] RustDedicated) for shutdown
2023-11-25 09:53:41.896 -06:00 [DBG] Started message server. . .
2023-11-25 09:53:41.897 -06:00 [INF] Message server has started
2023-11-25 09:53:43.897 -06:00 [INF] Sent ready message to parent process
2023-11-25 09:53:43.897 -06:00 [DBG] Compiler has started successfully and is awaiting jobs. . .
2023-11-25 09:53:44.034 -06:00 [DBG] Received compile job 1 | Plugins: 44, References: 57
2023-11-25 09:53:44.898 -06:00 [INF] Starting compilation of job 1 | Total Plugins: 44
2023-11-25 09:53:44.898 -06:00 [DBG] Settings[Encoding: utf-8, CSVersion: Preview, Target: DynamicallyLinkedLibrary, Platform: AnyCpu, StdLib: False, Debug: False]
2023-11-25 09:53:44.924 -06:00 [DBG] Added 57 project references
2023-11-25 09:53:45.150 -06:00 [DBG] Plugin PlayerAdministration.cs is using unicode escape sequence
2023-11-25 09:53:45.268 -06:00 [DBG] Added 44 plugins to the project
2023-11-25 09:53:47.710 -06:00 [INF] Successfully compiled 44/44 plugins for job 1 in 2812ms
2023-11-25 09:53:47.711 -06:00 [DBG] Pushing job 1 back to parent
2023-11-25 09:53:47.714 -06:00 [INF] Termination request has been received from compiler stream
2023-11-25 09:53:48.712 -06:00 [INF] Termination request has been received from SIGTERM
