2023-12-08 03:00:49.223 -06:00 [INF] Starting compiler v1.0.26.0. . .
2023-12-08 03:00:49.242 -06:00 [INF] Minimal logging level is set to Debug
2023-12-08 03:00:49.251 -06:00 [INF] Watching parent process ([1840] RustDedicated) for shutdown
2023-12-08 03:00:49.251 -06:00 [DBG] Started message server. . .
2023-12-08 03:00:49.251 -06:00 [INF] Message server has started
2023-12-08 03:00:51.256 -06:00 [INF] Sent ready message to parent process
2023-12-08 03:00:51.257 -06:00 [DBG] Compiler has started successfully and is awaiting jobs. . .
2023-12-08 03:00:51.428 -06:00 [DBG] Received compile job 0 | Plugins: 47, References: 57
2023-12-08 03:00:52.266 -06:00 [INF] Starting compilation of job 0 | Total Plugins: 47
2023-12-08 03:00:52.277 -06:00 [DBG] Settings[Encoding: utf-8, CSVersion: Preview, Target: DynamicallyLinkedLibrary, Platform: AnyCpu, StdLib: False, Debug: False, Preprocessor: OXIDE, OXIDEMOD, RUST, RUST_MASTER, RUST_2_0_6089, RUST_2_0_6089_MASTER]
Reference Files:
  - [1] mscorlib.dll(4623360)
  - [2] Oxide.Core.dll(193024)
  - [3] Oxide.CSharp.dll(102912)
  - [4] Oxide.Common.dll(7168)
  - [5] System.dll(2651648)
  - [6] System.Core.dll(1115136)
  - [7] System.Data.dll(2081280)
  - [8] System.Xml.dll(3160064)
  - [9] Oxide.References.dll(1419264)
  - [10] Oxide.MySql.dll(20480)
  - [11] MySql.Data.dll(443392)
  - [12] Oxide.SQLite.dll(20992)
  - [13] System.Data.SQLite.dll(286720)
  - [14] Oxide.Unity.dll(10240)
  - [15] UnityEngine.dll(101376)
  - [16] Oxide.Rust.dll(93696)
  - [17] Facepunch.System.dll(55808)
  - [18] Assembly-CSharp.dll(4744192)
  - [19] Facepunch.Console.dll(20992)
  - [20] UnityEngine.CoreModule.dll(1264128)
  - [21] Facepunch.Network.dll(43008)
  - [22] Rust.Platform.Common.dll(15872)
  - [23] Rust.Data.dll(1074176)
  - [24] UnityEngine.TextRenderingModule.dll(28672)
  - [25] UnityEngine.UI.dll(224256)
  - [26] Rust.Global.dll(70656)
  - [27] Facepunch.Steamworks.Posix.dll(556032)
  - [28] Facepunch.UnityEngine.dll(112128)
  - [29] Assembly-CSharp-firstpass.dll(1457664)
  - [30] Facepunch.Unity.dll(66048)
  - [31] Rust.FileSystem.dll(16896)
  - [32] Rust.Clans.dll(9216)
  - [33] Rust.Clans.Local.dll(50176)
  - [34] Rust.Localization.dll(4096)
  - [35] Rust.Platform.dll(5632)
  - [36] Rust.Platform.Steam.dll(22528)
  - [37] Rust.Workshop.dll(455168)
  - [38] Rust.World.dll(10240)
  - [39] System.Drawing.dll(481280)
  - [40] UnityEngine.AIModule.dll(46080)
  - [41] UnityEngine.AssetBundleModule.dll(23040)
  - [42] UnityEngine.GridModule.dll(14336)
  - [43] UnityEngine.ImageConversionModule.dll(13824)
  - [44] UnityEngine.PhysicsModule.dll(104448)
  - [45] UnityEngine.TerrainModule.dll(88064)
  - [46] UnityEngine.TerrainPhysicsModule.dll(10240)
  - [47] UnityEngine.UIModule.dll(25600)
  - [48] UnityEngine.UIElementsModule.dll(1205248)
  - [49] UnityEngine.UnityWebRequestAudioModule.dll(12288)
  - [50] UnityEngine.UnityWebRequestModule.dll(46592)
  - [51] UnityEngine.UnityWebRequestTextureModule.dll(11776)
  - [52] UnityEngine.UnityWebRequestWWWModule.dll(20992)
  - [53] UnityEngine.VehiclesModule.dll(13312)
  - [54] netstandard.dll(90624)
  - [55] Oxide.Ext.Discord.dll(381440)
  - [56] Facepunch.Sqlite.dll(16384)
  - [57] UnityEngine.SharedInternalsModule.dll(22016)
Plugin Files:
  - [1] AdminAntiHackFix.cs(497)
  - [2] AdminHammer.cs(18918)
  - [3] AdminNoLoot.cs(4631)
  - [4] AdminRadar.cs(204571)
  - [5] AutomatedEvents.cs(65377)
  - [6] BGrade.cs(26761)
  - [7] Backpacks.cs(331975)
  - [8] BanDeleteBy.cs(1896)
  - [9] BetterChat.cs(40408)
  - [10] BetterChatFlood.cs(4567)
  - [11] BetterSay.cs(3036)
  - [12] BlueprintManager.cs(21264)
  - [13] BodiesToBags.cs(1957)
  - [14] BuildingSkins.cs(52792)
  - [15] BypassQueue.cs(693)
  - [16] ColouredChat.cs(57031)
  - [17] CopyPaste.cs(128793)
  - [18] CustomIcon.cs(2101)
  - [19] DiscordReport.cs(23295)
  - [20] DiscordStatus.cs(14373)
  - [21] FireworkGun.cs(2612)
  - [22] Freeze.cs(15431)
  - [23] ImageLibrary.cs(53087)
  - [24] InfiniteAmmo.cs(6191)
  - [25] InventoryViewer.cs(19113)
  - [26] Kits.cs(146698)
  - [27] LoadingMessages.cs(9778)
  - [28] MagicImagesPanel.cs(7754)
  - [29] MagicMessagePanel.cs(14646)
  - [30] MagicPanel.cs(45898)
  - [31] NoGiveNotices.cs(434)
  - [32] Payback.cs(175928)
  - [33] PermissionsManager.cs(75294)
  - [34] PlayerAdministration.cs(191542)
  - [35] Rustcord.cs(257260)
  - [36] ServerInfo.cs(42933)
  - [37] ServerPop.cs(766)
  - [38] Skins.cs(44102)
  - [39] SkipNightVote.cs(11270)
  - [40] SmartChatBot.cs(26348)
  - [41] TimeOfDay.cs(11269)
  - [42] TimedExecute.cs(7846)
  - [43] UFilter.cs(17027)
  - [44] VIPTrial.cs(13333)
  - [45] Vanish.cs(31997)
  - [46] VoiceMute.cs(26399)
  - [47] Welcomer.cs(13923)
2023-12-08 03:00:52.316 -06:00 [DBG] Added 57 project references
2023-12-08 03:00:52.545 -06:00 [DBG] Plugin PlayerAdministration.cs is using unicode escape sequence
2023-12-08 03:00:52.654 -06:00 [DBG] Added 47 plugins to the project
2023-12-08 03:00:54.840 -06:00 [INF] Successfully compiled 47/47 plugins for job 0 in 2575ms
2023-12-08 03:00:54.840 -06:00 [DBG] Pushing job 0 back to parent
2023-12-08 03:01:49.146 -06:00 [INF] Termination request has been received from compiler stream
2023-12-08 03:01:49.905 -06:00 [INF] Termination request has been received from SIGTERM
2023-12-08 08:58:41.374 -06:00 [INF] Starting compiler v1.0.26.0. . .
2023-12-08 08:58:41.395 -06:00 [INF] Minimal logging level is set to Debug
2023-12-08 08:58:41.406 -06:00 [INF] Watching parent process ([12100] RustDedicated) for shutdown
2023-12-08 08:58:41.406 -06:00 [DBG] Started message server. . .
2023-12-08 08:58:41.407 -06:00 [INF] Message server has started
2023-12-08 08:58:43.408 -06:00 [INF] Sent ready message to parent process
2023-12-08 08:58:43.410 -06:00 [DBG] Compiler has started successfully and is awaiting jobs. . .
2023-12-08 08:58:43.576 -06:00 [DBG] Received compile job 0 | Plugins: 46, References: 57
2023-12-08 08:58:44.416 -06:00 [INF] Starting compilation of job 0 | Total Plugins: 46
2023-12-08 08:58:44.417 -06:00 [DBG] Settings[Encoding: utf-8, CSVersion: Preview, Target: DynamicallyLinkedLibrary, Platform: AnyCpu, StdLib: False, Debug: False, Preprocessor: OXIDE, OXIDEMOD, RUST, RUST_MASTER, RUST_2_0_6091, RUST_2_0_6091_MASTER]
Reference Files:
  - [1] mscorlib.dll(4623360)
  - [2] Oxide.Core.dll(193024)
  - [3] Oxide.CSharp.dll(102912)
  - [4] Oxide.Common.dll(7168)
  - [5] System.dll(2651648)
  - [6] System.Core.dll(1115136)
  - [7] System.Data.dll(2081280)
  - [8] System.Xml.dll(3160064)
  - [9] Oxide.References.dll(1419264)
  - [10] Oxide.MySql.dll(20480)
  - [11] MySql.Data.dll(443392)
  - [12] Oxide.SQLite.dll(20992)
  - [13] System.Data.SQLite.dll(286720)
  - [14] Oxide.Unity.dll(10240)
  - [15] UnityEngine.dll(101376)
  - [16] Oxide.Rust.dll(93696)
  - [17] Facepunch.System.dll(55808)
  - [18] Assembly-CSharp.dll(4745728)
  - [19] Facepunch.Console.dll(20992)
  - [20] UnityEngine.CoreModule.dll(1264128)
  - [21] Facepunch.Network.dll(43008)
  - [22] Rust.Platform.Common.dll(15872)
  - [23] Rust.Data.dll(1074176)
  - [24] UnityEngine.TextRenderingModule.dll(28672)
  - [25] UnityEngine.UI.dll(224256)
  - [26] Rust.Global.dll(70656)
  - [27] Facepunch.Steamworks.Posix.dll(556032)
  - [28] Facepunch.UnityEngine.dll(112128)
  - [29] Assembly-CSharp-firstpass.dll(1457664)
  - [30] Facepunch.Unity.dll(66048)
  - [31] Rust.FileSystem.dll(16896)
  - [32] Rust.Clans.dll(9216)
  - [33] Rust.Clans.Local.dll(50176)
  - [34] Rust.Localization.dll(4096)
  - [35] Rust.Platform.dll(5632)
  - [36] Rust.Platform.Steam.dll(22528)
  - [37] Rust.Workshop.dll(455168)
  - [38] Rust.World.dll(10240)
  - [39] System.Drawing.dll(481280)
  - [40] UnityEngine.AIModule.dll(46080)
  - [41] UnityEngine.AssetBundleModule.dll(23040)
  - [42] UnityEngine.GridModule.dll(14336)
  - [43] UnityEngine.ImageConversionModule.dll(13824)
  - [44] UnityEngine.PhysicsModule.dll(104448)
  - [45] UnityEngine.TerrainModule.dll(88064)
  - [46] UnityEngine.TerrainPhysicsModule.dll(10240)
  - [47] UnityEngine.UIModule.dll(25600)
  - [48] UnityEngine.UIElementsModule.dll(1205248)
  - [49] UnityEngine.UnityWebRequestAudioModule.dll(12288)
  - [50] UnityEngine.UnityWebRequestModule.dll(46592)
  - [51] UnityEngine.UnityWebRequestTextureModule.dll(11776)
  - [52] UnityEngine.UnityWebRequestWWWModule.dll(20992)
  - [53] UnityEngine.VehiclesModule.dll(13312)
  - [54] netstandard.dll(90624)
  - [55] Oxide.Ext.Discord.dll(381440)
  - [56] Facepunch.Sqlite.dll(16384)
  - [57] UnityEngine.SharedInternalsModule.dll(22016)
Plugin Files:
  - [1] AdminAntiHackFix.cs(497)
  - [2] AdminHammer.cs(18918)
  - [3] AdminNoLoot.cs(4631)
  - [4] AdminRadar.cs(204571)
  - [5] AutomatedEvents.cs(65377)
  - [6] BGrade.cs(26761)
  - [7] Backpacks.cs(331975)
  - [8] BanDeleteBy.cs(1896)
  - [9] BetterChat.cs(40408)
  - [10] BetterChatFlood.cs(4567)
  - [11] BetterSay.cs(3036)
  - [12] BlueprintManager.cs(21264)
  - [13] BodiesToBags.cs(1957)
  - [14] BuildingSkins.cs(52792)
  - [15] BypassQueue.cs(693)
  - [16] ColouredChat.cs(57031)
  - [17] CopyPaste.cs(128793)
  - [18] CustomIcon.cs(2101)
  - [19] DiscordReport.cs(23295)
  - [20] DiscordStatus.cs(14373)
  - [21] FireworkGun.cs(2612)
  - [22] Freeze.cs(15431)
  - [23] ImageLibrary.cs(53087)
  - [24] InfiniteAmmo.cs(6191)
  - [25] InventoryViewer.cs(19113)
  - [26] Kits.cs(146698)
  - [27] LoadingMessages.cs(9778)
  - [28] MagicImagesPanel.cs(7754)
  - [29] MagicMessagePanel.cs(14646)
  - [30] MagicPanel.cs(45898)
  - [31] NoGiveNotices.cs(434)
  - [32] Payback.cs(175928)
  - [33] PermissionsManager.cs(75294)
  - [34] PlayerAdministration.cs(191542)
  - [35] ServerInfo.cs(42933)
  - [36] ServerPop.cs(766)
  - [37] Skins.cs(44102)
  - [38] SkipNightVote.cs(11270)
  - [39] SmartChatBot.cs(26348)
  - [40] TimeOfDay.cs(11269)
  - [41] TimedExecute.cs(7846)
  - [42] UFilter.cs(17027)
  - [43] VIPTrial.cs(13333)
  - [44] Vanish.cs(31997)
  - [45] VoiceMute.cs(26399)
  - [46] Welcomer.cs(13923)
2023-12-08 08:58:44.438 -06:00 [DBG] Added 57 project references
2023-12-08 08:58:44.692 -06:00 [DBG] Plugin PlayerAdministration.cs is using unicode escape sequence
2023-12-08 08:58:44.742 -06:00 [DBG] Added 46 plugins to the project
2023-12-08 08:58:46.620 -06:00 [INF] Successfully compiled 46/46 plugins for job 0 in 2204ms
2023-12-08 08:58:46.620 -06:00 [DBG] Pushing job 0 back to parent
2023-12-08 08:59:40.809 -06:00 [INF] Termination request has been received from compiler stream
2023-12-08 08:59:41.619 -06:00 [INF] Termination request has been received from SIGTERM
2023-12-08 09:06:59.081 -06:00 [INF] Starting compiler v1.0.26.0. . .
2023-12-08 09:06:59.104 -06:00 [INF] Minimal logging level is set to Debug
2023-12-08 09:06:59.113 -06:00 [INF] Watching parent process ([12100] RustDedicated) for shutdown
2023-12-08 09:06:59.113 -06:00 [DBG] Started message server. . .
2023-12-08 09:06:59.114 -06:00 [INF] Message server has started
2023-12-08 09:07:01.117 -06:00 [INF] Sent ready message to parent process
2023-12-08 09:07:01.117 -06:00 [DBG] Compiler has started successfully and is awaiting jobs. . .
2023-12-08 09:07:01.348 -06:00 [DBG] Received compile job 1 | Plugins: 45, References: 57
2023-12-08 09:07:02.117 -06:00 [INF] Starting compilation of job 1 | Total Plugins: 45
2023-12-08 09:07:02.121 -06:00 [DBG] Settings[Encoding: utf-8, CSVersion: Preview, Target: DynamicallyLinkedLibrary, Platform: AnyCpu, StdLib: False, Debug: False, Preprocessor: OXIDE, OXIDEMOD, RUST, RUST_MASTER, RUST_2_0_6091, RUST_2_0_6091_MASTER]
Reference Files:
  - [1] mscorlib.dll(4623360)
  - [2] Oxide.Core.dll(193024)
  - [3] Oxide.CSharp.dll(102912)
  - [4] Oxide.Common.dll(7168)
  - [5] System.dll(2651648)
  - [6] System.Core.dll(1115136)
  - [7] System.Data.dll(2081280)
  - [8] System.Xml.dll(3160064)
  - [9] Oxide.References.dll(1419264)
  - [10] Oxide.MySql.dll(20480)
  - [11] MySql.Data.dll(443392)
  - [12] Oxide.SQLite.dll(20992)
  - [13] System.Data.SQLite.dll(286720)
  - [14] Oxide.Unity.dll(10240)
  - [15] UnityEngine.dll(101376)
  - [16] Oxide.Rust.dll(93696)
  - [17] Facepunch.System.dll(55808)
  - [18] Assembly-CSharp.dll(4745728)
  - [19] Facepunch.Console.dll(20992)
  - [20] UnityEngine.CoreModule.dll(1264128)
  - [21] Facepunch.Network.dll(43008)
  - [22] Rust.Platform.Common.dll(15872)
  - [23] Rust.Data.dll(1074176)
  - [24] UnityEngine.TextRenderingModule.dll(28672)
  - [25] UnityEngine.UI.dll(224256)
  - [26] Rust.Global.dll(70656)
  - [27] Facepunch.Steamworks.Posix.dll(556032)
  - [28] Facepunch.UnityEngine.dll(112128)
  - [29] Assembly-CSharp-firstpass.dll(1457664)
  - [30] Facepunch.Unity.dll(66048)
  - [31] Rust.FileSystem.dll(16896)
  - [32] Rust.Clans.dll(9216)
  - [33] Rust.Clans.Local.dll(50176)
  - [34] Rust.Localization.dll(4096)
  - [35] Rust.Platform.dll(5632)
  - [36] Rust.Platform.Steam.dll(22528)
  - [37] Rust.Workshop.dll(455168)
  - [38] Rust.World.dll(10240)
  - [39] System.Drawing.dll(481280)
  - [40] UnityEngine.AIModule.dll(46080)
  - [41] UnityEngine.AssetBundleModule.dll(23040)
  - [42] UnityEngine.GridModule.dll(14336)
  - [43] UnityEngine.ImageConversionModule.dll(13824)
  - [44] UnityEngine.PhysicsModule.dll(104448)
  - [45] UnityEngine.TerrainModule.dll(88064)
  - [46] UnityEngine.TerrainPhysicsModule.dll(10240)
  - [47] UnityEngine.UIModule.dll(25600)
  - [48] UnityEngine.UIElementsModule.dll(1205248)
  - [49] UnityEngine.UnityWebRequestAudioModule.dll(12288)
  - [50] UnityEngine.UnityWebRequestModule.dll(46592)
  - [51] UnityEngine.UnityWebRequestTextureModule.dll(11776)
  - [52] UnityEngine.UnityWebRequestWWWModule.dll(20992)
  - [53] UnityEngine.VehiclesModule.dll(13312)
  - [54] netstandard.dll(90624)
  - [55] Oxide.Ext.Discord.dll(381440)
  - [56] Facepunch.Sqlite.dll(16384)
  - [57] UnityEngine.SharedInternalsModule.dll(22016)
Plugin Files:
  - [1] AdminAntiHackFix.cs(497)
  - [2] AdminHammer.cs(18918)
  - [3] AdminNoLoot.cs(4631)
  - [4] AdminRadar.cs(204571)
  - [5] AutomatedEvents.cs(65377)
  - [6] BGrade.cs(26761)
  - [7] Backpacks.cs(331975)
  - [8] BanDeleteBy.cs(1896)
  - [9] BetterChat.cs(40408)
  - [10] BetterChatFlood.cs(4567)
  - [11] BetterSay.cs(3036)
  - [12] BlueprintManager.cs(21264)
  - [13] BodiesToBags.cs(1957)
  - [14] BuildingSkins.cs(52792)
  - [15] BypassQueue.cs(693)
  - [16] ColouredChat.cs(57031)
  - [17] CopyPaste.cs(128793)
  - [18] CustomIcon.cs(2101)
  - [19] DiscordReport.cs(23295)
  - [20] DiscordStatus.cs(14373)
  - [21] FireworkGun.cs(2612)
  - [22] Freeze.cs(15431)
  - [23] ImageLibrary.cs(53087)
  - [24] InfiniteAmmo.cs(6191)
  - [25] InventoryViewer.cs(19113)
  - [26] Kits.cs(146698)
  - [27] LoadingMessages.cs(9778)
  - [28] MagicImagesPanel.cs(7754)
  - [29] MagicMessagePanel.cs(14646)
  - [30] MagicPanel.cs(45898)
  - [31] NoGiveNotices.cs(434)
  - [32] Payback.cs(175928)
  - [33] PermissionsManager.cs(75294)
  - [34] PlayerAdministration.cs(191542)
  - [35] ServerInfo.cs(42933)
  - [36] ServerPop.cs(766)
  - [37] Skins.cs(44102)
  - [38] SkipNightVote.cs(11270)
  - [39] SmartChatBot.cs(26348)
  - [40] TimeOfDay.cs(11269)
  - [41] TimedExecute.cs(7846)
  - [42] UFilter.cs(17027)
  - [43] VIPTrial.cs(13333)
  - [44] Vanish.cs(31997)
  - [45] VoiceMute.cs(26399)
2023-12-08 09:07:02.142 -06:00 [DBG] Added 57 project references
2023-12-08 09:07:02.393 -06:00 [DBG] Plugin PlayerAdministration.cs is using unicode escape sequence
2023-12-08 09:07:02.485 -06:00 [DBG] Added 45 plugins to the project
2023-12-08 09:07:04.760 -06:00 [INF] Successfully compiled 45/45 plugins for job 1 in 2643ms
2023-12-08 09:07:04.761 -06:00 [DBG] Pushing job 1 back to parent
2023-12-08 09:08:04.861 -06:00 [INF] Termination request has been received from compiler stream
2023-12-08 09:08:05.770 -06:00 [INF] Termination request has been received from SIGTERM
2023-12-08 09:12:27.639 -06:00 [INF] Starting compiler v1.0.26.0. . .
2023-12-08 09:12:27.662 -06:00 [INF] Minimal logging level is set to Debug
2023-12-08 09:12:27.672 -06:00 [INF] Watching parent process ([12100] RustDedicated) for shutdown
2023-12-08 09:12:27.672 -06:00 [DBG] Started message server. . .
2023-12-08 09:12:27.672 -06:00 [INF] Message server has started
2023-12-08 09:12:29.672 -06:00 [INF] Sent ready message to parent process
2023-12-08 09:12:29.673 -06:00 [DBG] Compiler has started successfully and is awaiting jobs. . .
2023-12-08 09:12:29.783 -06:00 [DBG] Received compile job 2 | Plugins: 1, References: 55
2023-12-08 09:12:30.673 -06:00 [INF] Starting compilation of job 2 | Total Plugins: 1
2023-12-08 09:12:30.674 -06:00 [DBG] Settings[Encoding: utf-8, CSVersion: Preview, Target: DynamicallyLinkedLibrary, Platform: AnyCpu, StdLib: False, Debug: False, Preprocessor: OXIDE, OXIDEMOD, RUST, RUST_MASTER, RUST_2_0_6091, RUST_2_0_6091_MASTER]
Reference Files:
  - [1] mscorlib.dll(4623360)
  - [2] Oxide.Core.dll(193024)
  - [3] Oxide.CSharp.dll(102912)
  - [4] Oxide.Common.dll(7168)
  - [5] System.dll(2651648)
  - [6] System.Core.dll(1115136)
  - [7] System.Data.dll(2081280)
  - [8] System.Xml.dll(3160064)
  - [9] Oxide.References.dll(1419264)
  - [10] Oxide.MySql.dll(20480)
  - [11] MySql.Data.dll(443392)
  - [12] Oxide.SQLite.dll(20992)
  - [13] System.Data.SQLite.dll(286720)
  - [14] Oxide.Unity.dll(10240)
  - [15] UnityEngine.dll(101376)
  - [16] Oxide.Rust.dll(93696)
  - [17] Facepunch.System.dll(55808)
  - [18] Assembly-CSharp.dll(4745728)
  - [19] Facepunch.Console.dll(20992)
  - [20] UnityEngine.CoreModule.dll(1264128)
  - [21] Facepunch.Network.dll(43008)
  - [22] Rust.Platform.Common.dll(15872)
  - [23] Rust.Data.dll(1074176)
  - [24] UnityEngine.TextRenderingModule.dll(28672)
  - [25] UnityEngine.UI.dll(224256)
  - [26] Rust.Global.dll(70656)
  - [27] Facepunch.Steamworks.Posix.dll(556032)
  - [28] Facepunch.UnityEngine.dll(112128)
  - [29] Assembly-CSharp-firstpass.dll(1457664)
  - [30] Facepunch.Unity.dll(66048)
  - [31] Rust.FileSystem.dll(16896)
  - [32] Rust.Clans.dll(9216)
  - [33] Rust.Clans.Local.dll(50176)
  - [34] Rust.Localization.dll(4096)
  - [35] Rust.Platform.dll(5632)
  - [36] Rust.Platform.Steam.dll(22528)
  - [37] Rust.Workshop.dll(455168)
  - [38] Rust.World.dll(10240)
  - [39] System.Drawing.dll(481280)
  - [40] UnityEngine.AIModule.dll(46080)
  - [41] UnityEngine.AssetBundleModule.dll(23040)
  - [42] UnityEngine.GridModule.dll(14336)
  - [43] UnityEngine.ImageConversionModule.dll(13824)
  - [44] UnityEngine.PhysicsModule.dll(104448)
  - [45] UnityEngine.TerrainModule.dll(88064)
  - [46] UnityEngine.TerrainPhysicsModule.dll(10240)
  - [47] UnityEngine.UIModule.dll(25600)
  - [48] UnityEngine.UIElementsModule.dll(1205248)
  - [49] UnityEngine.UnityWebRequestAudioModule.dll(12288)
  - [50] UnityEngine.UnityWebRequestModule.dll(46592)
  - [51] UnityEngine.UnityWebRequestTextureModule.dll(11776)
  - [52] UnityEngine.UnityWebRequestWWWModule.dll(20992)
  - [53] UnityEngine.VehiclesModule.dll(13312)
  - [54] netstandard.dll(90624)
  - [55] Oxide.Ext.Discord.dll(381440)
Plugin Files:
  - [1] Rustcord.cs(257260)
2023-12-08 09:12:30.697 -06:00 [DBG] Added 55 project references
2023-12-08 09:12:30.770 -06:00 [DBG] Added 1 plugins to the project
2023-12-08 09:12:31.797 -06:00 [INF] Successfully compiled 1/1 plugins for job 2 in 1123ms
2023-12-08 09:12:31.797 -06:00 [DBG] Pushing job 2 back to parent
2023-12-08 09:13:31.809 -06:00 [INF] Termination request has been received from compiler stream
2023-12-08 09:13:32.795 -06:00 [INF] Termination request has been received from SIGTERM
2023-12-08 09:19:43.846 -06:00 [INF] Starting compiler v1.0.26.0. . .
2023-12-08 09:19:43.868 -06:00 [INF] Minimal logging level is set to Debug
2023-12-08 09:19:43.876 -06:00 [INF] Watching parent process ([12100] RustDedicated) for shutdown
2023-12-08 09:19:43.877 -06:00 [DBG] Started message server. . .
2023-12-08 09:19:43.877 -06:00 [INF] Message server has started
2023-12-08 09:19:45.876 -06:00 [INF] Sent ready message to parent process
2023-12-08 09:19:45.877 -06:00 [DBG] Compiler has started successfully and is awaiting jobs. . .
2023-12-08 09:19:45.976 -06:00 [DBG] Received compile job 3 | Plugins: 1, References: 54
2023-12-08 09:19:46.877 -06:00 [INF] Starting compilation of job 3 | Total Plugins: 1
2023-12-08 09:19:46.878 -06:00 [DBG] Settings[Encoding: utf-8, CSVersion: Preview, Target: DynamicallyLinkedLibrary, Platform: AnyCpu, StdLib: False, Debug: False, Preprocessor: OXIDE, OXIDEMOD, RUST, RUST_MASTER, RUST_2_0_6091, RUST_2_0_6091_MASTER]
Reference Files:
  - [1] mscorlib.dll(4623360)
  - [2] Oxide.Core.dll(193024)
  - [3] Oxide.CSharp.dll(102912)
  - [4] Oxide.Common.dll(7168)
  - [5] System.dll(2651648)
  - [6] System.Core.dll(1115136)
  - [7] System.Data.dll(2081280)
  - [8] System.Xml.dll(3160064)
  - [9] Oxide.References.dll(1419264)
  - [10] Oxide.MySql.dll(20480)
  - [11] MySql.Data.dll(443392)
  - [12] Oxide.SQLite.dll(20992)
  - [13] System.Data.SQLite.dll(286720)
  - [14] Oxide.Unity.dll(10240)
  - [15] UnityEngine.dll(101376)
  - [16] Oxide.Rust.dll(93696)
  - [17] Facepunch.System.dll(55808)
  - [18] Assembly-CSharp.dll(4745728)
  - [19] Facepunch.Console.dll(20992)
  - [20] UnityEngine.CoreModule.dll(1264128)
  - [21] Facepunch.Network.dll(43008)
  - [22] Rust.Platform.Common.dll(15872)
  - [23] Rust.Data.dll(1074176)
  - [24] UnityEngine.TextRenderingModule.dll(28672)
  - [25] UnityEngine.UI.dll(224256)
  - [26] Rust.Global.dll(70656)
  - [27] Facepunch.Steamworks.Posix.dll(556032)
  - [28] Facepunch.UnityEngine.dll(112128)
  - [29] Assembly-CSharp-firstpass.dll(1457664)
  - [30] Facepunch.Unity.dll(66048)
  - [31] Rust.FileSystem.dll(16896)
  - [32] Rust.Clans.dll(9216)
  - [33] Rust.Clans.Local.dll(50176)
  - [34] Rust.Localization.dll(4096)
  - [35] Rust.Platform.dll(5632)
  - [36] Rust.Platform.Steam.dll(22528)
  - [37] Rust.Workshop.dll(455168)
  - [38] Rust.World.dll(10240)
  - [39] System.Drawing.dll(481280)
  - [40] UnityEngine.AIModule.dll(46080)
  - [41] UnityEngine.AssetBundleModule.dll(23040)
  - [42] UnityEngine.GridModule.dll(14336)
  - [43] UnityEngine.ImageConversionModule.dll(13824)
  - [44] UnityEngine.PhysicsModule.dll(104448)
  - [45] UnityEngine.TerrainModule.dll(88064)
  - [46] UnityEngine.TerrainPhysicsModule.dll(10240)
  - [47] UnityEngine.UIModule.dll(25600)
  - [48] UnityEngine.UIElementsModule.dll(1205248)
  - [49] UnityEngine.UnityWebRequestAudioModule.dll(12288)
  - [50] UnityEngine.UnityWebRequestModule.dll(46592)
  - [51] UnityEngine.UnityWebRequestTextureModule.dll(11776)
  - [52] UnityEngine.UnityWebRequestWWWModule.dll(20992)
  - [53] UnityEngine.VehiclesModule.dll(13312)
  - [54] netstandard.dll(90624)
Plugin Files:
  - [1] MagicImagesPanel.cs(7754)
2023-12-08 09:19:46.900 -06:00 [DBG] Added 54 project references
2023-12-08 09:19:46.944 -06:00 [DBG] Added 1 plugins to the project
2023-12-08 09:19:47.404 -06:00 [INF] Successfully compiled 1/1 plugins for job 3 in 526ms
2023-12-08 09:19:47.404 -06:00 [DBG] Pushing job 3 back to parent
2023-12-08 09:20:47.423 -06:00 [INF] Termination request has been received from compiler stream
2023-12-08 09:20:48.404 -06:00 [INF] Termination request has been received from SIGTERM
2023-12-08 10:31:15.707 -06:00 [INF] Starting compiler v1.0.26.0. . .
2023-12-08 10:31:15.727 -06:00 [INF] Minimal logging level is set to Debug
2023-12-08 10:31:15.735 -06:00 [INF] Watching parent process ([20500] RustDedicated) for shutdown
2023-12-08 10:31:15.736 -06:00 [DBG] Started message server. . .
2023-12-08 10:31:15.736 -06:00 [INF] Message server has started
2023-12-08 10:31:17.737 -06:00 [INF] Sent ready message to parent process
2023-12-08 10:31:17.739 -06:00 [DBG] Compiler has started successfully and is awaiting jobs. . .
2023-12-08 10:31:17.924 -06:00 [DBG] Received compile job 0 | Plugins: 47, References: 57
2023-12-08 10:31:18.744 -06:00 [INF] Starting compilation of job 0 | Total Plugins: 47
2023-12-08 10:31:18.745 -06:00 [DBG] Settings[Encoding: utf-8, CSVersion: Preview, Target: DynamicallyLinkedLibrary, Platform: AnyCpu, StdLib: False, Debug: False, Preprocessor: OXIDE, OXIDEMOD, RUST, RUST_MASTER, RUST_2_0_6091, RUST_2_0_6091_MASTER]
Reference Files:
  - [1] mscorlib.dll(4623360)
  - [2] Oxide.Core.dll(193024)
  - [3] Oxide.CSharp.dll(102912)
  - [4] Oxide.Common.dll(7168)
  - [5] System.dll(2651648)
  - [6] System.Core.dll(1115136)
  - [7] System.Data.dll(2081280)
  - [8] System.Xml.dll(3160064)
  - [9] Oxide.References.dll(1419264)
  - [10] Oxide.MySql.dll(20480)
  - [11] MySql.Data.dll(443392)
  - [12] Oxide.SQLite.dll(20992)
  - [13] System.Data.SQLite.dll(286720)
  - [14] Oxide.Unity.dll(10240)
  - [15] UnityEngine.dll(101376)
  - [16] Oxide.Rust.dll(93696)
  - [17] Facepunch.System.dll(55808)
  - [18] Assembly-CSharp.dll(4745728)
  - [19] Facepunch.Console.dll(20992)
  - [20] UnityEngine.CoreModule.dll(1264128)
  - [21] Facepunch.Network.dll(43008)
  - [22] Rust.Platform.Common.dll(15872)
  - [23] Rust.Data.dll(1074176)
  - [24] UnityEngine.TextRenderingModule.dll(28672)
  - [25] UnityEngine.UI.dll(224256)
  - [26] Rust.Global.dll(70656)
  - [27] Facepunch.Steamworks.Posix.dll(556032)
  - [28] Facepunch.UnityEngine.dll(112128)
  - [29] Assembly-CSharp-firstpass.dll(1457664)
  - [30] Facepunch.Unity.dll(66048)
  - [31] Rust.FileSystem.dll(16896)
  - [32] Rust.Clans.dll(9216)
  - [33] Rust.Clans.Local.dll(50176)
  - [34] Rust.Localization.dll(4096)
  - [35] Rust.Platform.dll(5632)
  - [36] Rust.Platform.Steam.dll(22528)
  - [37] Rust.Workshop.dll(455168)
  - [38] Rust.World.dll(10240)
  - [39] System.Drawing.dll(481280)
  - [40] UnityEngine.AIModule.dll(46080)
  - [41] UnityEngine.AssetBundleModule.dll(23040)
  - [42] UnityEngine.GridModule.dll(14336)
  - [43] UnityEngine.ImageConversionModule.dll(13824)
  - [44] UnityEngine.PhysicsModule.dll(104448)
  - [45] UnityEngine.TerrainModule.dll(88064)
  - [46] UnityEngine.TerrainPhysicsModule.dll(10240)
  - [47] UnityEngine.UIModule.dll(25600)
  - [48] UnityEngine.UIElementsModule.dll(1205248)
  - [49] UnityEngine.UnityWebRequestAudioModule.dll(12288)
  - [50] UnityEngine.UnityWebRequestModule.dll(46592)
  - [51] UnityEngine.UnityWebRequestTextureModule.dll(11776)
  - [52] UnityEngine.UnityWebRequestWWWModule.dll(20992)
  - [53] UnityEngine.VehiclesModule.dll(13312)
  - [54] netstandard.dll(90624)
  - [55] Oxide.Ext.Discord.dll(381440)
  - [56] Facepunch.Sqlite.dll(16384)
  - [57] UnityEngine.SharedInternalsModule.dll(22016)
Plugin Files:
  - [1] AdminAntiHackFix.cs(497)
  - [2] AdminHammer.cs(18918)
  - [3] AdminNoLoot.cs(4631)
  - [4] AdminRadar.cs(204571)
  - [5] AutomatedEvents.cs(65377)
  - [6] BGrade.cs(26761)
  - [7] Backpacks.cs(331975)
  - [8] BanDeleteBy.cs(1896)
  - [9] BetterChat.cs(40408)
  - [10] BetterChatFlood.cs(4567)
  - [11] BetterSay.cs(3036)
  - [12] BlueprintManager.cs(21264)
  - [13] BodiesToBags.cs(1957)
  - [14] BuildingSkins.cs(52792)
  - [15] BypassQueue.cs(693)
  - [16] ColouredChat.cs(57031)
  - [17] CopyPaste.cs(128793)
  - [18] CustomIcon.cs(2101)
  - [19] DiscordReport.cs(23295)
  - [20] DiscordStatus.cs(14373)
  - [21] FireworkGun.cs(2612)
  - [22] Freeze.cs(15431)
  - [23] ImageLibrary.cs(53087)
  - [24] InfiniteAmmo.cs(6191)
  - [25] InventoryViewer.cs(19113)
  - [26] Kits.cs(146698)
  - [27] LoadingMessages.cs(9778)
  - [28] MagicImagesPanel.cs(7754)
  - [29] MagicMessagePanel.cs(14646)
  - [30] MagicPanel.cs(45898)
  - [31] NoGiveNotices.cs(434)
  - [32] Payback.cs(175928)
  - [33] PermissionsManager.cs(75294)
  - [34] PlayerAdministration.cs(191542)
  - [35] Rustcord.cs(257260)
  - [36] ServerInfo.cs(42933)
  - [37] ServerPop.cs(766)
  - [38] Skins.cs(44102)
  - [39] SkipNightVote.cs(11270)
  - [40] SmartChatBot.cs(26348)
  - [41] TimeOfDay.cs(11269)
  - [42] TimedExecute.cs(7846)
  - [43] UFilter.cs(17027)
  - [44] VIPTrial.cs(13333)
  - [45] Vanish.cs(31997)
  - [46] VoiceMute.cs(26399)
  - [47] Welcomer.cs(13923)
2023-12-08 10:31:18.766 -06:00 [DBG] Added 57 project references
2023-12-08 10:31:19.025 -06:00 [DBG] Plugin PlayerAdministration.cs is using unicode escape sequence
2023-12-08 10:31:19.095 -06:00 [DBG] Added 47 plugins to the project
2023-12-08 10:31:21.251 -06:00 [INF] Successfully compiled 47/47 plugins for job 0 in 2507ms
2023-12-08 10:31:21.251 -06:00 [DBG] Pushing job 0 back to parent
2023-12-08 10:32:13.794 -06:00 [INF] Termination request has been received from compiler stream
2023-12-08 10:32:14.257 -06:00 [INF] Termination request has been received from SIGTERM
2023-12-08 11:02:55.345 -06:00 [INF] Starting compiler v1.0.26.0. . .
2023-12-08 11:02:55.366 -06:00 [INF] Minimal logging level is set to Debug
2023-12-08 11:02:55.375 -06:00 [INF] Watching parent process ([20500] RustDedicated) for shutdown
2023-12-08 11:02:55.376 -06:00 [DBG] Started message server. . .
2023-12-08 11:02:55.376 -06:00 [INF] Message server has started
2023-12-08 11:02:57.374 -06:00 [INF] Sent ready message to parent process
2023-12-08 11:02:57.375 -06:00 [DBG] Compiler has started successfully and is awaiting jobs. . .
2023-12-08 11:02:57.654 -06:00 [DBG] Received compile job 1 | Plugins: 1, References: 54
2023-12-08 11:02:58.378 -06:00 [INF] Starting compilation of job 1 | Total Plugins: 1
2023-12-08 11:02:58.379 -06:00 [DBG] Settings[Encoding: utf-8, CSVersion: Preview, Target: DynamicallyLinkedLibrary, Platform: AnyCpu, StdLib: False, Debug: False, Preprocessor: OXIDE, OXIDEMOD, RUST, RUST_MASTER, RUST_2_0_6091, RUST_2_0_6091_MASTER]
Reference Files:
  - [1] mscorlib.dll(4623360)
  - [2] Oxide.Core.dll(193024)
  - [3] Oxide.CSharp.dll(102912)
  - [4] Oxide.Common.dll(7168)
  - [5] System.dll(2651648)
  - [6] System.Core.dll(1115136)
  - [7] System.Data.dll(2081280)
  - [8] System.Xml.dll(3160064)
  - [9] Oxide.References.dll(1419264)
  - [10] Oxide.MySql.dll(20480)
  - [11] MySql.Data.dll(443392)
  - [12] Oxide.SQLite.dll(20992)
  - [13] System.Data.SQLite.dll(286720)
  - [14] Oxide.Unity.dll(10240)
  - [15] UnityEngine.dll(101376)
  - [16] Oxide.Rust.dll(93696)
  - [17] Facepunch.System.dll(55808)
  - [18] Assembly-CSharp.dll(4745728)
  - [19] Facepunch.Console.dll(20992)
  - [20] UnityEngine.CoreModule.dll(1264128)
  - [21] Facepunch.Network.dll(43008)
  - [22] Rust.Platform.Common.dll(15872)
  - [23] Rust.Data.dll(1074176)
  - [24] UnityEngine.TextRenderingModule.dll(28672)
  - [25] UnityEngine.UI.dll(224256)
  - [26] Rust.Global.dll(70656)
  - [27] Facepunch.Steamworks.Posix.dll(556032)
  - [28] Facepunch.UnityEngine.dll(112128)
  - [29] Assembly-CSharp-firstpass.dll(1457664)
  - [30] Facepunch.Unity.dll(66048)
  - [31] Rust.FileSystem.dll(16896)
  - [32] Rust.Clans.dll(9216)
  - [33] Rust.Clans.Local.dll(50176)
  - [34] Rust.Localization.dll(4096)
  - [35] Rust.Platform.dll(5632)
  - [36] Rust.Platform.Steam.dll(22528)
  - [37] Rust.Workshop.dll(455168)
  - [38] Rust.World.dll(10240)
  - [39] System.Drawing.dll(481280)
  - [40] UnityEngine.AIModule.dll(46080)
  - [41] UnityEngine.AssetBundleModule.dll(23040)
  - [42] UnityEngine.GridModule.dll(14336)
  - [43] UnityEngine.ImageConversionModule.dll(13824)
  - [44] UnityEngine.PhysicsModule.dll(104448)
  - [45] UnityEngine.TerrainModule.dll(88064)
  - [46] UnityEngine.TerrainPhysicsModule.dll(10240)
  - [47] UnityEngine.UIModule.dll(25600)
  - [48] UnityEngine.UIElementsModule.dll(1205248)
  - [49] UnityEngine.UnityWebRequestAudioModule.dll(12288)
  - [50] UnityEngine.UnityWebRequestModule.dll(46592)
  - [51] UnityEngine.UnityWebRequestTextureModule.dll(11776)
  - [52] UnityEngine.UnityWebRequestWWWModule.dll(20992)
  - [53] UnityEngine.VehiclesModule.dll(13312)
  - [54] netstandard.dll(90624)
Plugin Files:
  - [1] MagicImagesPanel.cs(7754)
2023-12-08 11:02:58.402 -06:00 [DBG] Added 54 project references
2023-12-08 11:02:58.447 -06:00 [DBG] Added 1 plugins to the project
2023-12-08 11:02:58.926 -06:00 [INF] Successfully compiled 1/1 plugins for job 1 in 548ms
2023-12-08 11:02:58.927 -06:00 [DBG] Pushing job 1 back to parent
2023-12-08 11:03:58.938 -06:00 [INF] Termination request has been received from compiler stream
2023-12-08 11:03:59.931 -06:00 [INF] Termination request has been received from SIGTERM
2023-12-08 11:12:26.134 -06:00 [INF] Starting compiler v1.0.26.0. . .
2023-12-08 11:12:26.154 -06:00 [INF] Minimal logging level is set to Debug
2023-12-08 11:12:26.162 -06:00 [INF] Watching parent process ([26959] RustDedicated) for shutdown
2023-12-08 11:12:26.162 -06:00 [DBG] Started message server. . .
2023-12-08 11:12:26.163 -06:00 [INF] Message server has started
2023-12-08 11:12:28.163 -06:00 [INF] Sent ready message to parent process
2023-12-08 11:12:28.165 -06:00 [DBG] Compiler has started successfully and is awaiting jobs. . .
2023-12-08 11:12:28.341 -06:00 [DBG] Received compile job 0 | Plugins: 47, References: 57
2023-12-08 11:12:29.167 -06:00 [INF] Starting compilation of job 0 | Total Plugins: 47
2023-12-08 11:12:29.173 -06:00 [DBG] Settings[Encoding: utf-8, CSVersion: Preview, Target: DynamicallyLinkedLibrary, Platform: AnyCpu, StdLib: False, Debug: False, Preprocessor: OXIDE, OXIDEMOD, RUST, RUST_MASTER, RUST_2_0_6091, RUST_2_0_6091_MASTER]
Reference Files:
  - [1] mscorlib.dll(4623360)
  - [2] Oxide.Core.dll(193024)
  - [3] Oxide.CSharp.dll(102912)
  - [4] Oxide.Common.dll(7168)
  - [5] System.dll(2651648)
  - [6] System.Core.dll(1115136)
  - [7] System.Data.dll(2081280)
  - [8] System.Xml.dll(3160064)
  - [9] Oxide.References.dll(1419264)
  - [10] Oxide.MySql.dll(20480)
  - [11] MySql.Data.dll(443392)
  - [12] Oxide.SQLite.dll(20992)
  - [13] System.Data.SQLite.dll(286720)
  - [14] Oxide.Unity.dll(10240)
  - [15] UnityEngine.dll(101376)
  - [16] Oxide.Rust.dll(93696)
  - [17] Facepunch.System.dll(55808)
  - [18] Assembly-CSharp.dll(4745728)
  - [19] Facepunch.Console.dll(20992)
  - [20] UnityEngine.CoreModule.dll(1264128)
  - [21] Facepunch.Network.dll(43008)
  - [22] Rust.Platform.Common.dll(15872)
  - [23] Rust.Data.dll(1074176)
  - [24] UnityEngine.TextRenderingModule.dll(28672)
  - [25] UnityEngine.UI.dll(224256)
  - [26] Rust.Global.dll(70656)
  - [27] Facepunch.Steamworks.Posix.dll(556032)
  - [28] Facepunch.UnityEngine.dll(112128)
  - [29] Assembly-CSharp-firstpass.dll(1457664)
  - [30] Facepunch.Unity.dll(66048)
  - [31] Rust.FileSystem.dll(16896)
  - [32] Rust.Clans.dll(9216)
  - [33] Rust.Clans.Local.dll(50176)
  - [34] Rust.Localization.dll(4096)
  - [35] Rust.Platform.dll(5632)
  - [36] Rust.Platform.Steam.dll(22528)
  - [37] Rust.Workshop.dll(455168)
  - [38] Rust.World.dll(10240)
  - [39] System.Drawing.dll(481280)
  - [40] UnityEngine.AIModule.dll(46080)
  - [41] UnityEngine.AssetBundleModule.dll(23040)
  - [42] UnityEngine.GridModule.dll(14336)
  - [43] UnityEngine.ImageConversionModule.dll(13824)
  - [44] UnityEngine.PhysicsModule.dll(104448)
  - [45] UnityEngine.TerrainModule.dll(88064)
  - [46] UnityEngine.TerrainPhysicsModule.dll(10240)
  - [47] UnityEngine.UIModule.dll(25600)
  - [48] UnityEngine.UIElementsModule.dll(1205248)
  - [49] UnityEngine.UnityWebRequestAudioModule.dll(12288)
  - [50] UnityEngine.UnityWebRequestModule.dll(46592)
  - [51] UnityEngine.UnityWebRequestTextureModule.dll(11776)
  - [52] UnityEngine.UnityWebRequestWWWModule.dll(20992)
  - [53] UnityEngine.VehiclesModule.dll(13312)
  - [54] netstandard.dll(90624)
  - [55] Oxide.Ext.Discord.dll(381440)
  - [56] Facepunch.Sqlite.dll(16384)
  - [57] UnityEngine.SharedInternalsModule.dll(22016)
Plugin Files:
  - [1] AdminAntiHackFix.cs(497)
  - [2] AdminHammer.cs(18918)
  - [3] AdminNoLoot.cs(4631)
  - [4] AdminRadar.cs(204571)
  - [5] AutomatedEvents.cs(65377)
  - [6] BGrade.cs(26761)
  - [7] Backpacks.cs(331975)
  - [8] BanDeleteBy.cs(1896)
  - [9] BetterChat.cs(40408)
  - [10] BetterChatFlood.cs(4567)
  - [11] BetterSay.cs(3036)
  - [12] BlueprintManager.cs(21264)
  - [13] BodiesToBags.cs(1957)
  - [14] BuildingSkins.cs(52792)
  - [15] BypassQueue.cs(693)
  - [16] ColouredChat.cs(57031)
  - [17] CopyPaste.cs(128793)
  - [18] CustomIcon.cs(2101)
  - [19] DiscordReport.cs(23295)
  - [20] DiscordStatus.cs(14373)
  - [21] FireworkGun.cs(2612)
  - [22] Freeze.cs(15431)
  - [23] ImageLibrary.cs(53087)
  - [24] InfiniteAmmo.cs(6191)
  - [25] InventoryViewer.cs(19113)
  - [26] Kits.cs(146698)
  - [27] LoadingMessages.cs(9778)
  - [28] MagicImagesPanel.cs(7754)
  - [29] MagicMessagePanel.cs(14646)
  - [30] MagicPanel.cs(45898)
  - [31] NoGiveNotices.cs(434)
  - [32] Payback.cs(175928)
  - [33] PermissionsManager.cs(75294)
  - [34] PlayerAdministration.cs(191542)
  - [35] Rustcord.cs(257260)
  - [36] ServerInfo.cs(42933)
  - [37] ServerPop.cs(766)
  - [38] Skins.cs(44102)
  - [39] SkipNightVote.cs(11270)
  - [40] SmartChatBot.cs(26348)
  - [41] TimeOfDay.cs(11269)
  - [42] TimedExecute.cs(7846)
  - [43] UFilter.cs(17027)
  - [44] VIPTrial.cs(13333)
  - [45] Vanish.cs(31997)
  - [46] VoiceMute.cs(26399)
  - [47] Welcomer.cs(13923)
2023-12-08 11:12:29.209 -06:00 [DBG] Added 57 project references
2023-12-08 11:12:29.443 -06:00 [DBG] Plugin PlayerAdministration.cs is using unicode escape sequence
2023-12-08 11:12:29.552 -06:00 [DBG] Added 47 plugins to the project
2023-12-08 11:12:31.736 -06:00 [INF] Successfully compiled 47/47 plugins for job 0 in 2569ms
2023-12-08 11:12:31.736 -06:00 [DBG] Pushing job 0 back to parent
2023-12-08 11:13:25.955 -06:00 [INF] Termination request has been received from compiler stream
2023-12-08 11:13:26.736 -06:00 [INF] Termination request has been received from SIGTERM
2023-12-08 14:05:54.656 -06:00 [INF] Starting compiler v1.0.26.0. . .
2023-12-08 14:05:54.678 -06:00 [INF] Minimal logging level is set to Debug
2023-12-08 14:05:54.688 -06:00 [INF] Watching parent process ([26959] RustDedicated) for shutdown
2023-12-08 14:05:54.689 -06:00 [DBG] Started message server. . .
2023-12-08 14:05:54.689 -06:00 [INF] Message server has started
2023-12-08 14:05:56.688 -06:00 [INF] Sent ready message to parent process
2023-12-08 14:05:56.689 -06:00 [DBG] Compiler has started successfully and is awaiting jobs. . .
2023-12-08 14:05:56.802 -06:00 [DBG] Received compile job 1 | Plugins: 1, References: 54
2023-12-08 14:05:57.689 -06:00 [INF] Starting compilation of job 1 | Total Plugins: 1
2023-12-08 14:05:57.690 -06:00 [DBG] Settings[Encoding: utf-8, CSVersion: Preview, Target: DynamicallyLinkedLibrary, Platform: AnyCpu, StdLib: False, Debug: False, Preprocessor: OXIDE, OXIDEMOD, RUST, RUST_MASTER, RUST_2_0_6091, RUST_2_0_6091_MASTER]
Reference Files:
  - [1] mscorlib.dll(4623360)
  - [2] Oxide.Core.dll(193024)
  - [3] Oxide.CSharp.dll(102912)
  - [4] Oxide.Common.dll(7168)
  - [5] System.dll(2651648)
  - [6] System.Core.dll(1115136)
  - [7] System.Data.dll(2081280)
  - [8] System.Xml.dll(3160064)
  - [9] Oxide.References.dll(1419264)
  - [10] Oxide.MySql.dll(20480)
  - [11] MySql.Data.dll(443392)
  - [12] Oxide.SQLite.dll(20992)
  - [13] System.Data.SQLite.dll(286720)
  - [14] Oxide.Unity.dll(10240)
  - [15] UnityEngine.dll(101376)
  - [16] Oxide.Rust.dll(93696)
  - [17] Facepunch.System.dll(55808)
  - [18] Assembly-CSharp.dll(4745728)
  - [19] Facepunch.Console.dll(20992)
  - [20] UnityEngine.CoreModule.dll(1264128)
  - [21] Facepunch.Network.dll(43008)
  - [22] Rust.Platform.Common.dll(15872)
  - [23] Rust.Data.dll(1074176)
  - [24] UnityEngine.TextRenderingModule.dll(28672)
  - [25] UnityEngine.UI.dll(224256)
  - [26] Rust.Global.dll(70656)
  - [27] Facepunch.Steamworks.Posix.dll(556032)
  - [28] Facepunch.UnityEngine.dll(112128)
  - [29] Assembly-CSharp-firstpass.dll(1457664)
  - [30] Facepunch.Unity.dll(66048)
  - [31] Rust.FileSystem.dll(16896)
  - [32] Rust.Clans.dll(9216)
  - [33] Rust.Clans.Local.dll(50176)
  - [34] Rust.Localization.dll(4096)
  - [35] Rust.Platform.dll(5632)
  - [36] Rust.Platform.Steam.dll(22528)
  - [37] Rust.Workshop.dll(455168)
  - [38] Rust.World.dll(10240)
  - [39] System.Drawing.dll(481280)
  - [40] UnityEngine.AIModule.dll(46080)
  - [41] UnityEngine.AssetBundleModule.dll(23040)
  - [42] UnityEngine.GridModule.dll(14336)
  - [43] UnityEngine.ImageConversionModule.dll(13824)
  - [44] UnityEngine.PhysicsModule.dll(104448)
  - [45] UnityEngine.TerrainModule.dll(88064)
  - [46] UnityEngine.TerrainPhysicsModule.dll(10240)
  - [47] UnityEngine.UIModule.dll(25600)
  - [48] UnityEngine.UIElementsModule.dll(1205248)
  - [49] UnityEngine.UnityWebRequestAudioModule.dll(12288)
  - [50] UnityEngine.UnityWebRequestModule.dll(46592)
  - [51] UnityEngine.UnityWebRequestTextureModule.dll(11776)
  - [52] UnityEngine.UnityWebRequestWWWModule.dll(20992)
  - [53] UnityEngine.VehiclesModule.dll(13312)
  - [54] netstandard.dll(90624)
Plugin Files:
  - [1] MagicImagesPanel.cs(7754)
2023-12-08 14:05:57.713 -06:00 [DBG] Added 54 project references
2023-12-08 14:05:57.757 -06:00 [DBG] Added 1 plugins to the project
2023-12-08 14:05:58.215 -06:00 [INF] Successfully compiled 1/1 plugins for job 1 in 526ms
2023-12-08 14:05:58.215 -06:00 [DBG] Pushing job 1 back to parent
2023-12-08 14:06:58.217 -06:00 [INF] Termination request has been received from compiler stream
2023-12-08 14:06:59.215 -06:00 [INF] Termination request has been received from SIGTERM
