2023-12-03 09:11:09.084 -06:00 [INF] Starting compiler v1.0.22.0. . .
2023-12-03 09:11:09.104 -06:00 [INF] Minimal logging level is set to Debug
2023-12-03 09:11:09.112 -06:00 [INF] Watching parent process ([3254] RustDedicated) for shutdown
2023-12-03 09:11:09.113 -06:00 [DBG] Started message server. . .
2023-12-03 09:11:09.113 -06:00 [INF] Message server has started
2023-12-03 09:11:11.110 -06:00 [INF] Sent ready message to parent process
2023-12-03 09:11:11.112 -06:00 [DBG] Compiler has started successfully and is awaiting jobs. . .
2023-12-03 09:11:11.305 -06:00 [DBG] Received compile job 0 | Plugins: 47, References: 57
2023-12-03 09:11:12.116 -06:00 [INF] Starting compilation of job 0 | Total Plugins: 47
2023-12-03 09:11:12.117 -06:00 [DBG] Settings[Encoding: utf-8, CSVersion: Preview, Target: DynamicallyLinkedLibrary, Platform: AnyCpu, StdLib: False, Debug: False]
2023-12-03 09:11:12.161 -06:00 [DBG] Added 57 project references
2023-12-03 09:11:12.407 -06:00 [DBG] Plugin PlayerAdministration.cs is using unicode escape sequence
2023-12-03 09:11:12.519 -06:00 [DBG] Added 47 plugins to the project
2023-12-03 09:11:14.790 -06:00 [INF] Successfully compiled 47/47 plugins for job 0 in 2674ms
2023-12-03 09:11:14.790 -06:00 [DBG] Pushing job 0 back to parent
2023-12-03 09:11:14.800 -06:00 [INF] Termination request has been received from compiler stream
2023-12-03 09:11:15.794 -06:00 [INF] Termination request has been received from SIGTERM
2023-12-03 09:26:17.531 -06:00 [INF] Starting compiler v1.0.22.0. . .
2023-12-03 09:26:17.552 -06:00 [INF] Minimal logging level is set to Debug
2023-12-03 09:26:17.561 -06:00 [INF] Watching parent process ([3145] RustDedicated) for shutdown
2023-12-03 09:26:17.562 -06:00 [DBG] Started message server. . .
2023-12-03 09:26:17.562 -06:00 [INF] Message server has started
2023-12-03 09:26:19.562 -06:00 [INF] Sent ready message to parent process
2023-12-03 09:26:19.564 -06:00 [DBG] Compiler has started successfully and is awaiting jobs. . .
2023-12-03 09:26:19.746 -06:00 [DBG] Received compile job 0 | Plugins: 47, References: 57
2023-12-03 09:26:20.569 -06:00 [INF] Starting compilation of job 0 | Total Plugins: 47
2023-12-03 09:26:20.569 -06:00 [DBG] Settings[Encoding: utf-8, CSVersion: Preview, Target: DynamicallyLinkedLibrary, Platform: AnyCpu, StdLib: False, Debug: False]
2023-12-03 09:26:20.594 -06:00 [DBG] Added 57 project references
2023-12-03 09:26:20.830 -06:00 [DBG] Plugin PlayerAdministration.cs is using unicode escape sequence
2023-12-03 09:26:20.940 -06:00 [DBG] Added 47 plugins to the project
2023-12-03 09:26:23.246 -06:00 [INF] Successfully compiled 47/47 plugins for job 0 in 2677ms
2023-12-03 09:26:23.246 -06:00 [DBG] Pushing job 0 back to parent
2023-12-03 09:26:23.256 -06:00 [INF] Termination request has been received from compiler stream
2023-12-03 09:26:24.247 -06:00 [INF] Termination request has been received from SIGTERM
2023-12-03 10:48:28.906 -06:00 [INF] Starting compiler v1.0.22.0. . .
2023-12-03 10:48:28.928 -06:00 [INF] Minimal logging level is set to Debug
2023-12-03 10:48:28.938 -06:00 [INF] Watching parent process ([3145] RustDedicated) for shutdown
2023-12-03 10:48:28.938 -06:00 [DBG] Started message server. . .
2023-12-03 10:48:28.938 -06:00 [INF] Message server has started
2023-12-03 10:48:30.938 -06:00 [INF] Sent ready message to parent process
2023-12-03 10:48:30.939 -06:00 [DBG] Compiler has started successfully and is awaiting jobs. . .
2023-12-03 10:48:31.042 -06:00 [DBG] Received compile job 1 | Plugins: 1, References: 54
2023-12-03 10:48:31.939 -06:00 [INF] Starting compilation of job 1 | Total Plugins: 1
2023-12-03 10:48:31.939 -06:00 [DBG] Settings[Encoding: utf-8, CSVersion: Preview, Target: DynamicallyLinkedLibrary, Platform: AnyCpu, StdLib: False, Debug: False]
2023-12-03 10:48:31.963 -06:00 [DBG] Added 54 project references
2023-12-03 10:48:32.029 -06:00 [DBG] Added 1 plugins to the project
2023-12-03 10:48:32.871 -06:00 [INF] Successfully compiled 1/1 plugins for job 1 in 931ms
2023-12-03 10:48:32.871 -06:00 [DBG] Pushing job 1 back to parent
2023-12-03 10:48:32.872 -06:00 [INF] Termination request has been received from compiler stream
2023-12-03 10:48:33.872 -06:00 [INF] Termination request has been received from SIGTERM
2023-12-03 10:49:22.317 -06:00 [INF] Starting compiler v1.0.22.0. . .
2023-12-03 10:49:22.340 -06:00 [INF] Minimal logging level is set to Debug
2023-12-03 10:49:22.350 -06:00 [INF] Watching parent process ([3145] RustDedicated) for shutdown
2023-12-03 10:49:22.351 -06:00 [DBG] Started message server. . .
2023-12-03 10:49:22.351 -06:00 [INF] Message server has started
2023-12-03 10:49:24.350 -06:00 [INF] Sent ready message to parent process
2023-12-03 10:49:24.351 -06:00 [DBG] Compiler has started successfully and is awaiting jobs. . .
2023-12-03 10:49:24.459 -06:00 [DBG] Received compile job 2 | Plugins: 1, References: 54
2023-12-03 10:49:25.352 -06:00 [INF] Starting compilation of job 2 | Total Plugins: 1
2023-12-03 10:49:25.352 -06:00 [DBG] Settings[Encoding: utf-8, CSVersion: Preview, Target: DynamicallyLinkedLibrary, Platform: AnyCpu, StdLib: False, Debug: False]
2023-12-03 10:49:25.375 -06:00 [DBG] Added 54 project references
2023-12-03 10:49:25.420 -06:00 [DBG] Added 1 plugins to the project
2023-12-03 10:49:25.882 -06:00 [INF] Successfully compiled 1/1 plugins for job 2 in 530ms
2023-12-03 10:49:25.882 -06:00 [DBG] Pushing job 2 back to parent
2023-12-03 10:49:25.883 -06:00 [INF] Termination request has been received from compiler stream
2023-12-03 10:49:26.884 -06:00 [INF] Termination request has been received from SIGTERM
