2023-11-22 11:17:47.083 -06:00 [INF] Starting compiler v1.0.22.0. . .
2023-11-22 11:17:47.105 -06:00 [INF] Minimal logging level is set to Debug
2023-11-22 11:17:47.115 -06:00 [INF] Watching parent process ([6981] RustDedicated) for shutdown
2023-11-22 11:17:47.116 -06:00 [DBG] Started message server. . .
2023-11-22 11:17:47.116 -06:00 [INF] Message server has started
2023-11-22 11:17:49.115 -06:00 [INF] Sent ready message to parent process
2023-11-22 11:17:49.116 -06:00 [DBG] Compiler has started successfully and is awaiting jobs. . .
2023-11-22 11:17:49.315 -06:00 [DBG] Received compile job 0 | Plugins: 45, References: 57
2023-11-22 11:17:50.117 -06:00 [INF] Starting compilation of job 0 | Total Plugins: 45
2023-11-22 11:17:50.117 -06:00 [DBG] Settings[Encoding: utf-8, CSVersion: Preview, Target: DynamicallyLinkedLibrary, Platform: AnyCpu, StdLib: False, Debug: False]
2023-11-22 11:17:50.139 -06:00 [DBG] Added 57 project references
2023-11-22 11:17:50.357 -06:00 [DBG] Plugin PlayerAdministration.cs is using unicode escape sequence
2023-11-22 11:17:50.463 -06:00 [DBG] Added 45 plugins to the project
2023-11-22 11:17:53.007 -06:00 [INF] Successfully compiled 45/45 plugins for job 0 in 2889ms
2023-11-22 11:17:53.007 -06:00 [DBG] Pushing job 0 back to parent
2023-11-22 11:17:53.020 -06:00 [INF] Termination request has been received from compiler stream
2023-11-22 11:17:54.010 -06:00 [INF] Termination request has been received from SIGTERM
2023-11-22 11:18:03.034 -06:00 [INF] Starting compiler v1.0.22.0. . .
2023-11-22 11:18:03.056 -06:00 [INF] Minimal logging level is set to Debug
2023-11-22 11:18:03.065 -06:00 [INF] Watching parent process ([8713] RustDedicated) for shutdown
2023-11-22 11:18:03.066 -06:00 [DBG] Started message server. . .
2023-11-22 11:18:03.066 -06:00 [INF] Message server has started
2023-11-22 11:18:05.067 -06:00 [INF] Sent ready message to parent process
2023-11-22 11:18:05.080 -06:00 [DBG] Compiler has started successfully and is awaiting jobs. . .
2023-11-22 11:18:05.243 -06:00 [DBG] Received compile job 0 | Plugins: 45, References: 57
2023-11-22 11:18:06.083 -06:00 [INF] Starting compilation of job 0 | Total Plugins: 45
2023-11-22 11:18:06.084 -06:00 [DBG] Settings[Encoding: utf-8, CSVersion: Preview, Target: DynamicallyLinkedLibrary, Platform: AnyCpu, StdLib: False, Debug: False]
2023-11-22 11:18:06.110 -06:00 [DBG] Added 57 project references
2023-11-22 11:18:06.333 -06:00 [DBG] Plugin PlayerAdministration.cs is using unicode escape sequence
2023-11-22 11:18:06.450 -06:00 [DBG] Added 45 plugins to the project
2023-11-22 11:18:09.111 -06:00 [INF] Successfully compiled 45/45 plugins for job 0 in 3027ms
2023-11-22 11:18:09.112 -06:00 [DBG] Pushing job 0 back to parent
2023-11-22 11:18:09.125 -06:00 [INF] Termination request has been received from compiler stream
2023-11-22 11:18:10.111 -06:00 [INF] Termination request has been received from SIGTERM
