2023-11-05 03:10:16.825 -06:00 [INF] Starting compiler v1.0.22.0. . .
2023-11-05 03:10:16.848 -06:00 [INF] Minimal logging level is set to Debug
2023-11-05 03:10:16.857 -06:00 [INF] Watching parent process ([41397] RustDedicated) for shutdown
2023-11-05 03:10:16.857 -06:00 [DBG] Started message server. . .
2023-11-05 03:10:16.858 -06:00 [INF] Message server has started
2023-11-05 03:10:18.858 -06:00 [INF] Sent ready message to parent process
2023-11-05 03:10:18.860 -06:00 [DBG] Compiler has started successfully and is awaiting jobs. . .
2023-11-05 03:10:19.031 -06:00 [DBG] Received compile job 0 | Plugins: 44, References: 57
2023-11-05 03:10:19.868 -06:00 [INF] Starting compilation of job 0 | Total Plugins: 44
2023-11-05 03:10:19.868 -06:00 [DBG] Settings[Encoding: utf-8, CSVersion: Preview, Target: DynamicallyLinkedLibrary, Platform: AnyCpu, StdLib: False, Debug: False]
2023-11-05 03:10:19.916 -06:00 [DBG] Added 57 project references
2023-11-05 03:10:20.125 -06:00 [DBG] Plugin PlayerAdministration.cs is using unicode escape sequence
2023-11-05 03:10:20.225 -06:00 [DBG] Added 44 plugins to the project
2023-11-05 03:10:22.198 -06:00 [INF] Successfully compiled 44/44 plugins for job 0 in 2330ms
2023-11-05 03:10:22.198 -06:00 [DBG] Pushing job 0 back to parent
2023-11-05 03:10:22.214 -06:00 [INF] Termination request has been received from compiler stream
2023-11-05 03:10:23.197 -06:00 [INF] Termination request has been received from SIGTERM
2023-11-05 11:57:29.122 -06:00 [INF] Starting compiler v1.0.22.0. . .
2023-11-05 11:57:29.144 -06:00 [INF] Minimal logging level is set to Debug
2023-11-05 11:57:29.152 -06:00 [INF] Watching parent process ([2676] RustDedicated) for shutdown
2023-11-05 11:57:29.152 -06:00 [DBG] Started message server. . .
2023-11-05 11:57:29.153 -06:00 [INF] Message server has started
2023-11-05 11:57:31.153 -06:00 [INF] Sent ready message to parent process
2023-11-05 11:57:31.154 -06:00 [DBG] Compiler has started successfully and is awaiting jobs. . .
2023-11-05 11:57:31.323 -06:00 [DBG] Received compile job 0 | Plugins: 44, References: 57
2023-11-05 11:57:32.165 -06:00 [INF] Starting compilation of job 0 | Total Plugins: 44
2023-11-05 11:57:32.165 -06:00 [DBG] Settings[Encoding: utf-8, CSVersion: Preview, Target: DynamicallyLinkedLibrary, Platform: AnyCpu, StdLib: False, Debug: False]
2023-11-05 11:57:32.214 -06:00 [DBG] Added 57 project references
2023-11-05 11:57:32.430 -06:00 [DBG] Plugin PlayerAdministration.cs is using unicode escape sequence
2023-11-05 11:57:32.543 -06:00 [DBG] Added 44 plugins to the project
2023-11-05 11:57:34.698 -06:00 [INF] Successfully compiled 44/44 plugins for job 0 in 2534ms
2023-11-05 11:57:34.698 -06:00 [DBG] Pushing job 0 back to parent
2023-11-05 11:57:34.711 -06:00 [INF] Termination request has been received from compiler stream
2023-11-05 11:57:35.697 -06:00 [INF] Termination request has been received from SIGTERM
2023-11-05 12:12:07.719 -06:00 [INF] Starting compiler v1.0.22.0. . .
2023-11-05 12:12:07.742 -06:00 [INF] Minimal logging level is set to Debug
2023-11-05 12:12:07.752 -06:00 [INF] Watching parent process ([2676] RustDedicated) for shutdown
2023-11-05 12:12:07.752 -06:00 [DBG] Started message server. . .
2023-11-05 12:12:07.753 -06:00 [INF] Message server has started
2023-11-05 12:12:09.752 -06:00 [INF] Sent ready message to parent process
2023-11-05 12:12:09.753 -06:00 [DBG] Compiler has started successfully and is awaiting jobs. . .
2023-11-05 12:12:09.864 -06:00 [DBG] Received compile job 1 | Plugins: 1, References: 54
2023-11-05 12:12:10.754 -06:00 [INF] Starting compilation of job 1 | Total Plugins: 1
2023-11-05 12:12:10.754 -06:00 [DBG] Settings[Encoding: utf-8, CSVersion: Preview, Target: DynamicallyLinkedLibrary, Platform: AnyCpu, StdLib: False, Debug: False]
2023-11-05 12:12:10.777 -06:00 [DBG] Added 54 project references
2023-11-05 12:12:10.830 -06:00 [DBG] Added 1 plugins to the project
2023-11-05 12:12:11.365 -06:00 [INF] Successfully compiled 1/1 plugins for job 1 in 610ms
2023-11-05 12:12:11.365 -06:00 [DBG] Pushing job 1 back to parent
2023-11-05 12:12:11.367 -06:00 [INF] Termination request has been received from compiler stream
2023-11-05 12:12:12.360 -06:00 [INF] Termination request has been received from SIGTERM
