2023-11-28 03:10:54.705 -06:00 [INF] Starting compiler v1.0.22.0. . .
2023-11-28 03:10:54.725 -06:00 [INF] Minimal logging level is set to Debug
2023-11-28 03:10:54.734 -06:00 [INF] Watching parent process ([3179] RustDedicated) for shutdown
2023-11-28 03:10:54.734 -06:00 [DBG] Started message server. . .
2023-11-28 03:10:54.735 -06:00 [INF] Message server has started
2023-11-28 03:10:56.737 -06:00 [INF] Sent ready message to parent process
2023-11-28 03:10:56.739 -06:00 [DBG] Compiler has started successfully and is awaiting jobs. . .
2023-11-28 03:10:56.944 -06:00 [DBG] Received compile job 0 | Plugins: 45, References: 57
2023-11-28 03:10:57.744 -06:00 [INF] Starting compilation of job 0 | Total Plugins: 45
2023-11-28 03:10:57.744 -06:00 [DBG] Settings[Encoding: utf-8, CSVersion: Preview, Target: DynamicallyLinkedLibrary, Platform: AnyCpu, StdLib: False, Debug: False]
2023-11-28 03:10:57.790 -06:00 [DBG] Added 57 project references
2023-11-28 03:10:58.014 -06:00 [DBG] Plugin PlayerAdministration.cs is using unicode escape sequence
2023-11-28 03:10:58.129 -06:00 [DBG] Added 45 plugins to the project
2023-11-28 03:11:00.299 -06:00 [INF] Successfully compiled 45/45 plugins for job 0 in 2555ms
2023-11-28 03:11:00.299 -06:00 [DBG] Pushing job 0 back to parent
2023-11-28 03:11:00.315 -06:00 [INF] Termination request has been received from compiler stream
2023-11-28 03:11:01.302 -06:00 [INF] Termination request has been received from SIGTERM
2023-11-28 12:51:39.217 -06:00 [INF] Starting compiler v1.0.22.0. . .
2023-11-28 12:51:39.240 -06:00 [INF] Minimal logging level is set to Debug
2023-11-28 12:51:39.251 -06:00 [INF] Watching parent process ([3179] RustDedicated) for shutdown
2023-11-28 12:51:39.252 -06:00 [DBG] Started message server. . .
2023-11-28 12:51:39.252 -06:00 [INF] Message server has started
2023-11-28 12:51:41.251 -06:00 [INF] Sent ready message to parent process
2023-11-28 12:51:41.252 -06:00 [DBG] Compiler has started successfully and is awaiting jobs. . .
2023-11-28 12:51:41.374 -06:00 [DBG] Received compile job 1 | Plugins: 1, References: 54
2023-11-28 12:51:42.252 -06:00 [INF] Starting compilation of job 1 | Total Plugins: 1
2023-11-28 12:51:42.252 -06:00 [DBG] Settings[Encoding: utf-8, CSVersion: Preview, Target: DynamicallyLinkedLibrary, Platform: AnyCpu, StdLib: False, Debug: False]
2023-11-28 12:51:42.274 -06:00 [DBG] Added 54 project references
2023-11-28 12:51:42.309 -06:00 [DBG] Added 1 plugins to the project
2023-11-28 12:51:42.767 -06:00 [INF] Successfully compiled 1/1 plugins for job 1 in 515ms
2023-11-28 12:51:42.768 -06:00 [DBG] Pushing job 1 back to parent
2023-11-28 12:51:42.769 -06:00 [INF] Termination request has been received from compiler stream
2023-11-28 12:51:43.767 -06:00 [INF] Termination request has been received from SIGTERM
2023-11-28 13:29:49.764 -06:00 [INF] Starting compiler v1.0.22.0. . .
2023-11-28 13:29:49.787 -06:00 [INF] Minimal logging level is set to Debug
2023-11-28 13:29:49.796 -06:00 [INF] Watching parent process ([3179] RustDedicated) for shutdown
2023-11-28 13:29:49.796 -06:00 [DBG] Started message server. . .
2023-11-28 13:29:49.797 -06:00 [INF] Message server has started
2023-11-28 13:29:51.800 -06:00 [INF] Sent ready message to parent process
2023-11-28 13:29:51.801 -06:00 [DBG] Compiler has started successfully and is awaiting jobs. . .
2023-11-28 13:29:51.906 -06:00 [DBG] Received compile job 2 | Plugins: 44, References: 57
2023-11-28 13:29:52.806 -06:00 [INF] Starting compilation of job 2 | Total Plugins: 44
2023-11-28 13:29:52.806 -06:00 [DBG] Settings[Encoding: utf-8, CSVersion: Preview, Target: DynamicallyLinkedLibrary, Platform: AnyCpu, StdLib: False, Debug: False]
2023-11-28 13:29:52.833 -06:00 [DBG] Added 57 project references
2023-11-28 13:29:53.061 -06:00 [DBG] Plugin PlayerAdministration.cs is using unicode escape sequence
2023-11-28 13:29:53.181 -06:00 [DBG] Added 44 plugins to the project
2023-11-28 13:29:55.614 -06:00 [INF] Successfully compiled 44/44 plugins for job 2 in 2807ms
2023-11-28 13:29:55.614 -06:00 [DBG] Pushing job 2 back to parent
2023-11-28 13:29:55.617 -06:00 [INF] Termination request has been received from compiler stream
2023-11-28 13:29:56.615 -06:00 [INF] Termination request has been received from SIGTERM
2023-11-28 13:30:31.267 -06:00 [INF] Starting compiler v1.0.22.0. . .
2023-11-28 13:30:31.289 -06:00 [INF] Minimal logging level is set to Debug
2023-11-28 13:30:31.298 -06:00 [INF] Watching parent process ([3179] RustDedicated) for shutdown
2023-11-28 13:30:31.299 -06:00 [DBG] Started message server. . .
2023-11-28 13:30:31.299 -06:00 [INF] Message server has started
2023-11-28 13:30:33.301 -06:00 [INF] Sent ready message to parent process
2023-11-28 13:30:33.304 -06:00 [DBG] Compiler has started successfully and is awaiting jobs. . .
2023-11-28 13:30:33.408 -06:00 [DBG] Received compile job 3 | Plugins: 44, References: 57
2023-11-28 13:30:34.305 -06:00 [INF] Starting compilation of job 3 | Total Plugins: 44
2023-11-28 13:30:34.305 -06:00 [DBG] Settings[Encoding: utf-8, CSVersion: Preview, Target: DynamicallyLinkedLibrary, Platform: AnyCpu, StdLib: False, Debug: False]
2023-11-28 13:30:34.328 -06:00 [DBG] Added 57 project references
2023-11-28 13:30:34.559 -06:00 [DBG] Plugin PlayerAdministration.cs is using unicode escape sequence
2023-11-28 13:30:34.672 -06:00 [DBG] Added 44 plugins to the project
2023-11-28 13:30:36.913 -06:00 [INF] Successfully compiled 44/44 plugins for job 3 in 2608ms
2023-11-28 13:30:36.913 -06:00 [DBG] Pushing job 3 back to parent
2023-11-28 13:30:36.916 -06:00 [INF] Termination request has been received from compiler stream
2023-11-28 13:30:37.916 -06:00 [INF] Termination request has been received from SIGTERM
2023-11-28 13:37:07.083 -06:00 [INF] Starting compiler v1.0.22.0. . .
2023-11-28 13:37:07.105 -06:00 [INF] Minimal logging level is set to Debug
2023-11-28 13:37:07.114 -06:00 [INF] Watching parent process ([3179] RustDedicated) for shutdown
2023-11-28 13:37:07.115 -06:00 [DBG] Started message server. . .
2023-11-28 13:37:07.115 -06:00 [INF] Message server has started
2023-11-28 13:37:09.114 -06:00 [INF] Sent ready message to parent process
2023-11-28 13:37:09.115 -06:00 [DBG] Compiler has started successfully and is awaiting jobs. . .
2023-11-28 13:37:09.221 -06:00 [DBG] Received compile job 4 | Plugins: 44, References: 57
2023-11-28 13:37:10.115 -06:00 [INF] Starting compilation of job 4 | Total Plugins: 44
2023-11-28 13:37:10.116 -06:00 [DBG] Settings[Encoding: utf-8, CSVersion: Preview, Target: DynamicallyLinkedLibrary, Platform: AnyCpu, StdLib: False, Debug: False]
2023-11-28 13:37:10.139 -06:00 [DBG] Added 57 project references
2023-11-28 13:37:10.370 -06:00 [DBG] Plugin PlayerAdministration.cs is using unicode escape sequence
2023-11-28 13:37:10.483 -06:00 [DBG] Added 44 plugins to the project
2023-11-28 13:37:12.880 -06:00 [INF] Successfully compiled 44/44 plugins for job 4 in 2764ms
2023-11-28 13:37:12.880 -06:00 [DBG] Pushing job 4 back to parent
2023-11-28 13:37:12.883 -06:00 [INF] Termination request has been received from compiler stream
2023-11-28 13:37:13.878 -06:00 [INF] Termination request has been received from SIGTERM
2023-11-28 13:41:56.754 -06:00 [INF] Starting compiler v1.0.22.0. . .
2023-11-28 13:41:56.777 -06:00 [INF] Minimal logging level is set to Debug
2023-11-28 13:41:56.786 -06:00 [INF] Watching parent process ([3179] RustDedicated) for shutdown
2023-11-28 13:41:56.786 -06:00 [DBG] Started message server. . .
2023-11-28 13:41:56.787 -06:00 [INF] Message server has started
2023-11-28 13:41:58.787 -06:00 [INF] Sent ready message to parent process
2023-11-28 13:41:58.788 -06:00 [DBG] Compiler has started successfully and is awaiting jobs. . .
2023-11-28 13:41:58.887 -06:00 [DBG] Received compile job 5 | Plugins: 1, References: 54
2023-11-28 13:41:59.789 -06:00 [INF] Starting compilation of job 5 | Total Plugins: 1
2023-11-28 13:41:59.790 -06:00 [DBG] Settings[Encoding: utf-8, CSVersion: Preview, Target: DynamicallyLinkedLibrary, Platform: AnyCpu, StdLib: False, Debug: False]
2023-11-28 13:41:59.812 -06:00 [DBG] Added 54 project references
2023-11-28 13:41:59.872 -06:00 [DBG] Added 1 plugins to the project
2023-11-28 13:42:00.555 -06:00 [INF] Successfully compiled 1/1 plugins for job 5 in 765ms
2023-11-28 13:42:00.555 -06:00 [DBG] Pushing job 5 back to parent
2023-11-28 13:42:00.556 -06:00 [INF] Termination request has been received from compiler stream
2023-11-28 13:42:01.556 -06:00 [INF] Termination request has been received from SIGTERM
2023-11-28 14:14:28.107 -06:00 [INF] Starting compiler v1.0.22.0. . .
2023-11-28 14:14:28.129 -06:00 [INF] Minimal logging level is set to Debug
2023-11-28 14:14:28.139 -06:00 [INF] Watching parent process ([3179] RustDedicated) for shutdown
2023-11-28 14:14:28.140 -06:00 [DBG] Started message server. . .
2023-11-28 14:14:28.140 -06:00 [INF] Message server has started
2023-11-28 14:14:30.139 -06:00 [INF] Sent ready message to parent process
2023-11-28 14:14:30.140 -06:00 [DBG] Compiler has started successfully and is awaiting jobs. . .
2023-11-28 14:14:30.241 -06:00 [DBG] Received compile job 6 | Plugins: 1, References: 54
2023-11-28 14:14:31.142 -06:00 [INF] Starting compilation of job 6 | Total Plugins: 1
2023-11-28 14:14:31.142 -06:00 [DBG] Settings[Encoding: utf-8, CSVersion: Preview, Target: DynamicallyLinkedLibrary, Platform: AnyCpu, StdLib: False, Debug: False]
2023-11-28 14:14:31.165 -06:00 [DBG] Added 54 project references
2023-11-28 14:14:31.212 -06:00 [DBG] Added 1 plugins to the project
2023-11-28 14:14:31.653 -06:00 [INF] Successfully compiled 1/1 plugins for job 6 in 511ms
2023-11-28 14:14:31.653 -06:00 [DBG] Pushing job 6 back to parent
2023-11-28 14:14:31.655 -06:00 [INF] Termination request has been received from compiler stream
2023-11-28 14:14:32.655 -06:00 [INF] Termination request has been received from SIGTERM
2023-11-28 14:22:08.048 -06:00 [INF] Starting compiler v1.0.22.0. . .
2023-11-28 14:22:08.070 -06:00 [INF] Minimal logging level is set to Debug
2023-11-28 14:22:08.085 -06:00 [INF] Watching parent process ([3179] RustDedicated) for shutdown
2023-11-28 14:22:08.085 -06:00 [DBG] Started message server. . .
2023-11-28 14:22:08.086 -06:00 [INF] Message server has started
2023-11-28 14:22:10.087 -06:00 [INF] Sent ready message to parent process
2023-11-28 14:22:10.087 -06:00 [DBG] Compiler has started successfully and is awaiting jobs. . .
2023-11-28 14:22:10.274 -06:00 [DBG] Received compile job 7 | Plugins: 43, References: 57
2023-11-28 14:22:11.088 -06:00 [INF] Starting compilation of job 7 | Total Plugins: 43
2023-11-28 14:22:11.088 -06:00 [DBG] Settings[Encoding: utf-8, CSVersion: Preview, Target: DynamicallyLinkedLibrary, Platform: AnyCpu, StdLib: False, Debug: False]
2023-11-28 14:22:11.114 -06:00 [DBG] Added 57 project references
2023-11-28 14:22:11.330 -06:00 [DBG] Plugin PlayerAdministration.cs is using unicode escape sequence
2023-11-28 14:22:11.450 -06:00 [DBG] Added 43 plugins to the project
2023-11-28 14:22:13.793 -06:00 [INF] Successfully compiled 43/43 plugins for job 7 in 2704ms
2023-11-28 14:22:13.793 -06:00 [DBG] Pushing job 7 back to parent
2023-11-28 14:22:13.796 -06:00 [INF] Termination request has been received from compiler stream
2023-11-28 14:22:14.795 -06:00 [INF] Termination request has been received from SIGTERM
2023-11-28 16:41:36.986 -06:00 [INF] Starting compiler v1.0.22.0. . .
2023-11-28 16:41:37.009 -06:00 [INF] Minimal logging level is set to Debug
2023-11-28 16:41:37.018 -06:00 [INF] Watching parent process ([3179] RustDedicated) for shutdown
2023-11-28 16:41:37.019 -06:00 [DBG] Started message server. . .
2023-11-28 16:41:37.019 -06:00 [INF] Message server has started
2023-11-28 16:41:39.019 -06:00 [INF] Sent ready message to parent process
2023-11-28 16:41:39.020 -06:00 [DBG] Compiler has started successfully and is awaiting jobs. . .
2023-11-28 16:41:39.122 -06:00 [DBG] Received compile job 8 | Plugins: 1, References: 54
2023-11-28 16:41:40.020 -06:00 [INF] Starting compilation of job 8 | Total Plugins: 1
2023-11-28 16:41:40.020 -06:00 [DBG] Settings[Encoding: utf-8, CSVersion: Preview, Target: DynamicallyLinkedLibrary, Platform: AnyCpu, StdLib: False, Debug: False]
2023-11-28 16:41:40.043 -06:00 [DBG] Added 54 project references
2023-11-28 16:41:40.096 -06:00 [DBG] Added 1 plugins to the project
2023-11-28 16:41:40.680 -06:00 [INF] Successfully compiled 1/1 plugins for job 8 in 660ms
2023-11-28 16:41:40.680 -06:00 [DBG] Pushing job 8 back to parent
2023-11-28 16:41:40.682 -06:00 [INF] Termination request has been received from compiler stream
2023-11-28 16:41:41.680 -06:00 [INF] Termination request has been received from SIGTERM
