2023-11-04 03:10:17.325 -05:00 [INF] Starting compiler v1.0.22.0. . .
2023-11-04 03:10:17.345 -05:00 [INF] Minimal logging level is set to Debug
2023-11-04 03:10:17.353 -05:00 [INF] Watching parent process ([27921] RustDedicated) for shutdown
2023-11-04 03:10:17.354 -05:00 [DBG] Started message server. . .
2023-11-04 03:10:17.355 -05:00 [INF] Message server has started
2023-11-04 03:10:19.358 -05:00 [INF] Sent ready message to parent process
2023-11-04 03:10:19.358 -05:00 [DBG] Compiler has started successfully and is awaiting jobs. . .
2023-11-04 03:10:19.524 -05:00 [DBG] Received compile job 0 | Plugins: 44, References: 57
2023-11-04 03:10:20.363 -05:00 [INF] Starting compilation of job 0 | Total Plugins: 44
2023-11-04 03:10:20.363 -05:00 [DBG] Settings[Encoding: utf-8, CSVersion: Preview, Target: DynamicallyLinkedLibrary, Platform: AnyCpu, StdLib: False, Debug: False]
2023-11-04 03:10:20.384 -05:00 [DBG] Added 57 project references
2023-11-04 03:10:20.599 -05:00 [DBG] Plugin PlayerAdministration.cs is using unicode escape sequence
2023-11-04 03:10:20.699 -05:00 [DBG] Added 44 plugins to the project
2023-11-04 03:10:22.919 -05:00 [INF] Successfully compiled 44/44 plugins for job 0 in 2556ms
2023-11-04 03:10:22.919 -05:00 [DBG] Pushing job 0 back to parent
2023-11-04 03:10:22.928 -05:00 [INF] Termination request has been received from compiler stream
2023-11-04 03:10:23.922 -05:00 [INF] Termination request has been received from SIGTERM
2023-11-04 11:11:40.012 -05:00 [INF] Starting compiler v1.0.22.0. . .
2023-11-04 11:11:40.035 -05:00 [INF] Minimal logging level is set to Debug
2023-11-04 11:11:40.052 -05:00 [INF] Watching parent process ([27921] RustDedicated) for shutdown
2023-11-04 11:11:40.052 -05:00 [DBG] Started message server. . .
2023-11-04 11:11:40.053 -05:00 [INF] Message server has started
2023-11-04 11:11:42.051 -05:00 [INF] Sent ready message to parent process
2023-11-04 11:11:42.052 -05:00 [DBG] Compiler has started successfully and is awaiting jobs. . .
2023-11-04 11:11:42.181 -05:00 [DBG] Received compile job 1 | Plugins: 1, References: 54
2023-11-04 11:11:43.055 -05:00 [INF] Starting compilation of job 1 | Total Plugins: 1
2023-11-04 11:11:43.055 -05:00 [DBG] Settings[Encoding: utf-8, CSVersion: Preview, Target: DynamicallyLinkedLibrary, Platform: AnyCpu, StdLib: False, Debug: False]
2023-11-04 11:11:43.079 -05:00 [DBG] Added 54 project references
2023-11-04 11:11:43.151 -05:00 [DBG] Added 1 plugins to the project
2023-11-04 11:11:43.976 -05:00 [INF] Successfully compiled 1/1 plugins for job 1 in 921ms
2023-11-04 11:11:43.976 -05:00 [DBG] Pushing job 1 back to parent
2023-11-04 11:11:43.977 -05:00 [INF] Termination request has been received from compiler stream
2023-11-04 11:11:44.979 -05:00 [INF] Termination request has been received from SIGTERM
2023-11-04 11:17:51.918 -05:00 [INF] Starting compiler v1.0.22.0. . .
2023-11-04 11:17:51.941 -05:00 [INF] Minimal logging level is set to Debug
2023-11-04 11:17:51.951 -05:00 [INF] Watching parent process ([27921] RustDedicated) for shutdown
2023-11-04 11:17:51.951 -05:00 [DBG] Started message server. . .
2023-11-04 11:17:51.952 -05:00 [INF] Message server has started
2023-11-04 11:17:53.953 -05:00 [INF] Sent ready message to parent process
2023-11-04 11:17:53.954 -05:00 [DBG] Compiler has started successfully and is awaiting jobs. . .
2023-11-04 11:17:54.062 -05:00 [DBG] Received compile job 2 | Plugins: 1, References: 56
2023-11-04 11:17:54.954 -05:00 [INF] Starting compilation of job 2 | Total Plugins: 1
2023-11-04 11:17:54.954 -05:00 [DBG] Settings[Encoding: utf-8, CSVersion: Preview, Target: DynamicallyLinkedLibrary, Platform: AnyCpu, StdLib: False, Debug: False]
2023-11-04 11:17:54.976 -05:00 [DBG] Added 56 project references
2023-11-04 11:17:55.033 -05:00 [DBG] Added 1 plugins to the project
2023-11-04 11:17:55.700 -05:00 [INF] Successfully compiled 1/1 plugins for job 2 in 746ms
2023-11-04 11:17:55.700 -05:00 [DBG] Pushing job 2 back to parent
2023-11-04 11:17:55.701 -05:00 [INF] Termination request has been received from compiler stream
2023-11-04 11:17:56.703 -05:00 [INF] Termination request has been received from SIGTERM
