2023-11-20 03:10:19.860 -06:00 [INF] Starting compiler v1.0.22.0. . .
2023-11-20 03:10:19.881 -06:00 [INF] Minimal logging level is set to Debug
2023-11-20 03:10:19.890 -06:00 [INF] Watching parent process ([238122] RustDedicated) for shutdown
2023-11-20 03:10:19.890 -06:00 [DBG] Started message server. . .
2023-11-20 03:10:19.891 -06:00 [INF] Message server has started
2023-11-20 03:10:21.892 -06:00 [INF] Sent ready message to parent process
2023-11-20 03:10:21.894 -06:00 [DBG] Compiler has started successfully and is awaiting jobs. . .
2023-11-20 03:10:22.071 -06:00 [DBG] Received compile job 0 | Plugins: 45, References: 57
2023-11-20 03:10:22.899 -06:00 [INF] Starting compilation of job 0 | Total Plugins: 45
2023-11-20 03:10:22.899 -06:00 [DBG] Settings[Encoding: utf-8, CSVersion: Preview, Target: DynamicallyLinkedLibrary, Platform: AnyCpu, StdLib: False, Debug: False]
2023-11-20 03:10:22.926 -06:00 [DBG] Added 57 project references
2023-11-20 03:10:23.146 -06:00 [DBG] Plugin PlayerAdministration.cs is using unicode escape sequence
2023-11-20 03:10:23.260 -06:00 [DBG] Added 45 plugins to the project
2023-11-20 03:10:25.434 -06:00 [INF] Successfully compiled 45/45 plugins for job 0 in 2535ms
2023-11-20 03:10:25.435 -06:00 [DBG] Pushing job 0 back to parent
2023-11-20 03:10:25.444 -06:00 [INF] Termination request has been received from compiler stream
2023-11-20 03:10:26.437 -06:00 [INF] Termination request has been received from SIGTERM
2023-11-20 10:10:59.884 -06:00 [INF] Starting compiler v1.0.22.0. . .
2023-11-20 10:10:59.906 -06:00 [INF] Minimal logging level is set to Debug
2023-11-20 10:10:59.915 -06:00 [INF] Watching parent process ([3130] RustDedicated) for shutdown
2023-11-20 10:10:59.915 -06:00 [DBG] Started message server. . .
2023-11-20 10:10:59.916 -06:00 [INF] Message server has started
2023-11-20 10:11:01.919 -06:00 [INF] Sent ready message to parent process
2023-11-20 10:11:01.920 -06:00 [DBG] Compiler has started successfully and is awaiting jobs. . .
2023-11-20 10:11:02.127 -06:00 [DBG] Received compile job 0 | Plugins: 45, References: 57
2023-11-20 10:11:02.928 -06:00 [INF] Starting compilation of job 0 | Total Plugins: 45
2023-11-20 10:11:02.929 -06:00 [DBG] Settings[Encoding: utf-8, CSVersion: Preview, Target: DynamicallyLinkedLibrary, Platform: AnyCpu, StdLib: False, Debug: False]
2023-11-20 10:11:02.974 -06:00 [DBG] Added 57 project references
2023-11-20 10:11:03.205 -06:00 [DBG] Plugin PlayerAdministration.cs is using unicode escape sequence
2023-11-20 10:11:03.318 -06:00 [DBG] Added 45 plugins to the project
2023-11-20 10:11:05.452 -06:00 [INF] Successfully compiled 45/45 plugins for job 0 in 2525ms
2023-11-20 10:11:05.453 -06:00 [DBG] Pushing job 0 back to parent
2023-11-20 10:11:05.465 -06:00 [INF] Termination request has been received from compiler stream
2023-11-20 10:11:06.453 -06:00 [INF] Termination request has been received from SIGTERM
