2023-12-04 03:02:03.818 -06:00 [INF] Starting compiler v1.0.22.0. . .
2023-12-04 03:02:03.838 -06:00 [INF] Minimal logging level is set to Debug
2023-12-04 03:02:03.847 -06:00 [INF] Watching parent process ([3146] RustDedicated) for shutdown
2023-12-04 03:02:03.847 -06:00 [DBG] Started message server. . .
2023-12-04 03:02:03.847 -06:00 [INF] Message server has started
2023-12-04 03:02:05.846 -06:00 [INF] Sent ready message to parent process
2023-12-04 03:02:05.848 -06:00 [DBG] Compiler has started successfully and is awaiting jobs. . .
2023-12-04 03:02:06.054 -06:00 [DBG] Received compile job 0 | Plugins: 47, References: 57
2023-12-04 03:02:06.856 -06:00 [INF] Starting compilation of job 0 | Total Plugins: 47
2023-12-04 03:02:06.857 -06:00 [DBG] Settings[Encoding: utf-8, CSVersion: Preview, Target: DynamicallyLinkedLibrary, Platform: AnyCpu, StdLib: False, Debug: False]
2023-12-04 03:02:06.906 -06:00 [DBG] Added 57 project references
2023-12-04 03:02:07.153 -06:00 [DBG] Plugin PlayerAdministration.cs is using unicode escape sequence
2023-12-04 03:02:07.265 -06:00 [DBG] Added 47 plugins to the project
2023-12-04 03:02:09.445 -06:00 [INF] Successfully compiled 47/47 plugins for job 0 in 2589ms
2023-12-04 03:02:09.445 -06:00 [DBG] Pushing job 0 back to parent
2023-12-04 03:02:09.461 -06:00 [INF] Termination request has been received from compiler stream
2023-12-04 03:02:10.443 -06:00 [INF] Termination request has been received from SIGTERM
2023-12-04 14:54:43.318 -06:00 [INF] Starting compiler v1.0.22.0. . .
2023-12-04 14:54:43.342 -06:00 [INF] Minimal logging level is set to Debug
2023-12-04 14:54:43.351 -06:00 [INF] Watching parent process ([3146] RustDedicated) for shutdown
2023-12-04 14:54:43.352 -06:00 [DBG] Started message server. . .
2023-12-04 14:54:43.352 -06:00 [INF] Message server has started
2023-12-04 14:54:45.353 -06:00 [INF] Sent ready message to parent process
2023-12-04 14:54:45.353 -06:00 [DBG] Compiler has started successfully and is awaiting jobs. . .
2023-12-04 14:54:45.506 -06:00 [DBG] Received compile job 1 | Plugins: 1, References: 54
2023-12-04 14:54:46.359 -06:00 [INF] Starting compilation of job 1 | Total Plugins: 1
2023-12-04 14:54:46.360 -06:00 [DBG] Settings[Encoding: utf-8, CSVersion: Preview, Target: DynamicallyLinkedLibrary, Platform: AnyCpu, StdLib: False, Debug: False]
2023-12-04 14:54:46.383 -06:00 [DBG] Added 54 project references
2023-12-04 14:54:46.427 -06:00 [DBG] Added 1 plugins to the project
2023-12-04 14:54:46.869 -06:00 [INF] Successfully compiled 1/1 plugins for job 1 in 509ms
2023-12-04 14:54:46.869 -06:00 [DBG] Pushing job 1 back to parent
2023-12-04 14:54:46.872 -06:00 [INF] Termination request has been received from compiler stream
2023-12-04 14:54:47.868 -06:00 [INF] Termination request has been received from SIGTERM
2023-12-04 15:18:05.899 -06:00 [INF] Starting compiler v1.0.22.0. . .
2023-12-04 15:18:05.921 -06:00 [INF] Minimal logging level is set to Debug
2023-12-04 15:18:05.931 -06:00 [INF] Watching parent process ([3146] RustDedicated) for shutdown
2023-12-04 15:18:05.931 -06:00 [DBG] Started message server. . .
2023-12-04 15:18:05.934 -06:00 [INF] Message server has started
2023-12-04 15:18:07.935 -06:00 [INF] Sent ready message to parent process
2023-12-04 15:18:07.940 -06:00 [DBG] Compiler has started successfully and is awaiting jobs. . .
2023-12-04 15:18:08.044 -06:00 [DBG] Received compile job 2 | Plugins: 1, References: 55
2023-12-04 15:18:08.941 -06:00 [INF] Starting compilation of job 2 | Total Plugins: 1
2023-12-04 15:18:08.941 -06:00 [DBG] Settings[Encoding: utf-8, CSVersion: Preview, Target: DynamicallyLinkedLibrary, Platform: AnyCpu, StdLib: False, Debug: False]
2023-12-04 15:18:08.964 -06:00 [DBG] Added 55 project references
2023-12-04 15:18:09.035 -06:00 [DBG] Added 1 plugins to the project
2023-12-04 15:18:10.052 -06:00 [INF] Successfully compiled 1/1 plugins for job 2 in 1111ms
2023-12-04 15:18:10.052 -06:00 [DBG] Pushing job 2 back to parent
2023-12-04 15:18:10.056 -06:00 [INF] Termination request has been received from compiler stream
2023-12-04 15:18:11.052 -06:00 [INF] Termination request has been received from SIGTERM
2023-12-04 15:19:31.964 -06:00 [INF] Starting compiler v1.0.22.0. . .
2023-12-04 15:19:31.986 -06:00 [INF] Minimal logging level is set to Debug
2023-12-04 15:19:31.995 -06:00 [INF] Watching parent process ([3146] RustDedicated) for shutdown
2023-12-04 15:19:31.996 -06:00 [DBG] Started message server. . .
2023-12-04 15:19:31.996 -06:00 [INF] Message server has started
2023-12-04 15:19:33.995 -06:00 [INF] Sent ready message to parent process
2023-12-04 15:19:33.995 -06:00 [DBG] Compiler has started successfully and is awaiting jobs. . .
2023-12-04 15:19:34.099 -06:00 [DBG] Received compile job 3 | Plugins: 45, References: 57
2023-12-04 15:19:35.000 -06:00 [INF] Starting compilation of job 3 | Total Plugins: 45
2023-12-04 15:19:35.000 -06:00 [DBG] Settings[Encoding: utf-8, CSVersion: Preview, Target: DynamicallyLinkedLibrary, Platform: AnyCpu, StdLib: False, Debug: False]
2023-12-04 15:19:35.026 -06:00 [DBG] Added 57 project references
2023-12-04 15:19:35.284 -06:00 [DBG] Plugin PlayerAdministration.cs is using unicode escape sequence
2023-12-04 15:19:35.383 -06:00 [DBG] Added 45 plugins to the project
2023-12-04 15:19:37.769 -06:00 [INF] Successfully compiled 45/45 plugins for job 3 in 2769ms
2023-12-04 15:19:37.769 -06:00 [DBG] Pushing job 3 back to parent
2023-12-04 15:19:37.772 -06:00 [INF] Termination request has been received from compiler stream
2023-12-04 15:19:38.768 -06:00 [INF] Termination request has been received from SIGTERM
2023-12-04 15:22:15.071 -06:00 [INF] Starting compiler v1.0.22.0. . .
2023-12-04 15:22:15.093 -06:00 [INF] Minimal logging level is set to Debug
2023-12-04 15:22:15.103 -06:00 [INF] Watching parent process ([3146] RustDedicated) for shutdown
2023-12-04 15:22:15.103 -06:00 [DBG] Started message server. . .
2023-12-04 15:22:15.104 -06:00 [INF] Message server has started
2023-12-04 15:22:17.103 -06:00 [INF] Sent ready message to parent process
2023-12-04 15:22:17.105 -06:00 [DBG] Compiler has started successfully and is awaiting jobs. . .
2023-12-04 15:22:17.217 -06:00 [DBG] Received compile job 4 | Plugins: 44, References: 57
2023-12-04 15:22:18.107 -06:00 [INF] Starting compilation of job 4 | Total Plugins: 44
2023-12-04 15:22:18.107 -06:00 [DBG] Settings[Encoding: utf-8, CSVersion: Preview, Target: DynamicallyLinkedLibrary, Platform: AnyCpu, StdLib: False, Debug: False]
2023-12-04 15:22:18.130 -06:00 [DBG] Added 57 project references
2023-12-04 15:22:18.405 -06:00 [DBG] Plugin PlayerAdministration.cs is using unicode escape sequence
2023-12-04 15:22:18.470 -06:00 [DBG] Added 44 plugins to the project
2023-12-04 15:22:20.846 -06:00 [INF] Successfully compiled 44/44 plugins for job 4 in 2739ms
2023-12-04 15:22:20.846 -06:00 [DBG] Pushing job 4 back to parent
2023-12-04 15:22:20.849 -06:00 [INF] Termination request has been received from compiler stream
2023-12-04 15:22:21.848 -06:00 [INF] Termination request has been received from SIGTERM
2023-12-04 15:24:33.721 -06:00 [INF] Starting compiler v1.0.22.0. . .
2023-12-04 15:24:33.744 -06:00 [INF] Minimal logging level is set to Debug
2023-12-04 15:24:33.753 -06:00 [INF] Watching parent process ([3146] RustDedicated) for shutdown
2023-12-04 15:24:33.753 -06:00 [DBG] Started message server. . .
2023-12-04 15:24:33.754 -06:00 [INF] Message server has started
2023-12-04 15:24:35.755 -06:00 [INF] Sent ready message to parent process
2023-12-04 15:24:35.756 -06:00 [DBG] Compiler has started successfully and is awaiting jobs. . .
2023-12-04 15:24:35.867 -06:00 [DBG] Received compile job 5 | Plugins: 44, References: 57
2023-12-04 15:24:36.760 -06:00 [INF] Starting compilation of job 5 | Total Plugins: 44
2023-12-04 15:24:36.760 -06:00 [DBG] Settings[Encoding: utf-8, CSVersion: Preview, Target: DynamicallyLinkedLibrary, Platform: AnyCpu, StdLib: False, Debug: False]
2023-12-04 15:24:36.786 -06:00 [DBG] Added 57 project references
2023-12-04 15:24:37.044 -06:00 [DBG] Plugin PlayerAdministration.cs is using unicode escape sequence
2023-12-04 15:24:37.143 -06:00 [DBG] Added 44 plugins to the project
2023-12-04 15:24:39.451 -06:00 [INF] Successfully compiled 44/44 plugins for job 5 in 2691ms
2023-12-04 15:24:39.451 -06:00 [DBG] Pushing job 5 back to parent
2023-12-04 15:24:39.454 -06:00 [INF] Termination request has been received from compiler stream
2023-12-04 15:24:40.452 -06:00 [INF] Termination request has been received from SIGTERM
2023-12-04 15:29:27.110 -06:00 [INF] Starting compiler v1.0.22.0. . .
2023-12-04 15:29:27.132 -06:00 [INF] Minimal logging level is set to Debug
2023-12-04 15:29:27.141 -06:00 [INF] Watching parent process ([3146] RustDedicated) for shutdown
2023-12-04 15:29:27.142 -06:00 [DBG] Started message server. . .
2023-12-04 15:29:27.142 -06:00 [INF] Message server has started
2023-12-04 15:29:29.144 -06:00 [INF] Sent ready message to parent process
2023-12-04 15:29:29.144 -06:00 [DBG] Compiler has started successfully and is awaiting jobs. . .
2023-12-04 15:29:29.245 -06:00 [DBG] Received compile job 6 | Plugins: 1, References: 54
2023-12-04 15:29:30.144 -06:00 [INF] Starting compilation of job 6 | Total Plugins: 1
2023-12-04 15:29:30.144 -06:00 [DBG] Settings[Encoding: utf-8, CSVersion: Preview, Target: DynamicallyLinkedLibrary, Platform: AnyCpu, StdLib: False, Debug: False]
2023-12-04 15:29:30.167 -06:00 [DBG] Added 54 project references
2023-12-04 15:29:30.210 -06:00 [DBG] Added 1 plugins to the project
2023-12-04 15:29:30.670 -06:00 [INF] Successfully compiled 1/1 plugins for job 6 in 526ms
2023-12-04 15:29:30.670 -06:00 [DBG] Pushing job 6 back to parent
2023-12-04 15:29:30.671 -06:00 [INF] Termination request has been received from compiler stream
2023-12-04 15:29:31.674 -06:00 [INF] Termination request has been received from SIGTERM
2023-12-04 16:37:15.568 -06:00 [INF] Starting compiler v1.0.22.0. . .
2023-12-04 16:37:15.589 -06:00 [INF] Minimal logging level is set to Debug
2023-12-04 16:37:15.598 -06:00 [INF] Watching parent process ([3146] RustDedicated) for shutdown
2023-12-04 16:37:15.598 -06:00 [DBG] Started message server. . .
2023-12-04 16:37:15.599 -06:00 [INF] Message server has started
2023-12-04 16:37:17.600 -06:00 [INF] Sent ready message to parent process
2023-12-04 16:37:17.601 -06:00 [DBG] Compiler has started successfully and is awaiting jobs. . .
2023-12-04 16:37:17.702 -06:00 [DBG] Received compile job 7 | Plugins: 1, References: 54
2023-12-04 16:37:18.601 -06:00 [INF] Starting compilation of job 7 | Total Plugins: 1
2023-12-04 16:37:18.602 -06:00 [DBG] Settings[Encoding: utf-8, CSVersion: Preview, Target: DynamicallyLinkedLibrary, Platform: AnyCpu, StdLib: False, Debug: False]
2023-12-04 16:37:18.627 -06:00 [DBG] Added 54 project references
2023-12-04 16:37:18.688 -06:00 [DBG] Added 1 plugins to the project
2023-12-04 16:37:19.386 -06:00 [INF] Successfully compiled 1/1 plugins for job 7 in 784ms
2023-12-04 16:37:19.386 -06:00 [DBG] Pushing job 7 back to parent
2023-12-04 16:37:19.387 -06:00 [INF] Termination request has been received from compiler stream
2023-12-04 16:37:20.389 -06:00 [INF] Termination request has been received from SIGTERM
