2023-11-29 03:10:53.926 -06:00 [INF] Starting compiler v1.0.22.0. . .
2023-11-29 03:10:53.948 -06:00 [INF] Minimal logging level is set to Debug
2023-11-29 03:10:53.956 -06:00 [INF] Watching parent process ([3156] RustDedicated) for shutdown
2023-11-29 03:10:53.957 -06:00 [DBG] Started message server. . .
2023-11-29 03:10:53.957 -06:00 [INF] Message server has started
2023-11-29 03:10:55.958 -06:00 [INF] Sent ready message to parent process
2023-11-29 03:10:55.960 -06:00 [DBG] Compiler has started successfully and is awaiting jobs. . .
2023-11-29 03:10:56.160 -06:00 [DBG] Received compile job 0 | Plugins: 46, References: 57
2023-11-29 03:10:56.967 -06:00 [INF] Starting compilation of job 0 | Total Plugins: 46
2023-11-29 03:10:56.968 -06:00 [DBG] Settings[Encoding: utf-8, CSVersion: Preview, Target: DynamicallyLinkedLibrary, Platform: AnyCpu, StdLib: False, Debug: False]
2023-11-29 03:10:57.030 -06:00 [DBG] Added 57 project references
2023-11-29 03:10:57.244 -06:00 [DBG] Plugin PlayerAdministration.cs is using unicode escape sequence
2023-11-29 03:10:57.355 -06:00 [DBG] Added 46 plugins to the project
2023-11-29 03:10:59.364 -06:00 [INF] Successfully compiled 46/46 plugins for job 0 in 2396ms
2023-11-29 03:10:59.364 -06:00 [DBG] Pushing job 0 back to parent
2023-11-29 03:10:59.375 -06:00 [INF] Termination request has been received from compiler stream
2023-11-29 03:11:00.366 -06:00 [INF] Termination request has been received from SIGTERM
2023-11-29 08:30:52.380 -06:00 [INF] Starting compiler v1.0.22.0. . .
2023-11-29 08:30:52.404 -06:00 [INF] Minimal logging level is set to Debug
2023-11-29 08:30:52.421 -06:00 [INF] Watching parent process ([3156] RustDedicated) for shutdown
2023-11-29 08:30:52.422 -06:00 [DBG] Started message server. . .
2023-11-29 08:30:52.422 -06:00 [INF] Message server has started
2023-11-29 08:30:54.423 -06:00 [INF] Sent ready message to parent process
2023-11-29 08:30:54.424 -06:00 [DBG] Compiler has started successfully and is awaiting jobs. . .
2023-11-29 08:30:54.543 -06:00 [DBG] Received compile job 1 | Plugins: 1, References: 54
2023-11-29 08:30:55.425 -06:00 [INF] Starting compilation of job 1 | Total Plugins: 1
2023-11-29 08:30:55.426 -06:00 [DBG] Settings[Encoding: utf-8, CSVersion: Preview, Target: DynamicallyLinkedLibrary, Platform: AnyCpu, StdLib: False, Debug: False]
2023-11-29 08:30:55.448 -06:00 [DBG] Added 54 project references
2023-11-29 08:30:55.497 -06:00 [DBG] Added 1 plugins to the project
2023-11-29 08:30:55.944 -06:00 [INF] Successfully compiled 1/1 plugins for job 1 in 518ms
2023-11-29 08:30:55.944 -06:00 [DBG] Pushing job 1 back to parent
2023-11-29 08:30:55.945 -06:00 [INF] Termination request has been received from compiler stream
2023-11-29 08:30:56.943 -06:00 [INF] Termination request has been received from SIGTERM
2023-11-29 11:21:37.684 -06:00 [INF] Starting compiler v1.0.22.0. . .
2023-11-29 11:21:37.705 -06:00 [INF] Minimal logging level is set to Debug
2023-11-29 11:21:37.715 -06:00 [INF] Watching parent process ([3156] RustDedicated) for shutdown
2023-11-29 11:21:37.715 -06:00 [DBG] Started message server. . .
2023-11-29 11:21:37.716 -06:00 [INF] Message server has started
2023-11-29 11:21:39.715 -06:00 [INF] Sent ready message to parent process
2023-11-29 11:21:39.715 -06:00 [DBG] Compiler has started successfully and is awaiting jobs. . .
2023-11-29 11:21:39.833 -06:00 [DBG] Received compile job 2 | Plugins: 1, References: 54
2023-11-29 11:21:40.717 -06:00 [INF] Starting compilation of job 2 | Total Plugins: 1
2023-11-29 11:21:40.717 -06:00 [DBG] Settings[Encoding: utf-8, CSVersion: Preview, Target: DynamicallyLinkedLibrary, Platform: AnyCpu, StdLib: False, Debug: False]
2023-11-29 11:21:40.740 -06:00 [DBG] Added 54 project references
2023-11-29 11:21:40.825 -06:00 [DBG] Added 1 plugins to the project
2023-11-29 11:21:41.843 -06:00 [INF] Successfully compiled 1/1 plugins for job 2 in 1125ms
2023-11-29 11:21:41.843 -06:00 [DBG] Pushing job 2 back to parent
2023-11-29 11:21:41.844 -06:00 [INF] Termination request has been received from compiler stream
2023-11-29 11:21:42.842 -06:00 [INF] Termination request has been received from SIGTERM
2023-11-29 14:17:28.097 -06:00 [INF] Starting compiler v1.0.22.0. . .
2023-11-29 14:17:28.119 -06:00 [INF] Minimal logging level is set to Debug
2023-11-29 14:17:28.128 -06:00 [INF] Watching parent process ([3156] RustDedicated) for shutdown
2023-11-29 14:17:28.129 -06:00 [DBG] Started message server. . .
2023-11-29 14:17:28.129 -06:00 [INF] Message server has started
2023-11-29 14:17:30.130 -06:00 [INF] Sent ready message to parent process
2023-11-29 14:17:30.131 -06:00 [DBG] Compiler has started successfully and is awaiting jobs. . .
2023-11-29 14:17:30.247 -06:00 [DBG] Received compile job 3 | Plugins: 1, References: 54
2023-11-29 14:17:31.131 -06:00 [INF] Starting compilation of job 3 | Total Plugins: 1
2023-11-29 14:17:31.132 -06:00 [DBG] Settings[Encoding: utf-8, CSVersion: Preview, Target: DynamicallyLinkedLibrary, Platform: AnyCpu, StdLib: False, Debug: False]
2023-11-29 14:17:31.154 -06:00 [DBG] Added 54 project references
2023-11-29 14:17:31.211 -06:00 [DBG] Added 1 plugins to the project
2023-11-29 14:17:31.808 -06:00 [INF] Successfully compiled 1/1 plugins for job 3 in 676ms
2023-11-29 14:17:31.808 -06:00 [DBG] Pushing job 3 back to parent
2023-11-29 14:17:31.809 -06:00 [INF] Termination request has been received from compiler stream
2023-11-29 14:17:32.807 -06:00 [INF] Termination request has been received from SIGTERM
2023-11-29 14:53:10.568 -06:00 [INF] Starting compiler v1.0.22.0. . .
2023-11-29 14:53:10.590 -06:00 [INF] Minimal logging level is set to Debug
2023-11-29 14:53:10.599 -06:00 [INF] Watching parent process ([3156] RustDedicated) for shutdown
2023-11-29 14:53:10.600 -06:00 [DBG] Started message server. . .
2023-11-29 14:53:10.601 -06:00 [INF] Message server has started
2023-11-29 14:53:12.602 -06:00 [INF] Sent ready message to parent process
2023-11-29 14:53:12.603 -06:00 [DBG] Compiler has started successfully and is awaiting jobs. . .
2023-11-29 14:53:12.703 -06:00 [DBG] Received compile job 4 | Plugins: 1, References: 54
2023-11-29 14:53:13.607 -06:00 [INF] Starting compilation of job 4 | Total Plugins: 1
2023-11-29 14:53:13.607 -06:00 [DBG] Settings[Encoding: utf-8, CSVersion: Preview, Target: DynamicallyLinkedLibrary, Platform: AnyCpu, StdLib: False, Debug: False]
2023-11-29 14:53:13.629 -06:00 [DBG] Added 54 project references
2023-11-29 14:53:13.701 -06:00 [DBG] Added 1 plugins to the project
2023-11-29 14:53:14.521 -06:00 [INF] Successfully compiled 1/1 plugins for job 4 in 914ms
2023-11-29 14:53:14.521 -06:00 [DBG] Pushing job 4 back to parent
2023-11-29 14:53:14.523 -06:00 [INF] Termination request has been received from compiler stream
2023-11-29 14:53:15.523 -06:00 [INF] Termination request has been received from SIGTERM
2023-11-29 14:53:25.324 -06:00 [INF] Starting compiler v1.0.22.0. . .
2023-11-29 14:53:25.347 -06:00 [INF] Minimal logging level is set to Debug
2023-11-29 14:53:25.356 -06:00 [INF] Watching parent process ([3156] RustDedicated) for shutdown
2023-11-29 14:53:25.356 -06:00 [DBG] Started message server. . .
2023-11-29 14:53:25.356 -06:00 [INF] Message server has started
2023-11-29 14:53:27.355 -06:00 [INF] Sent ready message to parent process
2023-11-29 14:53:27.355 -06:00 [DBG] Compiler has started successfully and is awaiting jobs. . .
2023-11-29 14:53:27.454 -06:00 [DBG] Received compile job 5 | Plugins: 1, References: 56
2023-11-29 14:53:28.356 -06:00 [INF] Starting compilation of job 5 | Total Plugins: 1
2023-11-29 14:53:28.356 -06:00 [DBG] Settings[Encoding: utf-8, CSVersion: Preview, Target: DynamicallyLinkedLibrary, Platform: AnyCpu, StdLib: False, Debug: False]
2023-11-29 14:53:28.378 -06:00 [DBG] Added 56 project references
2023-11-29 14:53:28.436 -06:00 [DBG] Added 1 plugins to the project
2023-11-29 14:53:29.080 -06:00 [INF] Successfully compiled 1/1 plugins for job 5 in 724ms
2023-11-29 14:53:29.080 -06:00 [DBG] Pushing job 5 back to parent
2023-11-29 14:53:29.081 -06:00 [INF] Termination request has been received from compiler stream
2023-11-29 14:53:30.081 -06:00 [INF] Termination request has been received from SIGTERM
2023-11-29 15:37:32.585 -06:00 [INF] Starting compiler v1.0.22.0. . .
2023-11-29 15:37:32.607 -06:00 [INF] Minimal logging level is set to Debug
2023-11-29 15:37:32.623 -06:00 [INF] Watching parent process ([3156] RustDedicated) for shutdown
2023-11-29 15:37:32.624 -06:00 [DBG] Started message server. . .
2023-11-29 15:37:32.624 -06:00 [INF] Message server has started
2023-11-29 15:37:34.623 -06:00 [INF] Sent ready message to parent process
2023-11-29 15:37:34.624 -06:00 [DBG] Compiler has started successfully and is awaiting jobs. . .
2023-11-29 15:37:34.725 -06:00 [DBG] Received compile job 6 | Plugins: 1, References: 54
2023-11-29 15:37:35.624 -06:00 [INF] Starting compilation of job 6 | Total Plugins: 1
2023-11-29 15:37:35.625 -06:00 [DBG] Settings[Encoding: utf-8, CSVersion: Preview, Target: DynamicallyLinkedLibrary, Platform: AnyCpu, StdLib: False, Debug: False]
2023-11-29 15:37:35.647 -06:00 [DBG] Added 54 project references
2023-11-29 15:37:35.699 -06:00 [DBG] Added 1 plugins to the project
2023-11-29 15:37:36.291 -06:00 [INF] Successfully compiled 1/1 plugins for job 6 in 667ms
2023-11-29 15:37:36.291 -06:00 [DBG] Pushing job 6 back to parent
2023-11-29 15:37:36.293 -06:00 [INF] Termination request has been received from compiler stream
2023-11-29 15:37:37.290 -06:00 [INF] Termination request has been received from SIGTERM
2023-11-29 16:06:05.106 -06:00 [INF] Starting compiler v1.0.22.0. . .
2023-11-29 16:06:05.128 -06:00 [INF] Minimal logging level is set to Debug
2023-11-29 16:06:05.137 -06:00 [INF] Watching parent process ([3156] RustDedicated) for shutdown
2023-11-29 16:06:05.138 -06:00 [DBG] Started message server. . .
2023-11-29 16:06:05.138 -06:00 [INF] Message server has started
2023-11-29 16:06:07.138 -06:00 [INF] Sent ready message to parent process
2023-11-29 16:06:07.139 -06:00 [DBG] Compiler has started successfully and is awaiting jobs. . .
2023-11-29 16:06:07.240 -06:00 [DBG] Received compile job 7 | Plugins: 1, References: 54
2023-11-29 16:06:08.139 -06:00 [INF] Starting compilation of job 7 | Total Plugins: 1
2023-11-29 16:06:08.140 -06:00 [DBG] Settings[Encoding: utf-8, CSVersion: Preview, Target: DynamicallyLinkedLibrary, Platform: AnyCpu, StdLib: False, Debug: False]
2023-11-29 16:06:08.162 -06:00 [DBG] Added 54 project references
2023-11-29 16:06:08.202 -06:00 [DBG] Added 1 plugins to the project
2023-11-29 16:06:08.659 -06:00 [INF] Successfully compiled 1/1 plugins for job 7 in 519ms
2023-11-29 16:06:08.659 -06:00 [DBG] Pushing job 7 back to parent
2023-11-29 16:06:08.660 -06:00 [INF] Termination request has been received from compiler stream
2023-11-29 16:06:09.662 -06:00 [INF] Termination request has been received from SIGTERM
2023-11-29 17:39:26.787 -06:00 [INF] Starting compiler v1.0.22.0. . .
2023-11-29 17:39:26.808 -06:00 [INF] Minimal logging level is set to Debug
2023-11-29 17:39:26.825 -06:00 [INF] Watching parent process ([3156] RustDedicated) for shutdown
2023-11-29 17:39:26.826 -06:00 [DBG] Started message server. . .
2023-11-29 17:39:26.827 -06:00 [INF] Message server has started
2023-11-29 17:39:28.827 -06:00 [INF] Sent ready message to parent process
2023-11-29 17:39:28.828 -06:00 [DBG] Compiler has started successfully and is awaiting jobs. . .
2023-11-29 17:39:29.142 -06:00 [DBG] Received compile job 8 | Plugins: 40, References: 55
2023-11-29 17:39:29.828 -06:00 [INF] Starting compilation of job 8 | Total Plugins: 40
2023-11-29 17:39:29.828 -06:00 [DBG] Settings[Encoding: utf-8, CSVersion: Preview, Target: DynamicallyLinkedLibrary, Platform: AnyCpu, StdLib: False, Debug: False]
2023-11-29 17:39:29.859 -06:00 [DBG] Added 55 project references
2023-11-29 17:39:30.041 -06:00 [DBG] Plugin PlayerAdministration.cs is using unicode escape sequence
2023-11-29 17:39:30.122 -06:00 [DBG] Added 40 plugins to the project
2023-11-29 17:39:32.296 -06:00 [INF] Successfully compiled 40/40 plugins for job 8 in 2468ms
2023-11-29 17:39:32.297 -06:00 [DBG] Pushing job 8 back to parent
2023-11-29 17:39:32.299 -06:00 [INF] Termination request has been received from compiler stream
2023-11-29 17:39:33.296 -06:00 [INF] Termination request has been received from SIGTERM
