2023-12-06 03:01:30.157 -06:00 [INF] Starting compiler v1.0.22.0. . .
2023-12-06 03:01:30.178 -06:00 [INF] Minimal logging level is set to Debug
2023-12-06 03:01:30.187 -06:00 [INF] Watching parent process ([3144] RustDedicated) for shutdown
2023-12-06 03:01:30.188 -06:00 [DBG] Started message server. . .
2023-12-06 03:01:30.188 -06:00 [INF] Message server has started
2023-12-06 03:01:32.187 -06:00 [INF] Sent ready message to parent process
2023-12-06 03:01:32.188 -06:00 [DBG] Compiler has started successfully and is awaiting jobs. . .
2023-12-06 03:01:32.395 -06:00 [DBG] Received compile job 0 | Plugins: 47, References: 57
2023-12-06 03:01:33.192 -06:00 [INF] Starting compilation of job 0 | Total Plugins: 47
2023-12-06 03:01:33.192 -06:00 [DBG] Settings[Encoding: utf-8, CSVersion: Preview, Target: DynamicallyLinkedLibrary, Platform: AnyCpu, StdLib: False, Debug: False]
2023-12-06 03:01:33.216 -06:00 [DBG] Added 57 project references
2023-12-06 03:01:33.452 -06:00 [DBG] Plugin PlayerAdministration.cs is using unicode escape sequence
2023-12-06 03:01:33.562 -06:00 [DBG] Added 47 plugins to the project
2023-12-06 03:01:35.948 -06:00 [INF] Successfully compiled 47/47 plugins for job 0 in 2756ms
2023-12-06 03:01:35.948 -06:00 [DBG] Pushing job 0 back to parent
2023-12-06 03:01:35.965 -06:00 [INF] Termination request has been received from compiler stream
2023-12-06 03:01:36.947 -06:00 [INF] Termination request has been received from SIGTERM
2023-12-06 09:03:36.159 -06:00 [INF] Starting compiler v1.0.22.0. . .
2023-12-06 09:03:36.181 -06:00 [INF] Minimal logging level is set to Debug
2023-12-06 09:03:36.193 -06:00 [INF] Watching parent process ([24197] RustDedicated) for shutdown
2023-12-06 09:03:36.194 -06:00 [DBG] Started message server. . .
2023-12-06 09:03:36.194 -06:00 [INF] Message server has started
2023-12-06 09:03:38.197 -06:00 [INF] Sent ready message to parent process
2023-12-06 09:03:38.198 -06:00 [DBG] Compiler has started successfully and is awaiting jobs. . .
2023-12-06 09:03:38.370 -06:00 [DBG] Received compile job 0 | Plugins: 47, References: 57
2023-12-06 09:03:39.201 -06:00 [INF] Starting compilation of job 0 | Total Plugins: 47
2023-12-06 09:03:39.201 -06:00 [DBG] Settings[Encoding: utf-8, CSVersion: Preview, Target: DynamicallyLinkedLibrary, Platform: AnyCpu, StdLib: False, Debug: False]
2023-12-06 09:03:39.225 -06:00 [DBG] Added 57 project references
2023-12-06 09:03:39.459 -06:00 [DBG] Plugin PlayerAdministration.cs is using unicode escape sequence
2023-12-06 09:03:39.571 -06:00 [DBG] Added 47 plugins to the project
2023-12-06 09:03:42.003 -06:00 [INF] Successfully compiled 47/47 plugins for job 0 in 2801ms
2023-12-06 09:03:42.003 -06:00 [DBG] Pushing job 0 back to parent
2023-12-06 09:03:42.013 -06:00 [INF] Termination request has been received from compiler stream
2023-12-06 09:03:43.003 -06:00 [INF] Termination request has been received from SIGTERM
2023-12-06 12:06:55.621 -06:00 [INF] Starting compiler v1.0.22.0. . .
2023-12-06 12:06:55.645 -06:00 [INF] Minimal logging level is set to Debug
2023-12-06 12:06:55.654 -06:00 [INF] Watching parent process ([3146] RustDedicated) for shutdown
2023-12-06 12:06:55.654 -06:00 [DBG] Started message server. . .
2023-12-06 12:06:55.655 -06:00 [INF] Message server has started
2023-12-06 12:06:57.657 -06:00 [INF] Sent ready message to parent process
2023-12-06 12:06:57.659 -06:00 [DBG] Compiler has started successfully and is awaiting jobs. . .
2023-12-06 12:06:57.863 -06:00 [DBG] Received compile job 0 | Plugins: 47, References: 57
2023-12-06 12:06:58.666 -06:00 [INF] Starting compilation of job 0 | Total Plugins: 47
2023-12-06 12:06:58.666 -06:00 [DBG] Settings[Encoding: utf-8, CSVersion: Preview, Target: DynamicallyLinkedLibrary, Platform: AnyCpu, StdLib: False, Debug: False]
2023-12-06 12:06:58.688 -06:00 [DBG] Added 57 project references
2023-12-06 12:06:58.937 -06:00 [DBG] Plugin PlayerAdministration.cs is using unicode escape sequence
2023-12-06 12:06:59.016 -06:00 [DBG] Added 47 plugins to the project
2023-12-06 12:07:01.280 -06:00 [INF] Successfully compiled 47/47 plugins for job 0 in 2614ms
2023-12-06 12:07:01.281 -06:00 [DBG] Pushing job 0 back to parent
2023-12-06 12:07:01.291 -06:00 [INF] Termination request has been received from compiler stream
2023-12-06 12:07:02.282 -06:00 [INF] Termination request has been received from SIGTERM
2023-12-06 12:32:58.664 -06:00 [INF] Starting compiler v1.0.22.0. . .
2023-12-06 12:32:58.685 -06:00 [INF] Minimal logging level is set to Debug
2023-12-06 12:32:58.694 -06:00 [INF] Watching parent process ([11107] RustDedicated) for shutdown
2023-12-06 12:32:58.694 -06:00 [DBG] Started message server. . .
2023-12-06 12:32:58.695 -06:00 [INF] Message server has started
2023-12-06 12:33:00.695 -06:00 [INF] Sent ready message to parent process
2023-12-06 12:33:00.696 -06:00 [DBG] Compiler has started successfully and is awaiting jobs. . .
2023-12-06 12:33:00.867 -06:00 [DBG] Received compile job 0 | Plugins: 47, References: 57
2023-12-06 12:33:01.704 -06:00 [INF] Starting compilation of job 0 | Total Plugins: 47
2023-12-06 12:33:01.705 -06:00 [DBG] Settings[Encoding: utf-8, CSVersion: Preview, Target: DynamicallyLinkedLibrary, Platform: AnyCpu, StdLib: False, Debug: False]
2023-12-06 12:33:01.729 -06:00 [DBG] Added 57 project references
2023-12-06 12:33:01.962 -06:00 [DBG] Plugin PlayerAdministration.cs is using unicode escape sequence
2023-12-06 12:33:02.070 -06:00 [DBG] Added 47 plugins to the project
2023-12-06 12:33:04.515 -06:00 [INF] Successfully compiled 47/47 plugins for job 0 in 2811ms
2023-12-06 12:33:04.515 -06:00 [DBG] Pushing job 0 back to parent
2023-12-06 12:33:04.525 -06:00 [INF] Termination request has been received from compiler stream
2023-12-06 12:33:05.519 -06:00 [INF] Termination request has been received from SIGTERM
